2026-06-16T00:03:14.935-04:00  INFO 18644 --- [boleta_ms] [AsyncResolver-bootstrap-executor-%d] c.n.d.s.r.aws.ConfigClusterResolver      : Resolving eureka endpoints via configuration
2026-06-16T00:04:07.867-04:00  INFO 5556 --- [boleta_ms] [restartedMain] c.example.boleta_ms.BoletaMsApplication  : Starting BoletaMsApplication using Java 21.0.10 with PID 5556 (C:\Users\Moonlabpc\Documents\GitHub\Perfulandia_Final\boleta_ms\target\classes started by Moonlabpc in C:\Users\Moonlabpc\Documents\GitHub\Perfulandia_Final)
2026-06-16T00:04:07.894-04:00 DEBUG 5556 --- [boleta_ms] [restartedMain] c.example.boleta_ms.BoletaMsApplication  : Running with Spring Boot v4.0.6, Spring v7.0.7
2026-06-16T00:04:07.900-04:00  INFO 5556 --- [boleta_ms] [restartedMain] c.example.boleta_ms.BoletaMsApplication  : No active profile set, falling back to 1 default profile: "default"
2026-06-16T00:04:07.997-04:00  INFO 5556 --- [boleta_ms] [restartedMain] .e.DevToolsPropertyDefaultsPostProcessor : Devtools property defaults active! Set 'spring.devtools.add-properties' to 'false' to disable
2026-06-16T00:04:08.008-04:00  INFO 5556 --- [boleta_ms] [restartedMain] .e.DevToolsPropertyDefaultsPostProcessor : For additional web related logging consider setting the 'logging.level.web' property to 'DEBUG'
2026-06-16T00:04:09.024-04:00  INFO 5556 --- [boleta_ms] [restartedMain] .s.d.r.c.RepositoryConfigurationDelegate : Bootstrapping Spring Data JPA repositories in DEFAULT mode.
2026-06-16T00:04:09.173-04:00  INFO 5556 --- [boleta_ms] [restartedMain] .s.d.r.c.RepositoryConfigurationDelegate : Finished Spring Data repository scanning in 140 ms. Found 1 JPA repository interface.
2026-06-16T00:04:09.510-04:00  INFO 5556 --- [boleta_ms] [restartedMain] o.s.cloud.context.scope.GenericScope     : BeanFactory id=1ec1e99e-6baa-3089-8cae-eeccd9dfeaca
2026-06-16T00:04:10.187-04:00  INFO 5556 --- [boleta_ms] [restartedMain] o.s.boot.tomcat.TomcatWebServer          : Tomcat initialized with port 8090 (http)
2026-06-16T00:04:10.204-04:00  INFO 5556 --- [boleta_ms] [restartedMain] o.apache.catalina.core.StandardService   : Starting service [Tomcat]
2026-06-16T00:04:10.205-04:00  INFO 5556 --- [boleta_ms] [restartedMain] o.apache.catalina.core.StandardEngine    : Starting Servlet engine: [Apache Tomcat/11.0.21]
2026-06-16T00:04:10.278-04:00  INFO 5556 --- [boleta_ms] [restartedMain] b.w.c.s.WebApplicationContextInitializer : Root WebApplicationContext: initialization completed in 2269 ms
2026-06-16T00:04:10.523-04:00  INFO 5556 --- [boleta_ms] [restartedMain] org.hibernate.orm.jpa                    : HHH008540: Processing PersistenceUnitInfo [name: default]
2026-06-16T00:04:10.593-04:00  INFO 5556 --- [boleta_ms] [restartedMain] org.hibernate.orm.core                   : HHH000001: Hibernate ORM core version 7.2.12.Final
2026-06-16T00:04:11.156-04:00  INFO 5556 --- [boleta_ms] [restartedMain] o.s.o.j.p.SpringPersistenceUnitInfo      : No LoadTimeWeaver setup: ignoring JPA class transformer
2026-06-16T00:04:11.193-04:00  INFO 5556 --- [boleta_ms] [restartedMain] com.zaxxer.hikari.HikariDataSource       : HikariPool-1 - Starting...
2026-06-16T00:04:11.354-04:00  INFO 5556 --- [boleta_ms] [restartedMain] com.zaxxer.hikari.pool.HikariPool        : HikariPool-1 - Added connection com.mysql.cj.jdbc.ConnectionImpl@52007b0
2026-06-16T00:04:11.356-04:00  INFO 5556 --- [boleta_ms] [restartedMain] com.zaxxer.hikari.HikariDataSource       : HikariPool-1 - Start completed.
2026-06-16T00:04:11.401-04:00  WARN 5556 --- [boleta_ms] [restartedMain] org.hibernate.orm.core                   : HHH000511: The 5.5.5 version for [org.hibernate.dialect.MySQLDialect] is no longer supported, hence certain features may not work properly.The minimum supported version is 8.0.0. Check the community dialects project for available legacy versions.
2026-06-16T00:04:11.407-04:00  WARN 5556 --- [boleta_ms] [restartedMain] org.hibernate.orm.deprecation            : HHH90000025: MySQLDialect does not need to be specified explicitly using 'hibernate.dialect' (remove the property setting and it will be selected by default)
2026-06-16T00:04:11.433-04:00  INFO 5556 --- [boleta_ms] [restartedMain] org.hibernate.orm.connections.pooling    : HHH10001005: Database info:
	Database JDBC URL [jdbc:mysql://localhost:3306/perfulandia_db?useSSL=false&serverTimezone=UTC]
	Database driver: MySQL Connector/J
	Database dialect: MySQLDialect
	Database version: 5.5.5
	Default catalog/schema: perfulandia_db/undefined
	Autocommit mode: undefined/unknown
	Isolation level: REPEATABLE_READ [default REPEATABLE_READ]
	JDBC fetch size: none
	Pool: DataSourceConnectionProvider
	Minimum pool size: undefined/unknown
	Maximum pool size: undefined/unknown
2026-06-16T00:04:12.766-04:00  INFO 5556 --- [boleta_ms] [restartedMain] org.hibernate.orm.core                   : HHH000489: No JTA platform available (set 'hibernate.transaction.jta.platform' to enable JTA platform integration)
2026-06-16T00:04:12.872-04:00  INFO 5556 --- [boleta_ms] [restartedMain] j.LocalContainerEntityManagerFactoryBean : Initialized JPA EntityManagerFactory for persistence unit 'default'
2026-06-16T00:04:12.979-04:00  INFO 5556 --- [boleta_ms] [restartedMain] o.s.d.j.r.query.QueryEnhancerFactories   : Hibernate is in classpath; If applicable, HQL parser will be used.
2026-06-16T00:04:13.377-04:00  WARN 5556 --- [boleta_ms] [restartedMain] JpaBaseConfiguration$JpaWebConfiguration : spring.jpa.open-in-view is enabled by default. Therefore, database queries may be performed during view rendering. Explicitly configure spring.jpa.open-in-view to disable this warning
2026-06-16T00:04:13.491-04:00  INFO 5556 --- [boleta_ms] [restartedMain] o.s.c.openfeign.FeignClientFactoryBean   : For 'clientes-ms' URL not provided. Will try picking an instance via load-balancing.
2026-06-16T00:04:13.576-04:00  INFO 5556 --- [boleta_ms] [restartedMain] o.s.c.openfeign.FeignClientFactoryBean   : For 'pedidos-ms' URL not provided. Will try picking an instance via load-balancing.
2026-06-16T00:04:13.611-04:00  INFO 5556 --- [boleta_ms] [restartedMain] o.s.c.openfeign.FeignClientFactoryBean   : For 'pagos-ms' URL not provided. Will try picking an instance via load-balancing.
2026-06-16T00:04:13.869-04:00  INFO 5556 --- [boleta_ms] [restartedMain] r$InitializeUserDetailsManagerConfigurer : Global AuthenticationManager configured with UserDetailsService bean with name inMemoryUserDetailsManager
2026-06-16T00:04:14.787-04:00  INFO 5556 --- [boleta_ms] [restartedMain] DiscoveryClientOptionalArgsConfiguration : Eureka HTTP Client uses RestClient.
2026-06-16T00:04:14.811-04:00  WARN 5556 --- [boleta_ms] [restartedMain] iguration$LoadBalancerCaffeineWarnLogger : Spring Cloud LoadBalancer is currently working with the default cache. While this cache implementation is useful for development and tests, it's recommended to use Caffeine cache in production.You can switch to using Caffeine cache, by adding it and org.springframework.cache.caffeine.CaffeineCacheManager to the classpath.
2026-06-16T00:04:14.841-04:00  INFO 5556 --- [boleta_ms] [restartedMain] o.s.c.n.eureka.InstanceInfoFactory       : Setting initial instance status as: STARTING
2026-06-16T00:04:14.865-04:00  INFO 5556 --- [boleta_ms] [restartedMain] com.netflix.discovery.DiscoveryClient    : Initializing Eureka in region us-east-1
2026-06-16T00:04:14.869-04:00  INFO 5556 --- [boleta_ms] [restartedMain] c.n.d.s.r.aws.ConfigClusterResolver      : Resolving eureka endpoints via configuration
2026-06-16T00:04:14.878-04:00  INFO 5556 --- [boleta_ms] [restartedMain] com.netflix.discovery.DiscoveryClient    : Disable delta property : false
2026-06-16T00:04:14.878-04:00  INFO 5556 --- [boleta_ms] [restartedMain] com.netflix.discovery.DiscoveryClient    : Single vip registry refresh property : null
2026-06-16T00:04:14.878-04:00  INFO 5556 --- [boleta_ms] [restartedMain] com.netflix.discovery.DiscoveryClient    : Force full registry fetch : false
2026-06-16T00:04:14.878-04:00  INFO 5556 --- [boleta_ms] [restartedMain] com.netflix.discovery.DiscoveryClient    : Application is null : false
2026-06-16T00:04:14.879-04:00  INFO 5556 --- [boleta_ms] [restartedMain] com.netflix.discovery.DiscoveryClient    : Registered Applications size is zero : true
2026-06-16T00:04:14.879-04:00  INFO 5556 --- [boleta_ms] [restartedMain] com.netflix.discovery.DiscoveryClient    : Application version is -1: true
2026-06-16T00:04:14.879-04:00  INFO 5556 --- [boleta_ms] [restartedMain] com.netflix.discovery.DiscoveryClient    : Getting all instance registry info from the eureka server
2026-06-16T00:04:15.242-04:00  INFO 5556 --- [boleta_ms] [restartedMain] com.netflix.discovery.DiscoveryClient    : The response status is 200
2026-06-16T00:04:15.245-04:00  INFO 5556 --- [boleta_ms] [restartedMain] com.netflix.discovery.DiscoveryClient    : Starting heartbeat executor: renew interval is: 30
2026-06-16T00:04:15.248-04:00  INFO 5556 --- [boleta_ms] [restartedMain] c.n.discovery.InstanceInfoReplicator     : InstanceInfoReplicator onDemand update allowed rate per min is 4
2026-06-16T00:04:15.250-04:00  INFO 5556 --- [boleta_ms] [restartedMain] com.netflix.discovery.DiscoveryClient    : Discovery Client initialized at timestamp 1781582655250 with initial instances count: 9
2026-06-16T00:04:15.254-04:00  INFO 5556 --- [boleta_ms] [restartedMain] o.s.c.n.e.s.EurekaServiceRegistry        : Registering application BOLETA_MS with eureka with status UP
2026-06-16T00:04:15.255-04:00  INFO 5556 --- [boleta_ms] [restartedMain] com.netflix.discovery.DiscoveryClient    : Saw local status change event StatusChangeEvent [timestamp=1781582655255, current=UP, previous=STARTING]
2026-06-16T00:04:15.262-04:00  INFO 5556 --- [boleta_ms] [DiscoveryClient-InstanceInfoReplicator-%d] com.netflix.discovery.DiscoveryClient    : DiscoveryClient_BOLETA_MS/Pc-Toobal:boleta_ms:8090: registering service...
2026-06-16T00:04:15.268-04:00  INFO 5556 --- [boleta_ms] [restartedMain] o.s.c.n.e.s.EurekaServiceRegistry        : Unregistering application BOLETA_MS with eureka with status DOWN
2026-06-16T00:04:15.269-04:00  INFO 5556 --- [boleta_ms] [restartedMain] com.netflix.discovery.DiscoveryClient    : Saw local status change event StatusChangeEvent [timestamp=1781582655269, current=DOWN, previous=UP]
2026-06-16T00:04:15.269-04:00  WARN 5556 --- [boleta_ms] [restartedMain] ConfigServletWebServerApplicationContext : Exception encountered during context initialization - cancelling refresh attempt: org.springframework.context.ApplicationContextException: Failed to start bean 'webServerStartStop'
2026-06-16T00:04:15.275-04:00  INFO 5556 --- [boleta_ms] [restartedMain] j.LocalContainerEntityManagerFactoryBean : Closing JPA EntityManagerFactory for persistence unit 'default'
2026-06-16T00:04:15.279-04:00  INFO 5556 --- [boleta_ms] [restartedMain] com.zaxxer.hikari.HikariDataSource       : HikariPool-1 - Shutdown initiated...
2026-06-16T00:04:15.286-04:00  INFO 5556 --- [boleta_ms] [restartedMain] com.zaxxer.hikari.HikariDataSource       : HikariPool-1 - Shutdown completed.
2026-06-16T00:04:15.288-04:00  INFO 5556 --- [boleta_ms] [restartedMain] com.netflix.discovery.DiscoveryClient    : Shutting down DiscoveryClient ...
2026-06-16T00:04:15.304-04:00  INFO 5556 --- [boleta_ms] [DiscoveryClient-InstanceInfoReplicator-%d] com.netflix.discovery.DiscoveryClient    : DiscoveryClient_BOLETA_MS/Pc-Toobal:boleta_ms:8090 - registration status: 204
2026-06-16T00:04:15.305-04:00  INFO 5556 --- [boleta_ms] [DiscoveryClient-InstanceInfoReplicator-%d] com.netflix.discovery.DiscoveryClient    : DiscoveryClient_BOLETA_MS/Pc-Toobal:boleta_ms:8090: registering service...
2026-06-16T00:04:15.307-04:00  INFO 5556 --- [boleta_ms] [DiscoveryClient-InstanceInfoReplicator-%d] com.netflix.discovery.DiscoveryClient    : DiscoveryClient_BOLETA_MS/Pc-Toobal:boleta_ms:8090 - registration status: 204
2026-06-16T00:04:15.307-04:00  INFO 5556 --- [boleta_ms] [restartedMain] com.netflix.discovery.DiscoveryClient    : Unregistering ...
2026-06-16T00:04:15.311-04:00  INFO 5556 --- [boleta_ms] [restartedMain] com.netflix.discovery.DiscoveryClient    : DiscoveryClient_BOLETA_MS/Pc-Toobal:boleta_ms:8090 - deregister  status: 200
2026-06-16T00:04:15.311-04:00  INFO 5556 --- [boleta_ms] [restartedMain] com.netflix.discovery.DiscoveryClient    : Completed shut down of DiscoveryClient
2026-06-16T00:04:15.323-04:00  INFO 5556 --- [boleta_ms] [restartedMain] .s.b.a.l.ConditionEvaluationReportLogger : 

Error starting ApplicationContext. To display the condition evaluation report re-run your application with 'debug' enabled.
2026-06-16T00:04:15.340-04:00 ERROR 5556 --- [boleta_ms] [restartedMain] o.s.b.d.LoggingFailureAnalysisReporter   : 

***************************
APPLICATION FAILED TO START
***************************

Description:

Web server failed to start. Port 8090 was already in use.

Action:

Identify and stop the process that's listening on port 8090 or configure this application to listen on another port.

2026-06-16T00:04:15.749-04:00  INFO 18644 --- [boleta_ms] [DiscoveryClient-HeartbeatExecutor-%d] com.netflix.discovery.DiscoveryClient    : DiscoveryClient_BOLETA_MS/Pc-Toobal:boleta_ms:8090 - Re-registering apps/BOLETA_MS
2026-06-16T00:04:15.750-04:00  INFO 18644 --- [boleta_ms] [DiscoveryClient-HeartbeatExecutor-%d] com.netflix.discovery.DiscoveryClient    : DiscoveryClient_BOLETA_MS/Pc-Toobal:boleta_ms:8090: registering service...
2026-06-16T00:04:15.757-04:00  INFO 18644 --- [boleta_ms] [DiscoveryClient-HeartbeatExecutor-%d] com.netflix.discovery.DiscoveryClient    : DiscoveryClient_BOLETA_MS/Pc-Toobal:boleta_ms:8090 - registration status: 204
2026-06-16T00:07:53.149-04:00  INFO 18644 --- [boleta_ms] [File Watcher] rtingClassPathChangeChangedEventListener : Restarting due to 1 class path change (0 additions, 0 deletions, 1 modification)
2026-06-16T00:07:53.149-04:00  INFO 18644 --- [boleta_ms] [Thread-25] o.s.c.n.e.s.EurekaServiceRegistry        : Unregistering application BOLETA_MS with eureka with status DOWN
2026-06-16T00:07:53.149-04:00  INFO 18644 --- [boleta_ms] [Thread-25] com.netflix.discovery.DiscoveryClient    : Saw local status change event StatusChangeEvent [timestamp=1781582873149, current=DOWN, previous=UP]
2026-06-16T00:07:53.149-04:00  INFO 18644 --- [boleta_ms] [DiscoveryClient-InstanceInfoReplicator-%d] com.netflix.discovery.DiscoveryClient    : DiscoveryClient_BOLETA_MS/Pc-Toobal:boleta_ms:8090: registering service...
2026-06-16T00:07:53.149-04:00  INFO 18644 --- [boleta_ms] [Thread-25] o.s.boot.tomcat.GracefulShutdown         : Commencing graceful shutdown. Waiting for active requests to complete
2026-06-16T00:07:53.149-04:00  INFO 18644 --- [boleta_ms] [tomcat-shutdown] o.s.boot.tomcat.GracefulShutdown         : Graceful shutdown complete
2026-06-16T00:07:53.149-04:00  INFO 18644 --- [boleta_ms] [Thread-25] j.LocalContainerEntityManagerFactoryBean : Closing JPA EntityManagerFactory for persistence unit 'default'
2026-06-16T00:07:53.149-04:00  INFO 18644 --- [boleta_ms] [Thread-25] com.zaxxer.hikari.HikariDataSource       : HikariPool-5 - Shutdown initiated...
2026-06-16T00:07:53.160-04:00  INFO 18644 --- [boleta_ms] [Thread-25] com.zaxxer.hikari.HikariDataSource       : HikariPool-5 - Shutdown completed.
2026-06-16T00:07:53.160-04:00  INFO 18644 --- [boleta_ms] [Thread-25] com.netflix.discovery.DiscoveryClient    : Shutting down DiscoveryClient ...
2026-06-16T00:07:53.161-04:00  INFO 18644 --- [boleta_ms] [DiscoveryClient-InstanceInfoReplicator-%d] com.netflix.discovery.DiscoveryClient    : DiscoveryClient_BOLETA_MS/Pc-Toobal:boleta_ms:8090 - registration status: 204
2026-06-16T00:07:53.161-04:00  INFO 18644 --- [boleta_ms] [Thread-25] com.netflix.discovery.DiscoveryClient    : Unregistering ...
2026-06-16T00:07:53.164-04:00  INFO 18644 --- [boleta_ms] [Thread-25] com.netflix.discovery.DiscoveryClient    : DiscoveryClient_BOLETA_MS/Pc-Toobal:boleta_ms:8090 - deregister  status: 200
2026-06-16T00:07:53.164-04:00  INFO 18644 --- [boleta_ms] [Thread-25] com.netflix.discovery.DiscoveryClient    : Completed shut down of DiscoveryClient
2026-06-16T00:07:53.231-04:00  INFO 18644 --- [boleta-ms] [restartedMain] c.example.boleta_ms.BoletaMsApplication  : Starting BoletaMsApplication using Java 21.0.10 with PID 18644 (C:\Users\Moonlabpc\Documents\GitHub\Perfulandia_Final\boleta_ms\target\classes started by Moonlabpc in C:\Users\Moonlabpc\Documents\GitHub\Perfulandia_Final)
2026-06-16T00:07:53.231-04:00 DEBUG 18644 --- [boleta-ms] [restartedMain] c.example.boleta_ms.BoletaMsApplication  : Running with Spring Boot v4.0.6, Spring v7.0.7
2026-06-16T00:07:53.231-04:00  INFO 18644 --- [boleta-ms] [restartedMain] c.example.boleta_ms.BoletaMsApplication  : No active profile set, falling back to 1 default profile: "default"
2026-06-16T00:07:53.418-04:00  INFO 18644 --- [boleta-ms] [restartedMain] .s.d.r.c.RepositoryConfigurationDelegate : Bootstrapping Spring Data JPA repositories in DEFAULT mode.
2026-06-16T00:07:53.418-04:00  INFO 18644 --- [boleta-ms] [restartedMain] .s.d.r.c.RepositoryConfigurationDelegate : Finished Spring Data repository scanning in 7 ms. Found 1 JPA repository interface.
2026-06-16T00:07:53.490-04:00  INFO 18644 --- [boleta-ms] [restartedMain] o.s.cloud.context.scope.GenericScope     : BeanFactory id=1ec1e99e-6baa-3089-8cae-eeccd9dfeaca
2026-06-16T00:07:53.537-04:00  INFO 18644 --- [boleta-ms] [restartedMain] o.s.boot.tomcat.TomcatWebServer          : Tomcat initialized with port 8090 (http)
2026-06-16T00:07:53.538-04:00  INFO 18644 --- [boleta-ms] [restartedMain] o.apache.catalina.core.StandardService   : Starting service [Tomcat]
2026-06-16T00:07:53.538-04:00  INFO 18644 --- [boleta-ms] [restartedMain] o.apache.catalina.core.StandardEngine    : Starting Servlet engine: [Apache Tomcat/11.0.21]
2026-06-16T00:07:53.568-04:00  INFO 18644 --- [boleta-ms] [restartedMain] b.w.c.s.WebApplicationContextInitializer : Root WebApplicationContext: initialization completed in 337 ms
2026-06-16T00:07:53.589-04:00  INFO 18644 --- [boleta-ms] [restartedMain] org.hibernate.orm.jpa                    : HHH008540: Processing PersistenceUnitInfo [name: default]
2026-06-16T00:07:53.617-04:00  INFO 18644 --- [boleta-ms] [restartedMain] o.s.o.j.p.SpringPersistenceUnitInfo      : No LoadTimeWeaver setup: ignoring JPA class transformer
2026-06-16T00:07:53.624-04:00  INFO 18644 --- [boleta-ms] [restartedMain] com.zaxxer.hikari.HikariDataSource       : HikariPool-6 - Starting...
2026-06-16T00:07:53.626-04:00  INFO 18644 --- [boleta-ms] [restartedMain] com.zaxxer.hikari.pool.HikariPool        : HikariPool-6 - Added connection com.mysql.cj.jdbc.ConnectionImpl@372d5245
2026-06-16T00:07:53.627-04:00  INFO 18644 --- [boleta-ms] [restartedMain] com.zaxxer.hikari.HikariDataSource       : HikariPool-6 - Start completed.
2026-06-16T00:07:53.628-04:00  WARN 18644 --- [boleta-ms] [restartedMain] org.hibernate.orm.core                   : HHH000511: The 5.5.5 version for [org.hibernate.dialect.MySQLDialect] is no longer supported, hence certain features may not work properly.The minimum supported version is 8.0.0. Check the community dialects project for available legacy versions.
2026-06-16T00:07:53.628-04:00  WARN 18644 --- [boleta-ms] [restartedMain] org.hibernate.orm.deprecation            : HHH90000025: MySQLDialect does not need to be specified explicitly using 'hibernate.dialect' (remove the property setting and it will be selected by default)
2026-06-16T00:07:53.629-04:00  INFO 18644 --- [boleta-ms] [restartedMain] org.hibernate.orm.connections.pooling    : HHH10001005: Database info:
	Database JDBC URL [jdbc:mysql://localhost:3306/perfulandia_db?useSSL=false&serverTimezone=UTC]
	Database driver: MySQL Connector/J
	Database dialect: MySQLDialect
	Database version: 5.5.5
	Default catalog/schema: perfulandia_db/undefined
	Autocommit mode: undefined/unknown
	Isolation level: REPEATABLE_READ [default REPEATABLE_READ]
	JDBC fetch size: none
	Pool: DataSourceConnectionProvider
	Minimum pool size: undefined/unknown
	Maximum pool size: undefined/unknown
2026-06-16T00:07:53.651-04:00  INFO 18644 --- [boleta-ms] [restartedMain] org.hibernate.orm.core                   : HHH000489: No JTA platform available (set 'hibernate.transaction.jta.platform' to enable JTA platform integration)
2026-06-16T00:07:53.702-04:00  INFO 18644 --- [boleta-ms] [restartedMain] j.LocalContainerEntityManagerFactoryBean : Initialized JPA EntityManagerFactory for persistence unit 'default'
2026-06-16T00:07:53.761-04:00  WARN 18644 --- [boleta-ms] [restartedMain] JpaBaseConfiguration$JpaWebConfiguration : spring.jpa.open-in-view is enabled by default. Therefore, database queries may be performed during view rendering. Explicitly configure spring.jpa.open-in-view to disable this warning
2026-06-16T00:07:53.764-04:00  INFO 18644 --- [boleta-ms] [restartedMain] o.s.c.openfeign.FeignClientFactoryBean   : For 'clientes-ms' URL not provided. Will try picking an instance via load-balancing.
2026-06-16T00:07:53.790-04:00  INFO 18644 --- [boleta-ms] [restartedMain] o.s.c.openfeign.FeignClientFactoryBean   : For 'pedidos-ms' URL not provided. Will try picking an instance via load-balancing.
2026-06-16T00:07:53.790-04:00  INFO 18644 --- [boleta-ms] [restartedMain] o.s.c.openfeign.FeignClientFactoryBean   : For 'pagos-ms' URL not provided. Will try picking an instance via load-balancing.
2026-06-16T00:07:53.836-04:00  INFO 18644 --- [boleta-ms] [restartedMain] r$InitializeUserDetailsManagerConfigurer : Global AuthenticationManager configured with UserDetailsService bean with name inMemoryUserDetailsManager
2026-06-16T00:07:53.929-04:00  INFO 18644 --- [boleta-ms] [restartedMain] DiscoveryClientOptionalArgsConfiguration : Eureka HTTP Client uses RestClient.
2026-06-16T00:07:53.929-04:00  WARN 18644 --- [boleta-ms] [restartedMain] iguration$LoadBalancerCaffeineWarnLogger : Spring Cloud LoadBalancer is currently working with the default cache. While this cache implementation is useful for development and tests, it's recommended to use Caffeine cache in production.You can switch to using Caffeine cache, by adding it and org.springframework.cache.caffeine.CaffeineCacheManager to the classpath.
2026-06-16T00:07:53.948-04:00  INFO 18644 --- [boleta-ms] [restartedMain] o.s.c.n.eureka.InstanceInfoFactory       : Setting initial instance status as: STARTING
2026-06-16T00:07:53.949-04:00  INFO 18644 --- [boleta-ms] [restartedMain] com.netflix.discovery.DiscoveryClient    : Initializing Eureka in region us-east-1
2026-06-16T00:07:53.950-04:00  INFO 18644 --- [boleta-ms] [restartedMain] c.n.d.s.r.aws.ConfigClusterResolver      : Resolving eureka endpoints via configuration
2026-06-16T00:07:53.950-04:00  INFO 18644 --- [boleta-ms] [restartedMain] com.netflix.discovery.DiscoveryClient    : Disable delta property : false
2026-06-16T00:07:53.950-04:00  INFO 18644 --- [boleta-ms] [restartedMain] com.netflix.discovery.DiscoveryClient    : Single vip registry refresh property : null
2026-06-16T00:07:53.950-04:00  INFO 18644 --- [boleta-ms] [restartedMain] com.netflix.discovery.DiscoveryClient    : Force full registry fetch : false
2026-06-16T00:07:53.950-04:00  INFO 18644 --- [boleta-ms] [restartedMain] com.netflix.discovery.DiscoveryClient    : Application is null : false
2026-06-16T00:07:53.950-04:00  INFO 18644 --- [boleta-ms] [restartedMain] com.netflix.discovery.DiscoveryClient    : Registered Applications size is zero : true
2026-06-16T00:07:53.950-04:00  INFO 18644 --- [boleta-ms] [restartedMain] com.netflix.discovery.DiscoveryClient    : Application version is -1: true
2026-06-16T00:07:53.950-04:00  INFO 18644 --- [boleta-ms] [restartedMain] com.netflix.discovery.DiscoveryClient    : Getting all instance registry info from the eureka server
2026-06-16T00:07:53.972-04:00  INFO 18644 --- [boleta-ms] [restartedMain] com.netflix.discovery.DiscoveryClient    : The response status is 200
2026-06-16T00:07:53.973-04:00  INFO 18644 --- [boleta-ms] [restartedMain] com.netflix.discovery.DiscoveryClient    : Starting heartbeat executor: renew interval is: 30
2026-06-16T00:07:53.973-04:00  INFO 18644 --- [boleta-ms] [restartedMain] c.n.discovery.InstanceInfoReplicator     : InstanceInfoReplicator onDemand update allowed rate per min is 4
2026-06-16T00:07:53.973-04:00  INFO 18644 --- [boleta-ms] [restartedMain] com.netflix.discovery.DiscoveryClient    : Discovery Client initialized at timestamp 1781582873973 with initial instances count: 9
2026-06-16T00:07:53.974-04:00  INFO 18644 --- [boleta-ms] [restartedMain] o.s.c.n.e.s.EurekaServiceRegistry        : Registering application BOLETA-MS with eureka with status UP
2026-06-16T00:07:53.974-04:00  INFO 18644 --- [boleta-ms] [restartedMain] com.netflix.discovery.DiscoveryClient    : Saw local status change event StatusChangeEvent [timestamp=1781582873974, current=UP, previous=STARTING]
2026-06-16T00:07:53.974-04:00  INFO 18644 --- [boleta-ms] [DiscoveryClient-InstanceInfoReplicator-%d] com.netflix.discovery.DiscoveryClient    : DiscoveryClient_BOLETA-MS/Pc-Toobal:boleta-ms:8090: registering service...
2026-06-16T00:07:53.977-04:00  INFO 18644 --- [boleta-ms] [restartedMain] o.s.boot.tomcat.TomcatWebServer          : Tomcat started on port 8090 (http) with context path '/'
2026-06-16T00:07:53.978-04:00  INFO 18644 --- [boleta-ms] [restartedMain] .s.c.n.e.s.EurekaAutoServiceRegistration : Updating port to 8090
2026-06-16T00:07:53.982-04:00  INFO 18644 --- [boleta-ms] [restartedMain] c.example.boleta_ms.BoletaMsApplication  : Started BoletaMsApplication in 0.783 seconds (process running for 2148.745)
2026-06-16T00:07:53.983-04:00  WARN 18644 --- [boleta-ms] [restartedMain] o.s.core.events.SpringDocAppInitializer  : SpringDoc /api-docs endpoint is enabled by default. To disable it in production, set the property 'springdoc.api-docs.enabled=false'
2026-06-16T00:07:53.983-04:00  WARN 18644 --- [boleta-ms] [restartedMain] o.s.core.events.SpringDocAppInitializer  : SpringDoc /swagger-ui.html endpoint is enabled by default. To disable it in production, set the property 'springdoc.swagger-ui.enabled=false'
2026-06-16T00:07:53.985-04:00  INFO 18644 --- [boleta-ms] [DiscoveryClient-InstanceInfoReplicator-%d] com.netflix.discovery.DiscoveryClient    : DiscoveryClient_BOLETA-MS/Pc-Toobal:boleta-ms:8090 - registration status: 204
2026-06-16T00:12:53.958-04:00  INFO 18644 --- [boleta-ms] [AsyncResolver-bootstrap-executor-%d] c.n.d.s.r.aws.ConfigClusterResolver      : Resolving eureka endpoints via configuration
2026-06-16T00:14:12.318-04:00  INFO 18644 --- [boleta-ms] [File Watcher] rtingClassPathChangeChangedEventListener : Restarting due to 1 class path change (0 additions, 0 deletions, 1 modification)
2026-06-16T00:14:12.318-04:00  INFO 18644 --- [boleta-ms] [Thread-31] o.s.c.n.e.s.EurekaServiceRegistry        : Unregistering application BOLETA-MS with eureka with status DOWN
2026-06-16T00:14:12.318-04:00  INFO 18644 --- [boleta-ms] [Thread-31] com.netflix.discovery.DiscoveryClient    : Saw local status change event StatusChangeEvent [timestamp=1781583252318, current=DOWN, previous=UP]
2026-06-16T00:14:12.318-04:00  INFO 18644 --- [boleta-ms] [DiscoveryClient-InstanceInfoReplicator-%d] com.netflix.discovery.DiscoveryClient    : DiscoveryClient_BOLETA-MS/Pc-Toobal:boleta-ms:8090: registering service...
2026-06-16T00:14:12.321-04:00  INFO 18644 --- [boleta-ms] [Thread-31] o.s.boot.tomcat.GracefulShutdown         : Commencing graceful shutdown. Waiting for active requests to complete
2026-06-16T00:14:12.322-04:00  INFO 18644 --- [boleta-ms] [tomcat-shutdown] o.s.boot.tomcat.GracefulShutdown         : Graceful shutdown complete
2026-06-16T00:14:12.326-04:00  INFO 18644 --- [boleta-ms] [Thread-31] j.LocalContainerEntityManagerFactoryBean : Closing JPA EntityManagerFactory for persistence unit 'default'
2026-06-16T00:14:12.326-04:00  INFO 18644 --- [boleta-ms] [Thread-31] com.zaxxer.hikari.HikariDataSource       : HikariPool-6 - Shutdown initiated...
2026-06-16T00:14:12.327-04:00  INFO 18644 --- [boleta-ms] [Thread-31] com.zaxxer.hikari.HikariDataSource       : HikariPool-6 - Shutdown completed.
2026-06-16T00:14:12.328-04:00  INFO 18644 --- [boleta-ms] [Thread-31] com.netflix.discovery.DiscoveryClient    : Shutting down DiscoveryClient ...
2026-06-16T00:14:12.330-04:00  INFO 18644 --- [boleta-ms] [DiscoveryClient-InstanceInfoReplicator-%d] com.netflix.discovery.DiscoveryClient    : DiscoveryClient_BOLETA-MS/Pc-Toobal:boleta-ms:8090 - registration status: 204
2026-06-16T00:14:12.330-04:00  INFO 18644 --- [boleta-ms] [Thread-31] com.netflix.discovery.DiscoveryClient    : Unregistering ...
2026-06-16T00:14:12.332-04:00  INFO 18644 --- [boleta-ms] [Thread-31] com.netflix.discovery.DiscoveryClient    : DiscoveryClient_BOLETA-MS/Pc-Toobal:boleta-ms:8090 - deregister  status: 200
2026-06-16T00:14:12.332-04:00  INFO 18644 --- [boleta-ms] [Thread-31] com.netflix.discovery.DiscoveryClient    : Completed shut down of DiscoveryClient
2026-06-16T00:14:12.408-04:00  INFO 18644 --- [boleta-ms] [restartedMain] c.example.boleta_ms.BoletaMsApplication  : Starting BoletaMsApplication using Java 21.0.10 with PID 18644 (C:\Users\Moonlabpc\Documents\GitHub\Perfulandia_Final\boleta_ms\target\classes started by Moonlabpc in C:\Users\Moonlabpc\Documents\GitHub\Perfulandia_Final)
2026-06-16T00:14:12.409-04:00 DEBUG 18644 --- [boleta-ms] [restartedMain] c.example.boleta_ms.BoletaMsApplication  : Running with Spring Boot v4.0.6, Spring v7.0.7
2026-06-16T00:14:12.409-04:00  INFO 18644 --- [boleta-ms] [restartedMain] c.example.boleta_ms.BoletaMsApplication  : No active profile set, falling back to 1 default profile: "default"
2026-06-16T00:14:12.606-04:00  INFO 18644 --- [boleta-ms] [restartedMain] .s.d.r.c.RepositoryConfigurationDelegate : Bootstrapping Spring Data JPA repositories in DEFAULT mode.
2026-06-16T00:14:12.625-04:00  INFO 18644 --- [boleta-ms] [restartedMain] .s.d.r.c.RepositoryConfigurationDelegate : Finished Spring Data repository scanning in 9 ms. Found 1 JPA repository interface.
2026-06-16T00:14:12.707-04:00  INFO 18644 --- [boleta-ms] [restartedMain] o.s.cloud.context.scope.GenericScope     : BeanFactory id=ecd487df-7dbf-38c5-9e79-93438c65a92a
2026-06-16T00:14:12.752-04:00  INFO 18644 --- [boleta-ms] [restartedMain] o.s.boot.tomcat.TomcatWebServer          : Tomcat initialized with port 8090 (http)
2026-06-16T00:14:12.753-04:00  INFO 18644 --- [boleta-ms] [restartedMain] o.apache.catalina.core.StandardService   : Starting service [Tomcat]
2026-06-16T00:14:12.753-04:00  INFO 18644 --- [boleta-ms] [restartedMain] o.apache.catalina.core.StandardEngine    : Starting Servlet engine: [Apache Tomcat/11.0.21]
2026-06-16T00:14:12.785-04:00  INFO 18644 --- [boleta-ms] [restartedMain] b.w.c.s.WebApplicationContextInitializer : Root WebApplicationContext: initialization completed in 374 ms
2026-06-16T00:14:12.811-04:00  INFO 18644 --- [boleta-ms] [restartedMain] org.hibernate.orm.jpa                    : HHH008540: Processing PersistenceUnitInfo [name: default]
2026-06-16T00:14:12.840-04:00  INFO 18644 --- [boleta-ms] [restartedMain] o.s.o.j.p.SpringPersistenceUnitInfo      : No LoadTimeWeaver setup: ignoring JPA class transformer
2026-06-16T00:14:12.840-04:00  INFO 18644 --- [boleta-ms] [restartedMain] com.zaxxer.hikari.HikariDataSource       : HikariPool-7 - Starting...
2026-06-16T00:14:12.843-04:00  INFO 18644 --- [boleta-ms] [restartedMain] com.zaxxer.hikari.pool.HikariPool        : HikariPool-7 - Added connection com.mysql.cj.jdbc.ConnectionImpl@60c9e202
2026-06-16T00:14:12.843-04:00  INFO 18644 --- [boleta-ms] [restartedMain] com.zaxxer.hikari.HikariDataSource       : HikariPool-7 - Start completed.
2026-06-16T00:14:12.844-04:00  WARN 18644 --- [boleta-ms] [restartedMain] org.hibernate.orm.core                   : HHH000511: The 5.5.5 version for [org.hibernate.dialect.MySQLDialect] is no longer supported, hence certain features may not work properly.The minimum supported version is 8.0.0. Check the community dialects project for available legacy versions.
2026-06-16T00:14:12.845-04:00  WARN 18644 --- [boleta-ms] [restartedMain] org.hibernate.orm.deprecation            : HHH90000025: MySQLDialect does not need to be specified explicitly using 'hibernate.dialect' (remove the property setting and it will be selected by default)
2026-06-16T00:14:12.845-04:00  INFO 18644 --- [boleta-ms] [restartedMain] org.hibernate.orm.connections.pooling    : HHH10001005: Database info:
	Database JDBC URL [jdbc:mysql://localhost:3306/perfulandia_db?useSSL=false&serverTimezone=UTC]
	Database driver: MySQL Connector/J
	Database dialect: MySQLDialect
	Database version: 5.5.5
	Default catalog/schema: perfulandia_db/undefined
	Autocommit mode: undefined/unknown
	Isolation level: REPEATABLE_READ [default REPEATABLE_READ]
	JDBC fetch size: none
	Pool: DataSourceConnectionProvider
	Minimum pool size: undefined/unknown
	Maximum pool size: undefined/unknown
2026-06-16T00:14:12.876-04:00  INFO 18644 --- [boleta-ms] [restartedMain] org.hibernate.orm.core                   : HHH000489: No JTA platform available (set 'hibernate.transaction.jta.platform' to enable JTA platform integration)
2026-06-16T00:14:12.913-04:00  INFO 18644 --- [boleta-ms] [restartedMain] j.LocalContainerEntityManagerFactoryBean : Initialized JPA EntityManagerFactory for persistence unit 'default'
2026-06-16T00:14:12.972-04:00  WARN 18644 --- [boleta-ms] [restartedMain] JpaBaseConfiguration$JpaWebConfiguration : spring.jpa.open-in-view is enabled by default. Therefore, database queries may be performed during view rendering. Explicitly configure spring.jpa.open-in-view to disable this warning
2026-06-16T00:14:12.989-04:00  INFO 18644 --- [boleta-ms] [restartedMain] o.s.c.openfeign.FeignClientFactoryBean   : For 'clientes-ms' URL not provided. Will try picking an instance via load-balancing.
2026-06-16T00:14:13.004-04:00  INFO 18644 --- [boleta-ms] [restartedMain] o.s.c.openfeign.FeignClientFactoryBean   : For 'pedidos-ms' URL not provided. Will try picking an instance via load-balancing.
2026-06-16T00:14:13.015-04:00  INFO 18644 --- [boleta-ms] [restartedMain] o.s.c.openfeign.FeignClientFactoryBean   : For 'pago-ms' URL not provided. Will try picking an instance via load-balancing.
2026-06-16T00:14:13.037-04:00  INFO 18644 --- [boleta-ms] [restartedMain] r$InitializeUserDetailsManagerConfigurer : Global AuthenticationManager configured with UserDetailsService bean with name inMemoryUserDetailsManager
2026-06-16T00:14:13.143-04:00  INFO 18644 --- [boleta-ms] [restartedMain] DiscoveryClientOptionalArgsConfiguration : Eureka HTTP Client uses RestClient.
2026-06-16T00:14:13.149-04:00  WARN 18644 --- [boleta-ms] [restartedMain] iguration$LoadBalancerCaffeineWarnLogger : Spring Cloud LoadBalancer is currently working with the default cache. While this cache implementation is useful for development and tests, it's recommended to use Caffeine cache in production.You can switch to using Caffeine cache, by adding it and org.springframework.cache.caffeine.CaffeineCacheManager to the classpath.
2026-06-16T00:14:13.156-04:00  INFO 18644 --- [boleta-ms] [restartedMain] o.s.c.n.eureka.InstanceInfoFactory       : Setting initial instance status as: STARTING
2026-06-16T00:14:13.158-04:00  INFO 18644 --- [boleta-ms] [restartedMain] com.netflix.discovery.DiscoveryClient    : Initializing Eureka in region us-east-1
2026-06-16T00:14:13.158-04:00  INFO 18644 --- [boleta-ms] [restartedMain] c.n.d.s.r.aws.ConfigClusterResolver      : Resolving eureka endpoints via configuration
2026-06-16T00:14:13.158-04:00  INFO 18644 --- [boleta-ms] [restartedMain] com.netflix.discovery.DiscoveryClient    : Disable delta property : false
2026-06-16T00:14:13.158-04:00  INFO 18644 --- [boleta-ms] [restartedMain] com.netflix.discovery.DiscoveryClient    : Single vip registry refresh property : null
2026-06-16T00:14:13.158-04:00  INFO 18644 --- [boleta-ms] [restartedMain] com.netflix.discovery.DiscoveryClient    : Force full registry fetch : false
2026-06-16T00:14:13.158-04:00  INFO 18644 --- [boleta-ms] [restartedMain] com.netflix.discovery.DiscoveryClient    : Application is null : false
2026-06-16T00:14:13.158-04:00  INFO 18644 --- [boleta-ms] [restartedMain] com.netflix.discovery.DiscoveryClient    : Registered Applications size is zero : true
2026-06-16T00:14:13.159-04:00  INFO 18644 --- [boleta-ms] [restartedMain] com.netflix.discovery.DiscoveryClient    : Application version is -1: true
2026-06-16T00:14:13.159-04:00  INFO 18644 --- [boleta-ms] [restartedMain] com.netflix.discovery.DiscoveryClient    : Getting all instance registry info from the eureka server
2026-06-16T00:14:13.172-04:00  INFO 18644 --- [boleta-ms] [restartedMain] com.netflix.discovery.DiscoveryClient    : The response status is 200
2026-06-16T00:14:13.172-04:00  INFO 18644 --- [boleta-ms] [restartedMain] com.netflix.discovery.DiscoveryClient    : Starting heartbeat executor: renew interval is: 30
2026-06-16T00:14:13.173-04:00  INFO 18644 --- [boleta-ms] [restartedMain] c.n.discovery.InstanceInfoReplicator     : InstanceInfoReplicator onDemand update allowed rate per min is 4
2026-06-16T00:14:13.173-04:00  INFO 18644 --- [boleta-ms] [restartedMain] com.netflix.discovery.DiscoveryClient    : Discovery Client initialized at timestamp 1781583253173 with initial instances count: 9
2026-06-16T00:14:13.174-04:00  INFO 18644 --- [boleta-ms] [restartedMain] o.s.c.n.e.s.EurekaServiceRegistry        : Registering application BOLETA-MS with eureka with status UP
2026-06-16T00:14:13.174-04:00  INFO 18644 --- [boleta-ms] [restartedMain] com.netflix.discovery.DiscoveryClient    : Saw local status change event StatusChangeEvent [timestamp=1781583253174, current=UP, previous=STARTING]
2026-06-16T00:14:13.174-04:00  INFO 18644 --- [boleta-ms] [DiscoveryClient-InstanceInfoReplicator-%d] com.netflix.discovery.DiscoveryClient    : DiscoveryClient_BOLETA-MS/Pc-Toobal:boleta-ms:8090: registering service...
2026-06-16T00:14:13.177-04:00  INFO 18644 --- [boleta-ms] [restartedMain] o.s.boot.tomcat.TomcatWebServer          : Tomcat started on port 8090 (http) with context path '/'
2026-06-16T00:14:13.178-04:00  INFO 18644 --- [boleta-ms] [restartedMain] .s.c.n.e.s.EurekaAutoServiceRegistration : Updating port to 8090
2026-06-16T00:14:13.184-04:00  INFO 18644 --- [boleta-ms] [restartedMain] c.example.boleta_ms.BoletaMsApplication  : Started BoletaMsApplication in 0.801 seconds (process running for 2527.947)
2026-06-16T00:14:13.185-04:00  WARN 18644 --- [boleta-ms] [restartedMain] o.s.core.events.SpringDocAppInitializer  : SpringDoc /api-docs endpoint is enabled by default. To disable it in production, set the property 'springdoc.api-docs.enabled=false'
2026-06-16T00:14:13.185-04:00  WARN 18644 --- [boleta-ms] [restartedMain] o.s.core.events.SpringDocAppInitializer  : SpringDoc /swagger-ui.html endpoint is enabled by default. To disable it in production, set the property 'springdoc.swagger-ui.enabled=false'
2026-06-16T00:14:13.185-04:00  INFO 18644 --- [boleta-ms] [restartedMain] .ConditionEvaluationDeltaLoggingListener : Condition evaluation unchanged
2026-06-16T00:14:13.186-04:00  INFO 18644 --- [boleta-ms] [DiscoveryClient-InstanceInfoReplicator-%d] com.netflix.discovery.DiscoveryClient    : DiscoveryClient_BOLETA-MS/Pc-Toobal:boleta-ms:8090 - registration status: 204
2026-06-16T00:14:40.017-04:00  INFO 18644 --- [boleta-ms] [File Watcher] rtingClassPathChangeChangedEventListener : Restarting due to 1 class path change (0 additions, 0 deletions, 1 modification)
2026-06-16T00:14:40.018-04:00  INFO 18644 --- [boleta-ms] [Thread-37] o.s.c.n.e.s.EurekaServiceRegistry        : Unregistering application BOLETA-MS with eureka with status DOWN
2026-06-16T00:14:40.018-04:00  INFO 18644 --- [boleta-ms] [Thread-37] com.netflix.discovery.DiscoveryClient    : Saw local status change event StatusChangeEvent [timestamp=1781583280018, current=DOWN, previous=UP]
2026-06-16T00:14:40.018-04:00  INFO 18644 --- [boleta-ms] [DiscoveryClient-InstanceInfoReplicator-%d] com.netflix.discovery.DiscoveryClient    : DiscoveryClient_BOLETA-MS/Pc-Toobal:boleta-ms:8090: registering service...
2026-06-16T00:14:40.018-04:00  INFO 18644 --- [boleta-ms] [Thread-37] o.s.boot.tomcat.GracefulShutdown         : Commencing graceful shutdown. Waiting for active requests to complete
2026-06-16T00:14:40.020-04:00  INFO 18644 --- [boleta-ms] [tomcat-shutdown] o.s.boot.tomcat.GracefulShutdown         : Graceful shutdown complete
2026-06-16T00:14:40.022-04:00  INFO 18644 --- [boleta-ms] [Thread-37] j.LocalContainerEntityManagerFactoryBean : Closing JPA EntityManagerFactory for persistence unit 'default'
2026-06-16T00:14:40.023-04:00  INFO 18644 --- [boleta-ms] [Thread-37] com.zaxxer.hikari.HikariDataSource       : HikariPool-7 - Shutdown initiated...
2026-06-16T00:14:40.024-04:00  INFO 18644 --- [boleta-ms] [Thread-37] com.zaxxer.hikari.HikariDataSource       : HikariPool-7 - Shutdown completed.
2026-06-16T00:14:40.025-04:00  INFO 18644 --- [boleta-ms] [Thread-37] com.netflix.discovery.DiscoveryClient    : Shutting down DiscoveryClient ...
2026-06-16T00:14:40.032-04:00  INFO 18644 --- [boleta-ms] [DiscoveryClient-InstanceInfoReplicator-%d] com.netflix.discovery.DiscoveryClient    : DiscoveryClient_BOLETA-MS/Pc-Toobal:boleta-ms:8090 - registration status: 204
2026-06-16T00:14:40.033-04:00  INFO 18644 --- [boleta-ms] [Thread-37] com.netflix.discovery.DiscoveryClient    : Unregistering ...
2026-06-16T00:14:40.035-04:00  INFO 18644 --- [boleta-ms] [Thread-37] com.netflix.discovery.DiscoveryClient    : DiscoveryClient_BOLETA-MS/Pc-Toobal:boleta-ms:8090 - deregister  status: 200
2026-06-16T00:14:40.035-04:00  INFO 18644 --- [boleta-ms] [Thread-37] com.netflix.discovery.DiscoveryClient    : Completed shut down of DiscoveryClient
2026-06-16T00:14:40.109-04:00  INFO 18644 --- [boleta-ms] [restartedMain] c.example.boleta_ms.BoletaMsApplication  : Starting BoletaMsApplication using Java 21.0.10 with PID 18644 (C:\Users\Moonlabpc\Documents\GitHub\Perfulandia_Final\boleta_ms\target\classes started by Moonlabpc in C:\Users\Moonlabpc\Documents\GitHub\Perfulandia_Final)
2026-06-16T00:14:40.110-04:00 DEBUG 18644 --- [boleta-ms] [restartedMain] c.example.boleta_ms.BoletaMsApplication  : Running with Spring Boot v4.0.6, Spring v7.0.7
2026-06-16T00:14:40.110-04:00  INFO 18644 --- [boleta-ms] [restartedMain] c.example.boleta_ms.BoletaMsApplication  : No active profile set, falling back to 1 default profile: "default"
2026-06-16T00:14:40.289-04:00  INFO 18644 --- [boleta-ms] [restartedMain] .s.d.r.c.RepositoryConfigurationDelegate : Bootstrapping Spring Data JPA repositories in DEFAULT mode.
2026-06-16T00:14:40.302-04:00  INFO 18644 --- [boleta-ms] [restartedMain] .s.d.r.c.RepositoryConfigurationDelegate : Finished Spring Data repository scanning in 9 ms. Found 1 JPA repository interface.
2026-06-16T00:14:40.373-04:00  INFO 18644 --- [boleta-ms] [restartedMain] o.s.cloud.context.scope.GenericScope     : BeanFactory id=ecd487df-7dbf-38c5-9e79-93438c65a92a
2026-06-16T00:14:40.413-04:00  INFO 18644 --- [boleta-ms] [restartedMain] o.s.boot.tomcat.TomcatWebServer          : Tomcat initialized with port 8090 (http)
2026-06-16T00:14:40.414-04:00  INFO 18644 --- [boleta-ms] [restartedMain] o.apache.catalina.core.StandardService   : Starting service [Tomcat]
2026-06-16T00:14:40.414-04:00  INFO 18644 --- [boleta-ms] [restartedMain] o.apache.catalina.core.StandardEngine    : Starting Servlet engine: [Apache Tomcat/11.0.21]
2026-06-16T00:14:40.446-04:00  INFO 18644 --- [boleta-ms] [restartedMain] b.w.c.s.WebApplicationContextInitializer : Root WebApplicationContext: initialization completed in 335 ms
2026-06-16T00:14:40.466-04:00  INFO 18644 --- [boleta-ms] [restartedMain] org.hibernate.orm.jpa                    : HHH008540: Processing PersistenceUnitInfo [name: default]
2026-06-16T00:14:40.494-04:00  INFO 18644 --- [boleta-ms] [restartedMain] o.s.o.j.p.SpringPersistenceUnitInfo      : No LoadTimeWeaver setup: ignoring JPA class transformer
2026-06-16T00:14:40.494-04:00  INFO 18644 --- [boleta-ms] [restartedMain] com.zaxxer.hikari.HikariDataSource       : HikariPool-8 - Starting...
2026-06-16T00:14:40.497-04:00  INFO 18644 --- [boleta-ms] [restartedMain] com.zaxxer.hikari.pool.HikariPool        : HikariPool-8 - Added connection com.mysql.cj.jdbc.ConnectionImpl@38f45f21
2026-06-16T00:14:40.498-04:00  INFO 18644 --- [boleta-ms] [restartedMain] com.zaxxer.hikari.HikariDataSource       : HikariPool-8 - Start completed.
2026-06-16T00:14:40.499-04:00  WARN 18644 --- [boleta-ms] [restartedMain] org.hibernate.orm.core                   : HHH000511: The 5.5.5 version for [org.hibernate.dialect.MySQLDialect] is no longer supported, hence certain features may not work properly.The minimum supported version is 8.0.0. Check the community dialects project for available legacy versions.
2026-06-16T00:14:40.499-04:00  WARN 18644 --- [boleta-ms] [restartedMain] org.hibernate.orm.deprecation            : HHH90000025: MySQLDialect does not need to be specified explicitly using 'hibernate.dialect' (remove the property setting and it will be selected by default)
2026-06-16T00:14:40.500-04:00  INFO 18644 --- [boleta-ms] [restartedMain] org.hibernate.orm.connections.pooling    : HHH10001005: Database info:
	Database JDBC URL [jdbc:mysql://localhost:3306/perfulandia_db?useSSL=false&serverTimezone=UTC]
	Database driver: MySQL Connector/J
	Database dialect: MySQLDialect
	Database version: 5.5.5
	Default catalog/schema: perfulandia_db/undefined
	Autocommit mode: undefined/unknown
	Isolation level: REPEATABLE_READ [default REPEATABLE_READ]
	JDBC fetch size: none
	Pool: DataSourceConnectionProvider
	Minimum pool size: undefined/unknown
	Maximum pool size: undefined/unknown
2026-06-16T00:14:40.536-04:00  INFO 18644 --- [boleta-ms] [restartedMain] org.hibernate.orm.core                   : HHH000489: No JTA platform available (set 'hibernate.transaction.jta.platform' to enable JTA platform integration)
2026-06-16T00:14:40.579-04:00  INFO 18644 --- [boleta-ms] [restartedMain] j.LocalContainerEntityManagerFactoryBean : Initialized JPA EntityManagerFactory for persistence unit 'default'
2026-06-16T00:14:40.638-04:00  WARN 18644 --- [boleta-ms] [restartedMain] JpaBaseConfiguration$JpaWebConfiguration : spring.jpa.open-in-view is enabled by default. Therefore, database queries may be performed during view rendering. Explicitly configure spring.jpa.open-in-view to disable this warning
2026-06-16T00:14:40.656-04:00  INFO 18644 --- [boleta-ms] [restartedMain] o.s.c.openfeign.FeignClientFactoryBean   : For 'clientes-ms' URL not provided. Will try picking an instance via load-balancing.
2026-06-16T00:14:40.672-04:00  INFO 18644 --- [boleta-ms] [restartedMain] o.s.c.openfeign.FeignClientFactoryBean   : For 'pedidos-ms' URL not provided. Will try picking an instance via load-balancing.
2026-06-16T00:14:40.684-04:00  INFO 18644 --- [boleta-ms] [restartedMain] o.s.c.openfeign.FeignClientFactoryBean   : For 'pago-ms' URL not provided. Will try picking an instance via load-balancing.
2026-06-16T00:14:40.723-04:00  INFO 18644 --- [boleta-ms] [restartedMain] r$InitializeUserDetailsManagerConfigurer : Global AuthenticationManager configured with UserDetailsService bean with name inMemoryUserDetailsManager
2026-06-16T00:14:40.818-04:00  INFO 18644 --- [boleta-ms] [restartedMain] DiscoveryClientOptionalArgsConfiguration : Eureka HTTP Client uses RestClient.
2026-06-16T00:14:40.825-04:00  WARN 18644 --- [boleta-ms] [restartedMain] iguration$LoadBalancerCaffeineWarnLogger : Spring Cloud LoadBalancer is currently working with the default cache. While this cache implementation is useful for development and tests, it's recommended to use Caffeine cache in production.You can switch to using Caffeine cache, by adding it and org.springframework.cache.caffeine.CaffeineCacheManager to the classpath.
2026-06-16T00:14:40.833-04:00  INFO 18644 --- [boleta-ms] [restartedMain] o.s.c.n.eureka.InstanceInfoFactory       : Setting initial instance status as: STARTING
2026-06-16T00:14:40.834-04:00  INFO 18644 --- [boleta-ms] [restartedMain] com.netflix.discovery.DiscoveryClient    : Initializing Eureka in region us-east-1
2026-06-16T00:14:40.835-04:00  INFO 18644 --- [boleta-ms] [restartedMain] c.n.d.s.r.aws.ConfigClusterResolver      : Resolving eureka endpoints via configuration
2026-06-16T00:14:40.836-04:00  INFO 18644 --- [boleta-ms] [restartedMain] com.netflix.discovery.DiscoveryClient    : Disable delta property : false
2026-06-16T00:14:40.836-04:00  INFO 18644 --- [boleta-ms] [restartedMain] com.netflix.discovery.DiscoveryClient    : Single vip registry refresh property : null
2026-06-16T00:14:40.836-04:00  INFO 18644 --- [boleta-ms] [restartedMain] com.netflix.discovery.DiscoveryClient    : Force full registry fetch : false
2026-06-16T00:14:40.836-04:00  INFO 18644 --- [boleta-ms] [restartedMain] com.netflix.discovery.DiscoveryClient    : Application is null : false
2026-06-16T00:14:40.836-04:00  INFO 18644 --- [boleta-ms] [restartedMain] com.netflix.discovery.DiscoveryClient    : Registered Applications size is zero : true
2026-06-16T00:14:40.837-04:00  INFO 18644 --- [boleta-ms] [restartedMain] com.netflix.discovery.DiscoveryClient    : Application version is -1: true
2026-06-16T00:14:40.837-04:00  INFO 18644 --- [boleta-ms] [restartedMain] com.netflix.discovery.DiscoveryClient    : Getting all instance registry info from the eureka server
2026-06-16T00:14:40.850-04:00  INFO 18644 --- [boleta-ms] [restartedMain] com.netflix.discovery.DiscoveryClient    : The response status is 200
2026-06-16T00:14:40.850-04:00  INFO 18644 --- [boleta-ms] [restartedMain] com.netflix.discovery.DiscoveryClient    : Starting heartbeat executor: renew interval is: 30
2026-06-16T00:14:40.851-04:00  INFO 18644 --- [boleta-ms] [restartedMain] c.n.discovery.InstanceInfoReplicator     : InstanceInfoReplicator onDemand update allowed rate per min is 4
2026-06-16T00:14:40.851-04:00  INFO 18644 --- [boleta-ms] [restartedMain] com.netflix.discovery.DiscoveryClient    : Discovery Client initialized at timestamp 1781583280851 with initial instances count: 9
2026-06-16T00:14:40.852-04:00  INFO 18644 --- [boleta-ms] [restartedMain] o.s.c.n.e.s.EurekaServiceRegistry        : Registering application BOLETA-MS with eureka with status UP
2026-06-16T00:14:40.852-04:00  INFO 18644 --- [boleta-ms] [restartedMain] com.netflix.discovery.DiscoveryClient    : Saw local status change event StatusChangeEvent [timestamp=1781583280852, current=UP, previous=STARTING]
2026-06-16T00:14:40.852-04:00  INFO 18644 --- [boleta-ms] [DiscoveryClient-InstanceInfoReplicator-%d] com.netflix.discovery.DiscoveryClient    : DiscoveryClient_BOLETA-MS/Pc-Toobal:boleta-ms:8090: registering service...
2026-06-16T00:14:40.855-04:00  INFO 18644 --- [boleta-ms] [restartedMain] o.s.boot.tomcat.TomcatWebServer          : Tomcat started on port 8090 (http) with context path '/'
2026-06-16T00:14:40.856-04:00  INFO 18644 --- [boleta-ms] [restartedMain] .s.c.n.e.s.EurekaAutoServiceRegistration : Updating port to 8090
2026-06-16T00:14:40.862-04:00  INFO 18644 --- [boleta-ms] [restartedMain] c.example.boleta_ms.BoletaMsApplication  : Started BoletaMsApplication in 0.776 seconds (process running for 2555.625)
2026-06-16T00:14:40.863-04:00  INFO 18644 --- [boleta-ms] [DiscoveryClient-InstanceInfoReplicator-%d] com.netflix.discovery.DiscoveryClient    : DiscoveryClient_BOLETA-MS/Pc-Toobal:boleta-ms:8090 - registration status: 204
2026-06-16T00:14:40.864-04:00  WARN 18644 --- [boleta-ms] [restartedMain] o.s.core.events.SpringDocAppInitializer  : SpringDoc /api-docs endpoint is enabled by default. To disable it in production, set the property 'springdoc.api-docs.enabled=false'
2026-06-16T00:14:40.864-04:00  WARN 18644 --- [boleta-ms] [restartedMain] o.s.core.events.SpringDocAppInitializer  : SpringDoc /swagger-ui.html endpoint is enabled by default. To disable it in production, set the property 'springdoc.swagger-ui.enabled=false'
2026-06-16T00:14:40.865-04:00  INFO 18644 --- [boleta-ms] [restartedMain] .ConditionEvaluationDeltaLoggingListener : Condition evaluation unchanged
2026-06-16T00:15:38.269-04:00  INFO 19968 --- [boleta-ms] [restartedMain] c.example.boleta_ms.BoletaMsApplication  : Starting BoletaMsApplication using Java 21.0.10 with PID 19968 (C:\Users\Moonlabpc\Documents\GitHub\Perfulandia_Final\boleta_ms\target\classes started by Moonlabpc in C:\Users\Moonlabpc\Documents\GitHub\Perfulandia_Final)
2026-06-16T00:15:38.269-04:00 DEBUG 19968 --- [boleta-ms] [restartedMain] c.example.boleta_ms.BoletaMsApplication  : Running with Spring Boot v4.0.6, Spring v7.0.7
2026-06-16T00:15:38.269-04:00  INFO 19968 --- [boleta-ms] [restartedMain] c.example.boleta_ms.BoletaMsApplication  : No active profile set, falling back to 1 default profile: "default"
2026-06-16T00:15:38.317-04:00  INFO 19968 --- [boleta-ms] [restartedMain] .e.DevToolsPropertyDefaultsPostProcessor : Devtools property defaults active! Set 'spring.devtools.add-properties' to 'false' to disable
2026-06-16T00:15:38.317-04:00  INFO 19968 --- [boleta-ms] [restartedMain] .e.DevToolsPropertyDefaultsPostProcessor : For additional web related logging consider setting the 'logging.level.web' property to 'DEBUG'
2026-06-16T00:15:39.298-04:00  INFO 19968 --- [boleta-ms] [restartedMain] .s.d.r.c.RepositoryConfigurationDelegate : Bootstrapping Spring Data JPA repositories in DEFAULT mode.
2026-06-16T00:15:39.479-04:00  INFO 19968 --- [boleta-ms] [restartedMain] .s.d.r.c.RepositoryConfigurationDelegate : Finished Spring Data repository scanning in 164 ms. Found 1 JPA repository interface.
2026-06-16T00:15:39.805-04:00  INFO 19968 --- [boleta-ms] [restartedMain] o.s.cloud.context.scope.GenericScope     : BeanFactory id=ecd487df-7dbf-38c5-9e79-93438c65a92a
2026-06-16T00:15:40.315-04:00  INFO 19968 --- [boleta-ms] [restartedMain] o.s.boot.tomcat.TomcatWebServer          : Tomcat initialized with port 8090 (http)
2026-06-16T00:15:40.337-04:00  INFO 19968 --- [boleta-ms] [restartedMain] o.apache.catalina.core.StandardService   : Starting service [Tomcat]
2026-06-16T00:15:40.338-04:00  INFO 19968 --- [boleta-ms] [restartedMain] o.apache.catalina.core.StandardEngine    : Starting Servlet engine: [Apache Tomcat/11.0.21]
2026-06-16T00:15:40.401-04:00  INFO 19968 --- [boleta-ms] [restartedMain] b.w.c.s.WebApplicationContextInitializer : Root WebApplicationContext: initialization completed in 2084 ms
2026-06-16T00:15:40.576-04:00  INFO 19968 --- [boleta-ms] [restartedMain] org.hibernate.orm.jpa                    : HHH008540: Processing PersistenceUnitInfo [name: default]
2026-06-16T00:15:40.638-04:00  INFO 19968 --- [boleta-ms] [restartedMain] org.hibernate.orm.core                   : HHH000001: Hibernate ORM core version 7.2.12.Final
2026-06-16T00:15:41.111-04:00  INFO 19968 --- [boleta-ms] [restartedMain] o.s.o.j.p.SpringPersistenceUnitInfo      : No LoadTimeWeaver setup: ignoring JPA class transformer
2026-06-16T00:15:41.147-04:00  INFO 19968 --- [boleta-ms] [restartedMain] com.zaxxer.hikari.HikariDataSource       : HikariPool-1 - Starting...
2026-06-16T00:15:41.273-04:00  INFO 19968 --- [boleta-ms] [restartedMain] com.zaxxer.hikari.pool.HikariPool        : HikariPool-1 - Added connection com.mysql.cj.jdbc.ConnectionImpl@52007b0
2026-06-16T00:15:41.288-04:00  INFO 19968 --- [boleta-ms] [restartedMain] com.zaxxer.hikari.HikariDataSource       : HikariPool-1 - Start completed.
2026-06-16T00:15:41.330-04:00  WARN 19968 --- [boleta-ms] [restartedMain] org.hibernate.orm.core                   : HHH000511: The 5.5.5 version for [org.hibernate.dialect.MySQLDialect] is no longer supported, hence certain features may not work properly.The minimum supported version is 8.0.0. Check the community dialects project for available legacy versions.
2026-06-16T00:15:41.333-04:00  WARN 19968 --- [boleta-ms] [restartedMain] org.hibernate.orm.deprecation            : HHH90000025: MySQLDialect does not need to be specified explicitly using 'hibernate.dialect' (remove the property setting and it will be selected by default)
2026-06-16T00:15:41.351-04:00  INFO 19968 --- [boleta-ms] [restartedMain] org.hibernate.orm.connections.pooling    : HHH10001005: Database info:
	Database JDBC URL [jdbc:mysql://localhost:3306/perfulandia_db?useSSL=false&serverTimezone=UTC]
	Database driver: MySQL Connector/J
	Database dialect: MySQLDialect
	Database version: 5.5.5
	Default catalog/schema: perfulandia_db/undefined
	Autocommit mode: undefined/unknown
	Isolation level: REPEATABLE_READ [default REPEATABLE_READ]
	JDBC fetch size: none
	Pool: DataSourceConnectionProvider
	Minimum pool size: undefined/unknown
	Maximum pool size: undefined/unknown
2026-06-16T00:15:42.091-04:00  INFO 19968 --- [boleta-ms] [restartedMain] org.hibernate.orm.core                   : HHH000489: No JTA platform available (set 'hibernate.transaction.jta.platform' to enable JTA platform integration)
2026-06-16T00:15:42.162-04:00  INFO 19968 --- [boleta-ms] [restartedMain] j.LocalContainerEntityManagerFactoryBean : Initialized JPA EntityManagerFactory for persistence unit 'default'
2026-06-16T00:15:42.246-04:00  INFO 19968 --- [boleta-ms] [restartedMain] o.s.d.j.r.query.QueryEnhancerFactories   : Hibernate is in classpath; If applicable, HQL parser will be used.
2026-06-16T00:15:42.575-04:00  WARN 19968 --- [boleta-ms] [restartedMain] JpaBaseConfiguration$JpaWebConfiguration : spring.jpa.open-in-view is enabled by default. Therefore, database queries may be performed during view rendering. Explicitly configure spring.jpa.open-in-view to disable this warning
2026-06-16T00:15:42.677-04:00  INFO 19968 --- [boleta-ms] [restartedMain] o.s.c.openfeign.FeignClientFactoryBean   : For 'clientes-ms' URL not provided. Will try picking an instance via load-balancing.
2026-06-16T00:15:42.725-04:00  INFO 19968 --- [boleta-ms] [restartedMain] o.s.c.openfeign.FeignClientFactoryBean   : For 'pedidos-ms' URL not provided. Will try picking an instance via load-balancing.
2026-06-16T00:15:42.752-04:00  INFO 19968 --- [boleta-ms] [restartedMain] o.s.c.openfeign.FeignClientFactoryBean   : For 'pago-ms' URL not provided. Will try picking an instance via load-balancing.
2026-06-16T00:15:42.879-04:00  INFO 19968 --- [boleta-ms] [restartedMain] r$InitializeUserDetailsManagerConfigurer : Global AuthenticationManager configured with UserDetailsService bean with name inMemoryUserDetailsManager
2026-06-16T00:15:43.482-04:00  INFO 19968 --- [boleta-ms] [restartedMain] DiscoveryClientOptionalArgsConfiguration : Eureka HTTP Client uses RestClient.
2026-06-16T00:15:43.510-04:00  WARN 19968 --- [boleta-ms] [restartedMain] iguration$LoadBalancerCaffeineWarnLogger : Spring Cloud LoadBalancer is currently working with the default cache. While this cache implementation is useful for development and tests, it's recommended to use Caffeine cache in production.You can switch to using Caffeine cache, by adding it and org.springframework.cache.caffeine.CaffeineCacheManager to the classpath.
2026-06-16T00:15:43.539-04:00  INFO 19968 --- [boleta-ms] [restartedMain] o.s.c.n.eureka.InstanceInfoFactory       : Setting initial instance status as: STARTING
2026-06-16T00:15:43.552-04:00  INFO 19968 --- [boleta-ms] [restartedMain] com.netflix.discovery.DiscoveryClient    : Initializing Eureka in region us-east-1
2026-06-16T00:15:43.567-04:00  INFO 19968 --- [boleta-ms] [restartedMain] c.n.d.s.r.aws.ConfigClusterResolver      : Resolving eureka endpoints via configuration
2026-06-16T00:15:43.572-04:00  INFO 19968 --- [boleta-ms] [restartedMain] com.netflix.discovery.DiscoveryClient    : Disable delta property : false
2026-06-16T00:15:43.572-04:00  INFO 19968 --- [boleta-ms] [restartedMain] com.netflix.discovery.DiscoveryClient    : Single vip registry refresh property : null
2026-06-16T00:15:43.572-04:00  INFO 19968 --- [boleta-ms] [restartedMain] com.netflix.discovery.DiscoveryClient    : Force full registry fetch : false
2026-06-16T00:15:43.572-04:00  INFO 19968 --- [boleta-ms] [restartedMain] com.netflix.discovery.DiscoveryClient    : Application is null : false
2026-06-16T00:15:43.572-04:00  INFO 19968 --- [boleta-ms] [restartedMain] com.netflix.discovery.DiscoveryClient    : Registered Applications size is zero : true
2026-06-16T00:15:43.578-04:00  INFO 19968 --- [boleta-ms] [restartedMain] com.netflix.discovery.DiscoveryClient    : Application version is -1: true
2026-06-16T00:15:43.578-04:00  INFO 19968 --- [boleta-ms] [restartedMain] com.netflix.discovery.DiscoveryClient    : Getting all instance registry info from the eureka server
2026-06-16T00:15:43.943-04:00  INFO 19968 --- [boleta-ms] [restartedMain] com.netflix.discovery.DiscoveryClient    : The response status is 200
2026-06-16T00:15:43.943-04:00  INFO 19968 --- [boleta-ms] [restartedMain] com.netflix.discovery.DiscoveryClient    : Starting heartbeat executor: renew interval is: 30
2026-06-16T00:15:43.943-04:00  INFO 19968 --- [boleta-ms] [restartedMain] c.n.discovery.InstanceInfoReplicator     : InstanceInfoReplicator onDemand update allowed rate per min is 4
2026-06-16T00:15:43.943-04:00  INFO 19968 --- [boleta-ms] [restartedMain] com.netflix.discovery.DiscoveryClient    : Discovery Client initialized at timestamp 1781583343943 with initial instances count: 9
2026-06-16T00:15:43.961-04:00  INFO 19968 --- [boleta-ms] [restartedMain] o.s.c.n.e.s.EurekaServiceRegistry        : Registering application BOLETA-MS with eureka with status UP
2026-06-16T00:15:43.962-04:00  INFO 19968 --- [boleta-ms] [restartedMain] com.netflix.discovery.DiscoveryClient    : Saw local status change event StatusChangeEvent [timestamp=1781583343962, current=UP, previous=STARTING]
2026-06-16T00:15:43.964-04:00  INFO 19968 --- [boleta-ms] [DiscoveryClient-InstanceInfoReplicator-%d] com.netflix.discovery.DiscoveryClient    : DiscoveryClient_BOLETA-MS/Pc-Toobal:boleta-ms:8090: registering service...
2026-06-16T00:15:43.997-04:00  INFO 19968 --- [boleta-ms] [restartedMain] o.s.boot.tomcat.TomcatWebServer          : Tomcat started on port 8090 (http) with context path '/'
2026-06-16T00:15:43.998-04:00  INFO 19968 --- [boleta-ms] [restartedMain] .s.c.n.e.s.EurekaAutoServiceRegistration : Updating port to 8090
2026-06-16T00:15:44.004-04:00  INFO 19968 --- [boleta-ms] [restartedMain] c.example.boleta_ms.BoletaMsApplication  : Started BoletaMsApplication in 6.256 seconds (process running for 7.035)
2026-06-16T00:15:44.013-04:00  WARN 19968 --- [boleta-ms] [restartedMain] o.s.core.events.SpringDocAppInitializer  : SpringDoc /api-docs endpoint is enabled by default. To disable it in production, set the property 'springdoc.api-docs.enabled=false'
2026-06-16T00:15:44.014-04:00  WARN 19968 --- [boleta-ms] [restartedMain] o.s.core.events.SpringDocAppInitializer  : SpringDoc /swagger-ui.html endpoint is enabled by default. To disable it in production, set the property 'springdoc.swagger-ui.enabled=false'
2026-06-16T00:15:44.016-04:00  INFO 19968 --- [boleta-ms] [DiscoveryClient-InstanceInfoReplicator-%d] com.netflix.discovery.DiscoveryClient    : DiscoveryClient_BOLETA-MS/Pc-Toobal:boleta-ms:8090 - registration status: 204
2026-06-16T00:20:43.584-04:00  INFO 19968 --- [boleta-ms] [AsyncResolver-bootstrap-executor-%d] c.n.d.s.r.aws.ConfigClusterResolver      : Resolving eureka endpoints via configuration
2026-06-16T00:25:43.592-04:00  INFO 19968 --- [boleta-ms] [AsyncResolver-bootstrap-executor-%d] c.n.d.s.r.aws.ConfigClusterResolver      : Resolving eureka endpoints via configuration
2026-06-16T00:30:43.596-04:00  INFO 19968 --- [boleta-ms] [AsyncResolver-bootstrap-executor-%d] c.n.d.s.r.aws.ConfigClusterResolver      : Resolving eureka endpoints via configuration
2026-06-16T11:54:41.863-04:00  INFO 23976 --- [boleta-ms] [restartedMain] c.example.boleta_ms.BoletaMsApplication  : Starting BoletaMsApplication using Java 21.0.10 with PID 23976 (C:\Users\Duoc\Documents\GitHub\Perfulandia_Final\boleta_ms\target\classes started by Duoc in C:\Users\Duoc\Documents\GitHub\Perfulandia_Final)
2026-06-16T11:54:41.868-04:00 DEBUG 23976 --- [boleta-ms] [restartedMain] c.example.boleta_ms.BoletaMsApplication  : Running with Spring Boot v4.0.6, Spring v7.0.7
2026-06-16T11:54:41.869-04:00  INFO 23976 --- [boleta-ms] [restartedMain] c.example.boleta_ms.BoletaMsApplication  : No active profile set, falling back to 1 default profile: "default"
2026-06-16T11:54:41.930-04:00  INFO 23976 --- [boleta-ms] [restartedMain] .e.DevToolsPropertyDefaultsPostProcessor : Devtools property defaults active! Set 'spring.devtools.add-properties' to 'false' to disable
2026-06-16T11:54:41.930-04:00  INFO 23976 --- [boleta-ms] [restartedMain] .e.DevToolsPropertyDefaultsPostProcessor : For additional web related logging consider setting the 'logging.level.web' property to 'DEBUG'
2026-06-16T11:54:43.182-04:00  INFO 23976 --- [boleta-ms] [restartedMain] .s.d.r.c.RepositoryConfigurationDelegate : Bootstrapping Spring Data JPA repositories in DEFAULT mode.
2026-06-16T11:54:43.322-04:00  INFO 23976 --- [boleta-ms] [restartedMain] .s.d.r.c.RepositoryConfigurationDelegate : Finished Spring Data repository scanning in 128 ms. Found 1 JPA repository interface.
2026-06-16T11:54:43.746-04:00  INFO 23976 --- [boleta-ms] [restartedMain] o.s.cloud.context.scope.GenericScope     : BeanFactory id=ecd487df-7dbf-38c5-9e79-93438c65a92a
2026-06-16T11:54:44.599-04:00  INFO 23976 --- [boleta-ms] [restartedMain] o.s.boot.tomcat.TomcatWebServer          : Tomcat initialized with port 8090 (http)
2026-06-16T11:54:44.627-04:00  INFO 23976 --- [boleta-ms] [restartedMain] o.apache.catalina.core.StandardService   : Starting service [Tomcat]
2026-06-16T11:54:44.628-04:00  INFO 23976 --- [boleta-ms] [restartedMain] o.apache.catalina.core.StandardEngine    : Starting Servlet engine: [Apache Tomcat/11.0.21]
2026-06-16T11:54:44.745-04:00  INFO 23976 --- [boleta-ms] [restartedMain] b.w.c.s.WebApplicationContextInitializer : Root WebApplicationContext: initialization completed in 2814 ms
2026-06-16T11:54:44.986-04:00  INFO 23976 --- [boleta-ms] [restartedMain] org.hibernate.orm.jpa                    : HHH008540: Processing PersistenceUnitInfo [name: default]
2026-06-16T11:54:45.046-04:00  INFO 23976 --- [boleta-ms] [restartedMain] org.hibernate.orm.core                   : HHH000001: Hibernate ORM core version 7.2.12.Final
2026-06-16T11:54:45.459-04:00  INFO 23976 --- [boleta-ms] [restartedMain] o.s.o.j.p.SpringPersistenceUnitInfo      : No LoadTimeWeaver setup: ignoring JPA class transformer
2026-06-16T11:54:45.492-04:00  INFO 23976 --- [boleta-ms] [restartedMain] com.zaxxer.hikari.HikariDataSource       : HikariPool-1 - Starting...
2026-06-16T11:54:45.638-04:00  INFO 23976 --- [boleta-ms] [restartedMain] com.zaxxer.hikari.pool.HikariPool        : HikariPool-1 - Added connection com.mysql.cj.jdbc.ConnectionImpl@79a4f1ab
2026-06-16T11:54:45.641-04:00  INFO 23976 --- [boleta-ms] [restartedMain] com.zaxxer.hikari.HikariDataSource       : HikariPool-1 - Start completed.
2026-06-16T11:54:45.682-04:00  WARN 23976 --- [boleta-ms] [restartedMain] org.hibernate.orm.core                   : HHH000511: The 5.5.5 version for [org.hibernate.dialect.MySQLDialect] is no longer supported, hence certain features may not work properly.The minimum supported version is 8.0.0. Check the community dialects project for available legacy versions.
2026-06-16T11:54:45.685-04:00  WARN 23976 --- [boleta-ms] [restartedMain] org.hibernate.orm.deprecation            : HHH90000025: MySQLDialect does not need to be specified explicitly using 'hibernate.dialect' (remove the property setting and it will be selected by default)
2026-06-16T11:54:45.717-04:00  INFO 23976 --- [boleta-ms] [restartedMain] org.hibernate.orm.connections.pooling    : HHH10001005: Database info:
	Database JDBC URL [jdbc:mysql://localhost:3306/perfulandia_db?useSSL=false&serverTimezone=UTC]
	Database driver: MySQL Connector/J
	Database dialect: MySQLDialect
	Database version: 5.5.5
	Default catalog/schema: perfulandia_db/undefined
	Autocommit mode: undefined/unknown
	Isolation level: REPEATABLE_READ [default REPEATABLE_READ]
	JDBC fetch size: none
	Pool: DataSourceConnectionProvider
	Minimum pool size: undefined/unknown
	Maximum pool size: undefined/unknown
2026-06-16T11:54:46.410-04:00  INFO 23976 --- [boleta-ms] [restartedMain] org.hibernate.orm.core                   : HHH000489: No JTA platform available (set 'hibernate.transaction.jta.platform' to enable JTA platform integration)
2026-06-16T11:54:46.530-04:00  INFO 23976 --- [boleta-ms] [restartedMain] j.LocalContainerEntityManagerFactoryBean : Initialized JPA EntityManagerFactory for persistence unit 'default'
2026-06-16T11:54:46.617-04:00  INFO 23976 --- [boleta-ms] [restartedMain] o.s.d.j.r.query.QueryEnhancerFactories   : Hibernate is in classpath; If applicable, HQL parser will be used.
2026-06-16T11:54:46.953-04:00  WARN 23976 --- [boleta-ms] [restartedMain] JpaBaseConfiguration$JpaWebConfiguration : spring.jpa.open-in-view is enabled by default. Therefore, database queries may be performed during view rendering. Explicitly configure spring.jpa.open-in-view to disable this warning
2026-06-16T11:54:47.052-04:00  INFO 23976 --- [boleta-ms] [restartedMain] o.s.c.openfeign.FeignClientFactoryBean   : For 'clientes-ms' URL not provided. Will try picking an instance via load-balancing.
2026-06-16T11:54:47.120-04:00  INFO 23976 --- [boleta-ms] [restartedMain] o.s.c.openfeign.FeignClientFactoryBean   : For 'pedidos-ms' URL not provided. Will try picking an instance via load-balancing.
2026-06-16T11:54:47.156-04:00  INFO 23976 --- [boleta-ms] [restartedMain] o.s.c.openfeign.FeignClientFactoryBean   : For 'pago-ms' URL not provided. Will try picking an instance via load-balancing.
2026-06-16T11:54:47.345-04:00  INFO 23976 --- [boleta-ms] [restartedMain] r$InitializeUserDetailsManagerConfigurer : Global AuthenticationManager configured with UserDetailsService bean with name inMemoryUserDetailsManager
2026-06-16T11:54:48.088-04:00  INFO 23976 --- [boleta-ms] [restartedMain] DiscoveryClientOptionalArgsConfiguration : Eureka HTTP Client uses RestClient.
2026-06-16T11:54:48.122-04:00  WARN 23976 --- [boleta-ms] [restartedMain] iguration$LoadBalancerCaffeineWarnLogger : Spring Cloud LoadBalancer is currently working with the default cache. While this cache implementation is useful for development and tests, it's recommended to use Caffeine cache in production.You can switch to using Caffeine cache, by adding it and org.springframework.cache.caffeine.CaffeineCacheManager to the classpath.
2026-06-16T11:54:48.158-04:00  INFO 23976 --- [boleta-ms] [restartedMain] o.s.c.n.eureka.InstanceInfoFactory       : Setting initial instance status as: STARTING
2026-06-16T11:54:48.186-04:00  INFO 23976 --- [boleta-ms] [restartedMain] com.netflix.discovery.DiscoveryClient    : Initializing Eureka in region us-east-1
2026-06-16T11:54:48.189-04:00  INFO 23976 --- [boleta-ms] [restartedMain] c.n.d.s.r.aws.ConfigClusterResolver      : Resolving eureka endpoints via configuration
2026-06-16T11:54:48.200-04:00  INFO 23976 --- [boleta-ms] [restartedMain] com.netflix.discovery.DiscoveryClient    : Disable delta property : false
2026-06-16T11:54:48.200-04:00  INFO 23976 --- [boleta-ms] [restartedMain] com.netflix.discovery.DiscoveryClient    : Single vip registry refresh property : null
2026-06-16T11:54:48.201-04:00  INFO 23976 --- [boleta-ms] [restartedMain] com.netflix.discovery.DiscoveryClient    : Force full registry fetch : false
2026-06-16T11:54:48.201-04:00  INFO 23976 --- [boleta-ms] [restartedMain] com.netflix.discovery.DiscoveryClient    : Application is null : false
2026-06-16T11:54:48.201-04:00  INFO 23976 --- [boleta-ms] [restartedMain] com.netflix.discovery.DiscoveryClient    : Registered Applications size is zero : true
2026-06-16T11:54:48.202-04:00  INFO 23976 --- [boleta-ms] [restartedMain] com.netflix.discovery.DiscoveryClient    : Application version is -1: true
2026-06-16T11:54:48.202-04:00  INFO 23976 --- [boleta-ms] [restartedMain] com.netflix.discovery.DiscoveryClient    : Getting all instance registry info from the eureka server
2026-06-16T11:54:48.527-04:00  INFO 23976 --- [boleta-ms] [restartedMain] com.netflix.discovery.DiscoveryClient    : The response status is 200
2026-06-16T11:54:48.530-04:00  INFO 23976 --- [boleta-ms] [restartedMain] com.netflix.discovery.DiscoveryClient    : Starting heartbeat executor: renew interval is: 30
2026-06-16T11:54:48.533-04:00  INFO 23976 --- [boleta-ms] [restartedMain] c.n.discovery.InstanceInfoReplicator     : InstanceInfoReplicator onDemand update allowed rate per min is 4
2026-06-16T11:54:48.535-04:00  INFO 23976 --- [boleta-ms] [restartedMain] com.netflix.discovery.DiscoveryClient    : Discovery Client initialized at timestamp 1781625288534 with initial instances count: 9
2026-06-16T11:54:48.542-04:00  INFO 23976 --- [boleta-ms] [restartedMain] o.s.c.n.e.s.EurekaServiceRegistry        : Registering application BOLETA-MS with eureka with status UP
2026-06-16T11:54:48.543-04:00  INFO 23976 --- [boleta-ms] [restartedMain] com.netflix.discovery.DiscoveryClient    : Saw local status change event StatusChangeEvent [timestamp=1781625288543, current=UP, previous=STARTING]
2026-06-16T11:54:48.546-04:00  INFO 23976 --- [boleta-ms] [DiscoveryClient-InstanceInfoReplicator-%d] com.netflix.discovery.DiscoveryClient    : DiscoveryClient_BOLETA-MS/PAAWSA02LR0622.duoc.acad:boleta-ms:8090: registering service...
2026-06-16T11:54:48.582-04:00  INFO 23976 --- [boleta-ms] [restartedMain] o.s.boot.tomcat.TomcatWebServer          : Tomcat started on port 8090 (http) with context path '/'
2026-06-16T11:54:48.584-04:00  INFO 23976 --- [boleta-ms] [restartedMain] .s.c.n.e.s.EurekaAutoServiceRegistration : Updating port to 8090
2026-06-16T11:54:48.602-04:00  INFO 23976 --- [boleta-ms] [restartedMain] c.example.boleta_ms.BoletaMsApplication  : Started BoletaMsApplication in 7.254 seconds (process running for 8.167)
2026-06-16T11:54:48.606-04:00  WARN 23976 --- [boleta-ms] [restartedMain] o.s.core.events.SpringDocAppInitializer  : SpringDoc /api-docs endpoint is enabled by default. To disable it in production, set the property 'springdoc.api-docs.enabled=false'
2026-06-16T11:54:48.607-04:00  INFO 23976 --- [boleta-ms] [DiscoveryClient-InstanceInfoReplicator-%d] com.netflix.discovery.DiscoveryClient    : DiscoveryClient_BOLETA-MS/PAAWSA02LR0622.duoc.acad:boleta-ms:8090 - registration status: 204
2026-06-16T11:54:48.607-04:00  WARN 23976 --- [boleta-ms] [restartedMain] o.s.core.events.SpringDocAppInitializer  : SpringDoc /swagger-ui.html endpoint is enabled by default. To disable it in production, set the property 'springdoc.swagger-ui.enabled=false'
2026-06-16T11:55:06.085-04:00  INFO 23976 --- [boleta-ms] [http-nio-8090-exec-2] o.a.c.c.C.[Tomcat].[localhost].[/]       : Initializing Spring DispatcherServlet 'dispatcherServlet'
2026-06-16T11:55:06.086-04:00  INFO 23976 --- [boleta-ms] [http-nio-8090-exec-2] o.s.web.servlet.DispatcherServlet        : Initializing Servlet 'dispatcherServlet'
2026-06-16T11:55:06.088-04:00  INFO 23976 --- [boleta-ms] [http-nio-8090-exec-2] o.s.web.servlet.DispatcherServlet        : Completed initialization in 1 ms
2026-06-16T11:59:48.204-04:00  INFO 23976 --- [boleta-ms] [AsyncResolver-bootstrap-executor-%d] c.n.d.s.r.aws.ConfigClusterResolver      : Resolving eureka endpoints via configuration
2026-06-16T12:04:48.216-04:00  INFO 23976 --- [boleta-ms] [AsyncResolver-bootstrap-executor-%d] c.n.d.s.r.aws.ConfigClusterResolver      : Resolving eureka endpoints via configuration
2026-06-16T12:09:48.228-04:00  INFO 23976 --- [boleta-ms] [AsyncResolver-bootstrap-executor-%d] c.n.d.s.r.aws.ConfigClusterResolver      : Resolving eureka endpoints via configuration
2026-06-16T12:14:48.244-04:00  INFO 23976 --- [boleta-ms] [AsyncResolver-bootstrap-executor-%d] c.n.d.s.r.aws.ConfigClusterResolver      : Resolving eureka endpoints via configuration
2026-06-16T12:19:25.140-04:00  WARN 23976 --- [boleta-ms] [HikariPool-1:housekeeper] com.zaxxer.hikari.pool.PoolBase          : HikariPool-1 - Failed to validate connection com.mysql.cj.jdbc.ConnectionImpl@7b85a135 (No operations allowed after connection closed.). Possibly consider using a shorter maxLifetime value.
2026-06-16T12:19:32.373-04:00  WARN 23976 --- [boleta-ms] [HikariPool-1:housekeeper] com.zaxxer.hikari.pool.PoolBase          : HikariPool-1 - Failed to validate connection com.mysql.cj.jdbc.ConnectionImpl@4987804d (No operations allowed after connection closed.). Possibly consider using a shorter maxLifetime value.
2026-06-16T12:19:36.812-04:00  WARN 23976 --- [boleta-ms] [HikariPool-1:housekeeper] com.zaxxer.hikari.pool.PoolBase          : HikariPool-1 - Failed to validate connection com.mysql.cj.jdbc.ConnectionImpl@7e7d7d70 (No operations allowed after connection closed.). Possibly consider using a shorter maxLifetime value.
2026-06-16T12:19:36.982-04:00  WARN 23976 --- [boleta-ms] [HikariPool-1:housekeeper] com.zaxxer.hikari.pool.PoolBase          : HikariPool-1 - Failed to validate connection com.mysql.cj.jdbc.ConnectionImpl@44bfbd69 (No operations allowed after connection closed.). Possibly consider using a shorter maxLifetime value.
2026-06-16T12:19:39.209-04:00  WARN 23976 --- [boleta-ms] [HikariPool-1:housekeeper] com.zaxxer.hikari.pool.PoolBase          : HikariPool-1 - Failed to validate connection com.mysql.cj.jdbc.ConnectionImpl@31cfc85b (No operations allowed after connection closed.). Possibly consider using a shorter maxLifetime value.
2026-06-16T12:19:40.379-04:00  WARN 23976 --- [boleta-ms] [HikariPool-1:housekeeper] com.zaxxer.hikari.pool.PoolBase          : HikariPool-1 - Failed to validate connection com.mysql.cj.jdbc.ConnectionImpl@26952e17 (No operations allowed after connection closed.). Possibly consider using a shorter maxLifetime value.
2026-06-16T12:19:48.249-04:00  INFO 23976 --- [boleta-ms] [AsyncResolver-bootstrap-executor-%d] c.n.d.s.r.aws.ConfigClusterResolver      : Resolving eureka endpoints via configuration
2026-06-16T12:20:19.554-04:00  WARN 23976 --- [boleta-ms] [HikariPool-1:housekeeper] com.zaxxer.hikari.pool.PoolBase          : HikariPool-1 - Failed to validate connection com.mysql.cj.jdbc.ConnectionImpl@33165148 (No operations allowed after connection closed.). Possibly consider using a shorter maxLifetime value.
2026-06-16T12:20:28.549-04:00  WARN 23976 --- [boleta-ms] [HikariPool-1:housekeeper] com.zaxxer.hikari.pool.PoolBase          : HikariPool-1 - Failed to validate connection com.mysql.cj.jdbc.ConnectionImpl@45b96ab2 (No operations allowed after connection closed.). Possibly consider using a shorter maxLifetime value.
2026-06-16T12:20:33.063-04:00  WARN 23976 --- [boleta-ms] [HikariPool-1:housekeeper] com.zaxxer.hikari.pool.PoolBase          : HikariPool-1 - Failed to validate connection com.mysql.cj.jdbc.ConnectionImpl@4bce9597 (No operations allowed after connection closed.). Possibly consider using a shorter maxLifetime value.
2026-06-16T12:20:35.828-04:00  WARN 23976 --- [boleta-ms] [HikariPool-1:connection-adder] com.zaxxer.hikari.pool.PoolBase          : HikariPool-1 - Pool is empty, failed to create/setup connection (aae0e69b-61fe-4e0b-9e12-6538136abb23)

com.mysql.cj.jdbc.exceptions.CommunicationsException: Communications link failure

The last packet sent successfully to the server was 0 milliseconds ago. The driver has not received any packets from the server.
	at com.mysql.cj.jdbc.exceptions.SQLError.createCommunicationsException(SQLError.java:165) ~[mysql-connector-j-9.7.0.jar:9.7.0]
	at com.mysql.cj.jdbc.exceptions.SQLExceptionsMapping.translateException(SQLExceptionsMapping.java:55) ~[mysql-connector-j-9.7.0.jar:9.7.0]
	at com.mysql.cj.jdbc.ConnectionImpl.createNewIO(ConnectionImpl.java:840) ~[mysql-connector-j-9.7.0.jar:9.7.0]
	at com.mysql.cj.jdbc.ConnectionImpl.<init>(ConnectionImpl.java:416) ~[mysql-connector-j-9.7.0.jar:9.7.0]
	at com.mysql.cj.jdbc.ConnectionImpl.getInstance(ConnectionImpl.java:237) ~[mysql-connector-j-9.7.0.jar:9.7.0]
	at com.mysql.cj.jdbc.NonRegisteringDriver.connect(NonRegisteringDriver.java:180) ~[mysql-connector-j-9.7.0.jar:9.7.0]
	at com.zaxxer.hikari.util.DriverDataSource.getConnection(DriverDataSource.java:144) ~[HikariCP-7.0.2.jar:na]
	at com.zaxxer.hikari.pool.PoolBase.newConnection(PoolBase.java:373) ~[HikariCP-7.0.2.jar:na]
	at com.zaxxer.hikari.pool.PoolBase.newPoolEntry(PoolBase.java:210) ~[HikariCP-7.0.2.jar:na]
	at com.zaxxer.hikari.pool.HikariPool.createPoolEntry(HikariPool.java:488) ~[HikariCP-7.0.2.jar:na]
	at com.zaxxer.hikari.pool.HikariPool$PoolEntryCreator.call(HikariPool.java:752) ~[HikariCP-7.0.2.jar:na]
	at com.zaxxer.hikari.pool.HikariPool$PoolEntryCreator.call(HikariPool.java:731) ~[HikariCP-7.0.2.jar:na]
	at java.base/java.util.concurrent.FutureTask.run(FutureTask.java:317) ~[na:na]
	at java.base/java.util.concurrent.ThreadPoolExecutor.runWorker(ThreadPoolExecutor.java:1144) ~[na:na]
	at java.base/java.util.concurrent.ThreadPoolExecutor$Worker.run(ThreadPoolExecutor.java:642) ~[na:na]
	at java.base/java.lang.Thread.run(Thread.java:1583) ~[na:na]
Caused by: com.mysql.cj.exceptions.CJCommunicationsException: Communications link failure

The last packet sent successfully to the server was 0 milliseconds ago. The driver has not received any packets from the server.
	at java.base/jdk.internal.reflect.DirectConstructorHandleAccessor.newInstance(DirectConstructorHandleAccessor.java:62) ~[na:na]
	at java.base/java.lang.reflect.Constructor.newInstanceWithCaller(Constructor.java:502) ~[na:na]
	at java.base/java.lang.reflect.Constructor.newInstance(Constructor.java:486) ~[na:na]
	at com.mysql.cj.exceptions.ExceptionFactory.createException(ExceptionFactory.java:52) ~[mysql-connector-j-9.7.0.jar:9.7.0]
	at com.mysql.cj.exceptions.ExceptionFactory.createException(ExceptionFactory.java:95) ~[mysql-connector-j-9.7.0.jar:9.7.0]
	at com.mysql.cj.exceptions.ExceptionFactory.createException(ExceptionFactory.java:140) ~[mysql-connector-j-9.7.0.jar:9.7.0]
	at com.mysql.cj.exceptions.ExceptionFactory.createCommunicationsException(ExceptionFactory.java:156) ~[mysql-connector-j-9.7.0.jar:9.7.0]
	at com.mysql.cj.protocol.a.NativeSocketConnection.connect(NativeSocketConnection.java:79) ~[mysql-connector-j-9.7.0.jar:9.7.0]
	at com.mysql.cj.NativeSession.connect(NativeSession.java:142) ~[mysql-connector-j-9.7.0.jar:9.7.0]
	at com.mysql.cj.jdbc.ConnectionImpl.connectOneTryOnly(ConnectionImpl.java:964) ~[mysql-connector-j-9.7.0.jar:9.7.0]
	at com.mysql.cj.jdbc.ConnectionImpl.createNewIO(ConnectionImpl.java:828) ~[mysql-connector-j-9.7.0.jar:9.7.0]
	... 13 common frames omitted
Caused by: java.net.ConnectException: Connection refused: getsockopt
	at java.base/sun.nio.ch.Net.pollConnect(Native Method) ~[na:na]
	at java.base/sun.nio.ch.Net.pollConnectNow(Net.java:690) ~[na:na]
	at java.base/sun.nio.ch.NioSocketImpl.timedFinishConnect(NioSocketImpl.java:542) ~[na:na]
	at java.base/sun.nio.ch.NioSocketImpl.connect(NioSocketImpl.java:592) ~[na:na]
	at java.base/java.net.SocksSocketImpl.connect(SocksSocketImpl.java:327) ~[na:na]
	at java.base/java.net.Socket.connect(Socket.java:751) ~[na:na]
	at com.mysql.cj.protocol.StandardSocketFactory.connect(StandardSocketFactory.java:144) ~[mysql-connector-j-9.7.0.jar:9.7.0]
	at com.mysql.cj.protocol.a.NativeSocketConnection.connect(NativeSocketConnection.java:53) ~[mysql-connector-j-9.7.0.jar:9.7.0]
	... 16 common frames omitted

2026-06-16T12:21:41.099-04:00  WARN 23976 --- [boleta-ms] [HikariPool-1:connection-adder] com.zaxxer.hikari.pool.PoolBase          : HikariPool-1 - Pool is empty, failed to create/setup connection (b726e321-7037-4faa-9372-3f1a74fd5a0f)

com.mysql.cj.jdbc.exceptions.CommunicationsException: Communications link failure

The last packet sent successfully to the server was 0 milliseconds ago. The driver has not received any packets from the server.
	at com.mysql.cj.jdbc.exceptions.SQLError.createCommunicationsException(SQLError.java:165) ~[mysql-connector-j-9.7.0.jar:9.7.0]
	at com.mysql.cj.jdbc.exceptions.SQLExceptionsMapping.translateException(SQLExceptionsMapping.java:55) ~[mysql-connector-j-9.7.0.jar:9.7.0]
	at com.mysql.cj.jdbc.ConnectionImpl.createNewIO(ConnectionImpl.java:840) ~[mysql-connector-j-9.7.0.jar:9.7.0]
	at com.mysql.cj.jdbc.ConnectionImpl.<init>(ConnectionImpl.java:416) ~[mysql-connector-j-9.7.0.jar:9.7.0]
	at com.mysql.cj.jdbc.ConnectionImpl.getInstance(ConnectionImpl.java:237) ~[mysql-connector-j-9.7.0.jar:9.7.0]
	at com.mysql.cj.jdbc.NonRegisteringDriver.connect(NonRegisteringDriver.java:180) ~[mysql-connector-j-9.7.0.jar:9.7.0]
	at com.zaxxer.hikari.util.DriverDataSource.getConnection(DriverDataSource.java:144) ~[HikariCP-7.0.2.jar:na]
	at com.zaxxer.hikari.pool.PoolBase.newConnection(PoolBase.java:373) ~[HikariCP-7.0.2.jar:na]
	at com.zaxxer.hikari.pool.PoolBase.newPoolEntry(PoolBase.java:210) ~[HikariCP-7.0.2.jar:na]
	at com.zaxxer.hikari.pool.HikariPool.createPoolEntry(HikariPool.java:488) ~[HikariCP-7.0.2.jar:na]
	at com.zaxxer.hikari.pool.HikariPool$PoolEntryCreator.call(HikariPool.java:752) ~[HikariCP-7.0.2.jar:na]
	at com.zaxxer.hikari.pool.HikariPool$PoolEntryCreator.call(HikariPool.java:731) ~[HikariCP-7.0.2.jar:na]
	at java.base/java.util.concurrent.FutureTask.run(FutureTask.java:317) ~[na:na]
	at java.base/java.util.concurrent.ThreadPoolExecutor.runWorker(ThreadPoolExecutor.java:1144) ~[na:na]
	at java.base/java.util.concurrent.ThreadPoolExecutor$Worker.run(ThreadPoolExecutor.java:642) ~[na:na]
	at java.base/java.lang.Thread.run(Thread.java:1583) ~[na:na]
Caused by: com.mysql.cj.exceptions.CJCommunicationsException: Communications link failure

The last packet sent successfully to the server was 0 milliseconds ago. The driver has not received any packets from the server.
	at java.base/jdk.internal.reflect.DirectConstructorHandleAccessor.newInstance(DirectConstructorHandleAccessor.java:62) ~[na:na]
	at java.base/java.lang.reflect.Constructor.newInstanceWithCaller(Constructor.java:502) ~[na:na]
	at java.base/java.lang.reflect.Constructor.newInstance(Constructor.java:486) ~[na:na]
	at com.mysql.cj.exceptions.ExceptionFactory.createException(ExceptionFactory.java:52) ~[mysql-connector-j-9.7.0.jar:9.7.0]
	at com.mysql.cj.exceptions.ExceptionFactory.createException(ExceptionFactory.java:95) ~[mysql-connector-j-9.7.0.jar:9.7.0]
	at com.mysql.cj.exceptions.ExceptionFactory.createException(ExceptionFactory.java:140) ~[mysql-connector-j-9.7.0.jar:9.7.0]
	at com.mysql.cj.exceptions.ExceptionFactory.createCommunicationsException(ExceptionFactory.java:156) ~[mysql-connector-j-9.7.0.jar:9.7.0]
	at com.mysql.cj.protocol.a.NativeSocketConnection.connect(NativeSocketConnection.java:79) ~[mysql-connector-j-9.7.0.jar:9.7.0]
	at com.mysql.cj.NativeSession.connect(NativeSession.java:142) ~[mysql-connector-j-9.7.0.jar:9.7.0]
	at com.mysql.cj.jdbc.ConnectionImpl.connectOneTryOnly(ConnectionImpl.java:964) ~[mysql-connector-j-9.7.0.jar:9.7.0]
	at com.mysql.cj.jdbc.ConnectionImpl.createNewIO(ConnectionImpl.java:828) ~[mysql-connector-j-9.7.0.jar:9.7.0]
	... 13 common frames omitted
Caused by: java.net.ConnectException: Connection refused: getsockopt
	at java.base/sun.nio.ch.Net.pollConnect(Native Method) ~[na:na]
	at java.base/sun.nio.ch.Net.pollConnectNow(Net.java:690) ~[na:na]
	at java.base/sun.nio.ch.NioSocketImpl.timedFinishConnect(NioSocketImpl.java:542) ~[na:na]
	at java.base/sun.nio.ch.NioSocketImpl.connect(NioSocketImpl.java:592) ~[na:na]
	at java.base/java.net.SocksSocketImpl.connect(SocksSocketImpl.java:327) ~[na:na]
	at java.base/java.net.Socket.connect(Socket.java:751) ~[na:na]
	at com.mysql.cj.protocol.StandardSocketFactory.connect(StandardSocketFactory.java:144) ~[mysql-connector-j-9.7.0.jar:9.7.0]
	at com.mysql.cj.protocol.a.NativeSocketConnection.connect(NativeSocketConnection.java:53) ~[mysql-connector-j-9.7.0.jar:9.7.0]
	... 16 common frames omitted

2026-06-16T12:22:46.277-04:00  WARN 23976 --- [boleta-ms] [HikariPool-1:connection-adder] com.zaxxer.hikari.pool.PoolBase          : HikariPool-1 - Pool is empty, failed to create/setup connection (c68106ce-848a-45a0-91f4-02ac11bc9faa)

com.mysql.cj.jdbc.exceptions.CommunicationsException: Communications link failure

The last packet sent successfully to the server was 0 milliseconds ago. The driver has not received any packets from the server.
	at com.mysql.cj.jdbc.exceptions.SQLError.createCommunicationsException(SQLError.java:165) ~[mysql-connector-j-9.7.0.jar:9.7.0]
	at com.mysql.cj.jdbc.exceptions.SQLExceptionsMapping.translateException(SQLExceptionsMapping.java:55) ~[mysql-connector-j-9.7.0.jar:9.7.0]
	at com.mysql.cj.jdbc.ConnectionImpl.createNewIO(ConnectionImpl.java:840) ~[mysql-connector-j-9.7.0.jar:9.7.0]
	at com.mysql.cj.jdbc.ConnectionImpl.<init>(ConnectionImpl.java:416) ~[mysql-connector-j-9.7.0.jar:9.7.0]
	at com.mysql.cj.jdbc.ConnectionImpl.getInstance(ConnectionImpl.java:237) ~[mysql-connector-j-9.7.0.jar:9.7.0]
	at com.mysql.cj.jdbc.NonRegisteringDriver.connect(NonRegisteringDriver.java:180) ~[mysql-connector-j-9.7.0.jar:9.7.0]
	at com.zaxxer.hikari.util.DriverDataSource.getConnection(DriverDataSource.java:144) ~[HikariCP-7.0.2.jar:na]
	at com.zaxxer.hikari.pool.PoolBase.newConnection(PoolBase.java:373) ~[HikariCP-7.0.2.jar:na]
	at com.zaxxer.hikari.pool.PoolBase.newPoolEntry(PoolBase.java:210) ~[HikariCP-7.0.2.jar:na]
	at com.zaxxer.hikari.pool.HikariPool.createPoolEntry(HikariPool.java:488) ~[HikariCP-7.0.2.jar:na]
	at com.zaxxer.hikari.pool.HikariPool$PoolEntryCreator.call(HikariPool.java:752) ~[HikariCP-7.0.2.jar:na]
	at com.zaxxer.hikari.pool.HikariPool$PoolEntryCreator.call(HikariPool.java:731) ~[HikariCP-7.0.2.jar:na]
	at java.base/java.util.concurrent.FutureTask.run(FutureTask.java:317) ~[na:na]
	at java.base/java.util.concurrent.ThreadPoolExecutor.runWorker(ThreadPoolExecutor.java:1144) ~[na:na]
	at java.base/java.util.concurrent.ThreadPoolExecutor$Worker.run(ThreadPoolExecutor.java:642) ~[na:na]
	at java.base/java.lang.Thread.run(Thread.java:1583) ~[na:na]
Caused by: com.mysql.cj.exceptions.CJCommunicationsException: Communications link failure

The last packet sent successfully to the server was 0 milliseconds ago. The driver has not received any packets from the server.
	at java.base/jdk.internal.reflect.DirectConstructorHandleAccessor.newInstance(DirectConstructorHandleAccessor.java:62) ~[na:na]
	at java.base/java.lang.reflect.Constructor.newInstanceWithCaller(Constructor.java:502) ~[na:na]
	at java.base/java.lang.reflect.Constructor.newInstance(Constructor.java:486) ~[na:na]
	at com.mysql.cj.exceptions.ExceptionFactory.createException(ExceptionFactory.java:52) ~[mysql-connector-j-9.7.0.jar:9.7.0]
	at com.mysql.cj.exceptions.ExceptionFactory.createException(ExceptionFactory.java:95) ~[mysql-connector-j-9.7.0.jar:9.7.0]
	at com.mysql.cj.exceptions.ExceptionFactory.createException(ExceptionFactory.java:140) ~[mysql-connector-j-9.7.0.jar:9.7.0]
	at com.mysql.cj.exceptions.ExceptionFactory.createCommunicationsException(ExceptionFactory.java:156) ~[mysql-connector-j-9.7.0.jar:9.7.0]
	at com.mysql.cj.protocol.a.NativeSocketConnection.connect(NativeSocketConnection.java:79) ~[mysql-connector-j-9.7.0.jar:9.7.0]
	at com.mysql.cj.NativeSession.connect(NativeSession.java:142) ~[mysql-connector-j-9.7.0.jar:9.7.0]
	at com.mysql.cj.jdbc.ConnectionImpl.connectOneTryOnly(ConnectionImpl.java:964) ~[mysql-connector-j-9.7.0.jar:9.7.0]
	at com.mysql.cj.jdbc.ConnectionImpl.createNewIO(ConnectionImpl.java:828) ~[mysql-connector-j-9.7.0.jar:9.7.0]
	... 13 common frames omitted
Caused by: java.net.ConnectException: Connection refused: getsockopt
	at java.base/sun.nio.ch.Net.pollConnect(Native Method) ~[na:na]
	at java.base/sun.nio.ch.Net.pollConnectNow(Net.java:690) ~[na:na]
	at java.base/sun.nio.ch.NioSocketImpl.timedFinishConnect(NioSocketImpl.java:542) ~[na:na]
	at java.base/sun.nio.ch.NioSocketImpl.connect(NioSocketImpl.java:592) ~[na:na]
	at java.base/java.net.SocksSocketImpl.connect(SocksSocketImpl.java:327) ~[na:na]
	at java.base/java.net.Socket.connect(Socket.java:751) ~[na:na]
	at com.mysql.cj.protocol.StandardSocketFactory.connect(StandardSocketFactory.java:144) ~[mysql-connector-j-9.7.0.jar:9.7.0]
	at com.mysql.cj.protocol.a.NativeSocketConnection.connect(NativeSocketConnection.java:53) ~[mysql-connector-j-9.7.0.jar:9.7.0]
	... 16 common frames omitted

