2026-06-16T00:03:56.667-04:00  INFO 1132 --- [inventario_ms] [AsyncResolver-bootstrap-executor-%d] c.n.d.s.r.aws.ConfigClusterResolver      : Resolving eureka endpoints via configuration
2026-06-16T00:08:29.828-04:00  INFO 1132 --- [inventario_ms] [File Watcher] rtingClassPathChangeChangedEventListener : Restarting due to 1 class path change (0 additions, 0 deletions, 1 modification)
2026-06-16T00:08:29.828-04:00  INFO 1132 --- [inventario_ms] [Thread-1] o.s.c.n.e.s.EurekaServiceRegistry        : Unregistering application INVENTARIO_MS with eureka with status DOWN
2026-06-16T00:08:29.828-04:00  INFO 1132 --- [inventario_ms] [Thread-1] com.netflix.discovery.DiscoveryClient    : Saw local status change event StatusChangeEvent [timestamp=1781582909828, current=DOWN, previous=UP]
2026-06-16T00:08:29.828-04:00  INFO 1132 --- [inventario_ms] [DiscoveryClient-InstanceInfoReplicator-%d] com.netflix.discovery.DiscoveryClient    : DiscoveryClient_INVENTARIO_MS/Pc-Toobal:inventario_ms:8085: registering service...
2026-06-16T00:08:29.828-04:00  INFO 1132 --- [inventario_ms] [Thread-1] o.s.boot.tomcat.GracefulShutdown         : Commencing graceful shutdown. Waiting for active requests to complete
2026-06-16T00:08:29.839-04:00  INFO 1132 --- [inventario_ms] [DiscoveryClient-InstanceInfoReplicator-%d] com.netflix.discovery.DiscoveryClient    : DiscoveryClient_INVENTARIO_MS/Pc-Toobal:inventario_ms:8085 - registration status: 204
2026-06-16T00:08:29.841-04:00  INFO 1132 --- [inventario_ms] [tomcat-shutdown] o.s.boot.tomcat.GracefulShutdown         : Graceful shutdown complete
2026-06-16T00:08:29.846-04:00  INFO 1132 --- [inventario_ms] [Thread-1] j.LocalContainerEntityManagerFactoryBean : Closing JPA EntityManagerFactory for persistence unit 'default'
2026-06-16T00:08:29.851-04:00  INFO 1132 --- [inventario_ms] [Thread-1] com.zaxxer.hikari.HikariDataSource       : HikariPool-1 - Shutdown initiated...
2026-06-16T00:08:29.854-04:00  INFO 1132 --- [inventario_ms] [Thread-1] com.zaxxer.hikari.HikariDataSource       : HikariPool-1 - Shutdown completed.
2026-06-16T00:08:29.854-04:00  INFO 1132 --- [inventario_ms] [Thread-1] com.netflix.discovery.DiscoveryClient    : Shutting down DiscoveryClient ...
2026-06-16T00:08:32.859-04:00  INFO 1132 --- [inventario_ms] [Thread-1] com.netflix.discovery.DiscoveryClient    : Unregistering ...
2026-06-16T00:08:32.876-04:00  INFO 1132 --- [inventario_ms] [Thread-1] com.netflix.discovery.DiscoveryClient    : DiscoveryClient_INVENTARIO_MS/Pc-Toobal:inventario_ms:8085 - deregister  status: 200
2026-06-16T00:08:32.877-04:00  INFO 1132 --- [inventario_ms] [Thread-1] com.netflix.discovery.DiscoveryClient    : Completed shut down of DiscoveryClient
2026-06-16T00:08:32.974-04:00  INFO 1132 --- [inventario-ms] [restartedMain] c.e.i.InventarioMsApplication            : Starting InventarioMsApplication using Java 21.0.10 with PID 1132 (C:\Users\Moonlabpc\Documents\GitHub\Perfulandia_Final\inventario_ms\target\classes started by Moonlabpc in C:\Users\Moonlabpc\Documents\GitHub\Perfulandia_Final)
2026-06-16T00:08:32.975-04:00 DEBUG 1132 --- [inventario-ms] [restartedMain] c.e.i.InventarioMsApplication            : Running with Spring Boot v4.0.6, Spring v7.0.7
2026-06-16T00:08:32.975-04:00  INFO 1132 --- [inventario-ms] [restartedMain] c.e.i.InventarioMsApplication            : No active profile set, falling back to 1 default profile: "default"
2026-06-16T00:08:33.224-04:00  INFO 1132 --- [inventario-ms] [restartedMain] .s.d.r.c.RepositoryConfigurationDelegate : Bootstrapping Spring Data JPA repositories in DEFAULT mode.
2026-06-16T00:08:33.224-04:00  INFO 1132 --- [inventario-ms] [restartedMain] .s.d.r.c.RepositoryConfigurationDelegate : Finished Spring Data repository scanning in 8 ms. Found 1 JPA repository interface.
2026-06-16T00:08:33.321-04:00  INFO 1132 --- [inventario-ms] [restartedMain] o.s.cloud.context.scope.GenericScope     : BeanFactory id=a88ed6c3-ded5-3b1c-9730-39efc0b3f2ca
2026-06-16T00:08:33.390-04:00  INFO 1132 --- [inventario-ms] [restartedMain] o.s.boot.tomcat.TomcatWebServer          : Tomcat initialized with port 8085 (http)
2026-06-16T00:08:33.390-04:00  INFO 1132 --- [inventario-ms] [restartedMain] o.apache.catalina.core.StandardService   : Starting service [Tomcat]
2026-06-16T00:08:33.391-04:00  INFO 1132 --- [inventario-ms] [restartedMain] o.apache.catalina.core.StandardEngine    : Starting Servlet engine: [Apache Tomcat/11.0.21]
2026-06-16T00:08:33.426-04:00  INFO 1132 --- [inventario-ms] [restartedMain] b.w.c.s.WebApplicationContextInitializer : Root WebApplicationContext: initialization completed in 449 ms
2026-06-16T00:08:33.458-04:00  INFO 1132 --- [inventario-ms] [restartedMain] org.hibernate.orm.jpa                    : HHH008540: Processing PersistenceUnitInfo [name: default]
2026-06-16T00:08:33.490-04:00  INFO 1132 --- [inventario-ms] [restartedMain] o.s.o.j.p.SpringPersistenceUnitInfo      : No LoadTimeWeaver setup: ignoring JPA class transformer
2026-06-16T00:08:33.490-04:00  INFO 1132 --- [inventario-ms] [restartedMain] com.zaxxer.hikari.HikariDataSource       : HikariPool-2 - Starting...
2026-06-16T00:08:33.490-04:00  INFO 1132 --- [inventario-ms] [restartedMain] com.zaxxer.hikari.pool.HikariPool        : HikariPool-2 - Added connection com.mysql.cj.jdbc.ConnectionImpl@5629f86a
2026-06-16T00:08:33.490-04:00  INFO 1132 --- [inventario-ms] [restartedMain] com.zaxxer.hikari.HikariDataSource       : HikariPool-2 - Start completed.
2026-06-16T00:08:33.490-04:00  WARN 1132 --- [inventario-ms] [restartedMain] org.hibernate.orm.core                   : HHH000511: The 5.5.5 version for [org.hibernate.dialect.MySQLDialect] is no longer supported, hence certain features may not work properly.The minimum supported version is 8.0.0. Check the community dialects project for available legacy versions.
2026-06-16T00:08:33.490-04:00  WARN 1132 --- [inventario-ms] [restartedMain] org.hibernate.orm.deprecation            : HHH90000025: MySQLDialect does not need to be specified explicitly using 'hibernate.dialect' (remove the property setting and it will be selected by default)
2026-06-16T00:08:33.498-04:00  INFO 1132 --- [inventario-ms] [restartedMain] org.hibernate.orm.connections.pooling    : HHH10001005: Database info:
	Database JDBC URL [jdbc:mysql://localhost:3306/perfulandia_db?useSSL=false&serverTimezone=UTC]
	Database driver: MySQL Connector/J
	Database dialect: MySQLDialect
	Database version: 5.5.5
	Default catalog/schema: perfulandia_db/undefined
	Autocommit mode: undefined/unknown
	Isolation level: REPEATABLE_READ [default REPEATABLE_READ]
	JDBC fetch size: none
	Pool: DataSourceConnectionProvider
	Minimum pool size: undefined/unknown
	Maximum pool size: undefined/unknown
2026-06-16T00:08:33.524-04:00  INFO 1132 --- [inventario-ms] [restartedMain] org.hibernate.orm.core                   : HHH000489: No JTA platform available (set 'hibernate.transaction.jta.platform' to enable JTA platform integration)
2026-06-16T00:08:33.585-04:00  INFO 1132 --- [inventario-ms] [restartedMain] j.LocalContainerEntityManagerFactoryBean : Initialized JPA EntityManagerFactory for persistence unit 'default'
2026-06-16T00:08:33.658-04:00  WARN 1132 --- [inventario-ms] [restartedMain] JpaBaseConfiguration$JpaWebConfiguration : spring.jpa.open-in-view is enabled by default. Therefore, database queries may be performed during view rendering. Explicitly configure spring.jpa.open-in-view to disable this warning
2026-06-16T00:08:33.701-04:00  INFO 1132 --- [inventario-ms] [restartedMain] r$InitializeUserDetailsManagerConfigurer : Global AuthenticationManager configured with UserDetailsService bean with name inMemoryUserDetailsManager
2026-06-16T00:08:33.813-04:00  INFO 1132 --- [inventario-ms] [restartedMain] DiscoveryClientOptionalArgsConfiguration : Eureka HTTP Client uses RestClient.
2026-06-16T00:08:33.838-04:00  WARN 1132 --- [inventario-ms] [restartedMain] iguration$LoadBalancerCaffeineWarnLogger : Spring Cloud LoadBalancer is currently working with the default cache. While this cache implementation is useful for development and tests, it's recommended to use Caffeine cache in production.You can switch to using Caffeine cache, by adding it and org.springframework.cache.caffeine.CaffeineCacheManager to the classpath.
2026-06-16T00:08:33.848-04:00  INFO 1132 --- [inventario-ms] [restartedMain] o.s.c.n.eureka.InstanceInfoFactory       : Setting initial instance status as: STARTING
2026-06-16T00:08:33.850-04:00  INFO 1132 --- [inventario-ms] [restartedMain] com.netflix.discovery.DiscoveryClient    : Initializing Eureka in region us-east-1
2026-06-16T00:08:33.851-04:00  INFO 1132 --- [inventario-ms] [restartedMain] c.n.d.s.r.aws.ConfigClusterResolver      : Resolving eureka endpoints via configuration
2026-06-16T00:08:33.851-04:00  INFO 1132 --- [inventario-ms] [restartedMain] com.netflix.discovery.DiscoveryClient    : Disable delta property : false
2026-06-16T00:08:33.851-04:00  INFO 1132 --- [inventario-ms] [restartedMain] com.netflix.discovery.DiscoveryClient    : Single vip registry refresh property : null
2026-06-16T00:08:33.851-04:00  INFO 1132 --- [inventario-ms] [restartedMain] com.netflix.discovery.DiscoveryClient    : Force full registry fetch : false
2026-06-16T00:08:33.851-04:00  INFO 1132 --- [inventario-ms] [restartedMain] com.netflix.discovery.DiscoveryClient    : Application is null : false
2026-06-16T00:08:33.851-04:00  INFO 1132 --- [inventario-ms] [restartedMain] com.netflix.discovery.DiscoveryClient    : Registered Applications size is zero : true
2026-06-16T00:08:33.851-04:00  INFO 1132 --- [inventario-ms] [restartedMain] com.netflix.discovery.DiscoveryClient    : Application version is -1: true
2026-06-16T00:08:33.851-04:00  INFO 1132 --- [inventario-ms] [restartedMain] com.netflix.discovery.DiscoveryClient    : Getting all instance registry info from the eureka server
2026-06-16T00:08:33.864-04:00  INFO 1132 --- [inventario-ms] [restartedMain] com.netflix.discovery.DiscoveryClient    : The response status is 200
2026-06-16T00:08:33.865-04:00  INFO 1132 --- [inventario-ms] [restartedMain] com.netflix.discovery.DiscoveryClient    : Starting heartbeat executor: renew interval is: 30
2026-06-16T00:08:33.865-04:00  INFO 1132 --- [inventario-ms] [restartedMain] c.n.discovery.InstanceInfoReplicator     : InstanceInfoReplicator onDemand update allowed rate per min is 4
2026-06-16T00:08:33.865-04:00  INFO 1132 --- [inventario-ms] [restartedMain] com.netflix.discovery.DiscoveryClient    : Discovery Client initialized at timestamp 1781582913865 with initial instances count: 9
2026-06-16T00:08:33.866-04:00  INFO 1132 --- [inventario-ms] [restartedMain] o.s.c.n.e.s.EurekaServiceRegistry        : Registering application INVENTARIO-MS with eureka with status UP
2026-06-16T00:08:33.866-04:00  INFO 1132 --- [inventario-ms] [restartedMain] com.netflix.discovery.DiscoveryClient    : Saw local status change event StatusChangeEvent [timestamp=1781582913866, current=UP, previous=STARTING]
2026-06-16T00:08:33.867-04:00  INFO 1132 --- [inventario-ms] [DiscoveryClient-InstanceInfoReplicator-%d] com.netflix.discovery.DiscoveryClient    : DiscoveryClient_INVENTARIO-MS/Pc-Toobal:inventario-ms:8085: registering service...
2026-06-16T00:08:33.869-04:00  INFO 1132 --- [inventario-ms] [restartedMain] o.s.boot.tomcat.TomcatWebServer          : Tomcat started on port 8085 (http) with context path '/'
2026-06-16T00:08:33.870-04:00  INFO 1132 --- [inventario-ms] [restartedMain] .s.c.n.e.s.EurekaAutoServiceRegistration : Updating port to 8085
2026-06-16T00:08:33.875-04:00  INFO 1132 --- [inventario-ms] [restartedMain] c.e.i.InventarioMsApplication            : Started InventarioMsApplication in 0.954 seconds (process running for 2683.901)
2026-06-16T00:08:33.876-04:00  WARN 1132 --- [inventario-ms] [restartedMain] o.s.core.events.SpringDocAppInitializer  : SpringDoc /api-docs endpoint is enabled by default. To disable it in production, set the property 'springdoc.api-docs.enabled=false'
2026-06-16T00:08:33.877-04:00  INFO 1132 --- [inventario-ms] [DiscoveryClient-InstanceInfoReplicator-%d] com.netflix.discovery.DiscoveryClient    : DiscoveryClient_INVENTARIO-MS/Pc-Toobal:inventario-ms:8085 - registration status: 204
2026-06-16T00:08:33.877-04:00  WARN 1132 --- [inventario-ms] [restartedMain] o.s.core.events.SpringDocAppInitializer  : SpringDoc /swagger-ui.html endpoint is enabled by default. To disable it in production, set the property 'springdoc.swagger-ui.enabled=false'
2026-06-16T00:13:33.867-04:00  INFO 1132 --- [inventario-ms] [AsyncResolver-bootstrap-executor-%d] c.n.d.s.r.aws.ConfigClusterResolver      : Resolving eureka endpoints via configuration
2026-06-16T00:16:55.532-04:00  INFO 14968 --- [inventario-ms] [restartedMain] c.e.i.InventarioMsApplication            : Starting InventarioMsApplication using Java 21.0.10 with PID 14968 (C:\Users\Moonlabpc\Documents\GitHub\Perfulandia_Final\inventario_ms\target\classes started by Moonlabpc in C:\Users\Moonlabpc\Documents\GitHub\Perfulandia_Final)
2026-06-16T00:16:55.536-04:00 DEBUG 14968 --- [inventario-ms] [restartedMain] c.e.i.InventarioMsApplication            : Running with Spring Boot v4.0.6, Spring v7.0.7
2026-06-16T00:16:55.536-04:00  INFO 14968 --- [inventario-ms] [restartedMain] c.e.i.InventarioMsApplication            : No active profile set, falling back to 1 default profile: "default"
2026-06-16T00:16:55.592-04:00  INFO 14968 --- [inventario-ms] [restartedMain] .e.DevToolsPropertyDefaultsPostProcessor : Devtools property defaults active! Set 'spring.devtools.add-properties' to 'false' to disable
2026-06-16T00:16:55.592-04:00  INFO 14968 --- [inventario-ms] [restartedMain] .e.DevToolsPropertyDefaultsPostProcessor : For additional web related logging consider setting the 'logging.level.web' property to 'DEBUG'
2026-06-16T00:16:56.617-04:00  INFO 14968 --- [inventario-ms] [restartedMain] .s.d.r.c.RepositoryConfigurationDelegate : Bootstrapping Spring Data JPA repositories in DEFAULT mode.
2026-06-16T00:16:56.745-04:00  INFO 14968 --- [inventario-ms] [restartedMain] .s.d.r.c.RepositoryConfigurationDelegate : Finished Spring Data repository scanning in 125 ms. Found 1 JPA repository interface.
2026-06-16T00:16:57.055-04:00  INFO 14968 --- [inventario-ms] [restartedMain] o.s.cloud.context.scope.GenericScope     : BeanFactory id=a88ed6c3-ded5-3b1c-9730-39efc0b3f2ca
2026-06-16T00:16:57.511-04:00  INFO 14968 --- [inventario-ms] [restartedMain] o.s.boot.tomcat.TomcatWebServer          : Tomcat initialized with port 8085 (http)
2026-06-16T00:16:57.526-04:00  INFO 14968 --- [inventario-ms] [restartedMain] o.apache.catalina.core.StandardService   : Starting service [Tomcat]
2026-06-16T00:16:57.527-04:00  INFO 14968 --- [inventario-ms] [restartedMain] o.apache.catalina.core.StandardEngine    : Starting Servlet engine: [Apache Tomcat/11.0.21]
2026-06-16T00:16:57.593-04:00  INFO 14968 --- [inventario-ms] [restartedMain] b.w.c.s.WebApplicationContextInitializer : Root WebApplicationContext: initialization completed in 2001 ms
2026-06-16T00:16:57.827-04:00  INFO 14968 --- [inventario-ms] [restartedMain] org.hibernate.orm.jpa                    : HHH008540: Processing PersistenceUnitInfo [name: default]
2026-06-16T00:16:57.876-04:00  INFO 14968 --- [inventario-ms] [restartedMain] org.hibernate.orm.core                   : HHH000001: Hibernate ORM core version 7.2.12.Final
2026-06-16T00:16:58.346-04:00  INFO 14968 --- [inventario-ms] [restartedMain] o.s.o.j.p.SpringPersistenceUnitInfo      : No LoadTimeWeaver setup: ignoring JPA class transformer
2026-06-16T00:16:58.398-04:00  INFO 14968 --- [inventario-ms] [restartedMain] com.zaxxer.hikari.HikariDataSource       : HikariPool-1 - Starting...
2026-06-16T00:16:58.562-04:00  INFO 14968 --- [inventario-ms] [restartedMain] com.zaxxer.hikari.pool.HikariPool        : HikariPool-1 - Added connection com.mysql.cj.jdbc.ConnectionImpl@32eb7e26
2026-06-16T00:16:58.562-04:00  INFO 14968 --- [inventario-ms] [restartedMain] com.zaxxer.hikari.HikariDataSource       : HikariPool-1 - Start completed.
2026-06-16T00:16:58.602-04:00  WARN 14968 --- [inventario-ms] [restartedMain] org.hibernate.orm.core                   : HHH000511: The 5.5.5 version for [org.hibernate.dialect.MySQLDialect] is no longer supported, hence certain features may not work properly.The minimum supported version is 8.0.0. Check the community dialects project for available legacy versions.
2026-06-16T00:16:58.605-04:00  WARN 14968 --- [inventario-ms] [restartedMain] org.hibernate.orm.deprecation            : HHH90000025: MySQLDialect does not need to be specified explicitly using 'hibernate.dialect' (remove the property setting and it will be selected by default)
2026-06-16T00:16:58.621-04:00  INFO 14968 --- [inventario-ms] [restartedMain] org.hibernate.orm.connections.pooling    : HHH10001005: Database info:
	Database JDBC URL [jdbc:mysql://localhost:3306/perfulandia_db?useSSL=false&serverTimezone=UTC]
	Database driver: MySQL Connector/J
	Database dialect: MySQLDialect
	Database version: 5.5.5
	Default catalog/schema: perfulandia_db/undefined
	Autocommit mode: undefined/unknown
	Isolation level: REPEATABLE_READ [default REPEATABLE_READ]
	JDBC fetch size: none
	Pool: DataSourceConnectionProvider
	Minimum pool size: undefined/unknown
	Maximum pool size: undefined/unknown
2026-06-16T00:16:59.349-04:00  INFO 14968 --- [inventario-ms] [restartedMain] org.hibernate.orm.core                   : HHH000489: No JTA platform available (set 'hibernate.transaction.jta.platform' to enable JTA platform integration)
2026-06-16T00:16:59.434-04:00  INFO 14968 --- [inventario-ms] [restartedMain] j.LocalContainerEntityManagerFactoryBean : Initialized JPA EntityManagerFactory for persistence unit 'default'
2026-06-16T00:16:59.513-04:00  INFO 14968 --- [inventario-ms] [restartedMain] o.s.d.j.r.query.QueryEnhancerFactories   : Hibernate is in classpath; If applicable, HQL parser will be used.
2026-06-16T00:16:59.798-04:00  WARN 14968 --- [inventario-ms] [restartedMain] JpaBaseConfiguration$JpaWebConfiguration : spring.jpa.open-in-view is enabled by default. Therefore, database queries may be performed during view rendering. Explicitly configure spring.jpa.open-in-view to disable this warning
2026-06-16T00:16:59.919-04:00  INFO 14968 --- [inventario-ms] [restartedMain] r$InitializeUserDetailsManagerConfigurer : Global AuthenticationManager configured with UserDetailsService bean with name inMemoryUserDetailsManager
2026-06-16T00:17:00.593-04:00  INFO 14968 --- [inventario-ms] [restartedMain] DiscoveryClientOptionalArgsConfiguration : Eureka HTTP Client uses RestClient.
2026-06-16T00:17:00.646-04:00  WARN 14968 --- [inventario-ms] [restartedMain] iguration$LoadBalancerCaffeineWarnLogger : Spring Cloud LoadBalancer is currently working with the default cache. While this cache implementation is useful for development and tests, it's recommended to use Caffeine cache in production.You can switch to using Caffeine cache, by adding it and org.springframework.cache.caffeine.CaffeineCacheManager to the classpath.
2026-06-16T00:17:00.693-04:00  INFO 14968 --- [inventario-ms] [restartedMain] o.s.c.n.eureka.InstanceInfoFactory       : Setting initial instance status as: STARTING
2026-06-16T00:17:00.705-04:00  INFO 14968 --- [inventario-ms] [restartedMain] com.netflix.discovery.DiscoveryClient    : Initializing Eureka in region us-east-1
2026-06-16T00:17:00.720-04:00  INFO 14968 --- [inventario-ms] [restartedMain] c.n.d.s.r.aws.ConfigClusterResolver      : Resolving eureka endpoints via configuration
2026-06-16T00:17:00.725-04:00  INFO 14968 --- [inventario-ms] [restartedMain] com.netflix.discovery.DiscoveryClient    : Disable delta property : false
2026-06-16T00:17:00.725-04:00  INFO 14968 --- [inventario-ms] [restartedMain] com.netflix.discovery.DiscoveryClient    : Single vip registry refresh property : null
2026-06-16T00:17:00.725-04:00  INFO 14968 --- [inventario-ms] [restartedMain] com.netflix.discovery.DiscoveryClient    : Force full registry fetch : false
2026-06-16T00:17:00.725-04:00  INFO 14968 --- [inventario-ms] [restartedMain] com.netflix.discovery.DiscoveryClient    : Application is null : false
2026-06-16T00:17:00.725-04:00  INFO 14968 --- [inventario-ms] [restartedMain] com.netflix.discovery.DiscoveryClient    : Registered Applications size is zero : true
2026-06-16T00:17:00.725-04:00  INFO 14968 --- [inventario-ms] [restartedMain] com.netflix.discovery.DiscoveryClient    : Application version is -1: true
2026-06-16T00:17:00.731-04:00  INFO 14968 --- [inventario-ms] [restartedMain] com.netflix.discovery.DiscoveryClient    : Getting all instance registry info from the eureka server
2026-06-16T00:17:01.051-04:00  INFO 14968 --- [inventario-ms] [restartedMain] com.netflix.discovery.DiscoveryClient    : The response status is 200
2026-06-16T00:17:01.051-04:00  INFO 14968 --- [inventario-ms] [restartedMain] com.netflix.discovery.DiscoveryClient    : Starting heartbeat executor: renew interval is: 30
2026-06-16T00:17:01.066-04:00  INFO 14968 --- [inventario-ms] [restartedMain] c.n.discovery.InstanceInfoReplicator     : InstanceInfoReplicator onDemand update allowed rate per min is 4
2026-06-16T00:17:01.070-04:00  INFO 14968 --- [inventario-ms] [restartedMain] com.netflix.discovery.DiscoveryClient    : Discovery Client initialized at timestamp 1781583421069 with initial instances count: 9
2026-06-16T00:17:01.073-04:00  INFO 14968 --- [inventario-ms] [restartedMain] o.s.c.n.e.s.EurekaServiceRegistry        : Registering application INVENTARIO-MS with eureka with status UP
2026-06-16T00:17:01.074-04:00  INFO 14968 --- [inventario-ms] [restartedMain] com.netflix.discovery.DiscoveryClient    : Saw local status change event StatusChangeEvent [timestamp=1781583421074, current=UP, previous=STARTING]
2026-06-16T00:17:01.077-04:00  INFO 14968 --- [inventario-ms] [DiscoveryClient-InstanceInfoReplicator-%d] com.netflix.discovery.DiscoveryClient    : DiscoveryClient_INVENTARIO-MS/Pc-Toobal:inventario-ms:8085: registering service...
2026-06-16T00:17:01.129-04:00  INFO 14968 --- [inventario-ms] [restartedMain] o.s.boot.tomcat.TomcatWebServer          : Tomcat started on port 8085 (http) with context path '/'
2026-06-16T00:17:01.130-04:00  INFO 14968 --- [inventario-ms] [restartedMain] .s.c.n.e.s.EurekaAutoServiceRegistration : Updating port to 8085
2026-06-16T00:17:01.151-04:00  INFO 14968 --- [inventario-ms] [DiscoveryClient-InstanceInfoReplicator-%d] com.netflix.discovery.DiscoveryClient    : DiscoveryClient_INVENTARIO-MS/Pc-Toobal:inventario-ms:8085 - registration status: 204
2026-06-16T00:17:01.153-04:00  INFO 14968 --- [inventario-ms] [restartedMain] c.e.i.InventarioMsApplication            : Started InventarioMsApplication in 6.109 seconds (process running for 6.802)
2026-06-16T00:17:01.158-04:00  WARN 14968 --- [inventario-ms] [restartedMain] o.s.core.events.SpringDocAppInitializer  : SpringDoc /api-docs endpoint is enabled by default. To disable it in production, set the property 'springdoc.api-docs.enabled=false'
2026-06-16T00:17:01.158-04:00  WARN 14968 --- [inventario-ms] [restartedMain] o.s.core.events.SpringDocAppInitializer  : SpringDoc /swagger-ui.html endpoint is enabled by default. To disable it in production, set the property 'springdoc.swagger-ui.enabled=false'
2026-06-16T00:22:00.735-04:00  INFO 14968 --- [inventario-ms] [AsyncResolver-bootstrap-executor-%d] c.n.d.s.r.aws.ConfigClusterResolver      : Resolving eureka endpoints via configuration
2026-06-16T00:27:00.744-04:00  INFO 14968 --- [inventario-ms] [AsyncResolver-bootstrap-executor-%d] c.n.d.s.r.aws.ConfigClusterResolver      : Resolving eureka endpoints via configuration
2026-06-16T00:28:29.124-04:00  INFO 14968 --- [inventario-ms] [http-nio-8085-exec-1] o.a.c.c.C.[Tomcat].[localhost].[/]       : Initializing Spring DispatcherServlet 'dispatcherServlet'
2026-06-16T00:28:29.124-04:00  INFO 14968 --- [inventario-ms] [http-nio-8085-exec-1] o.s.web.servlet.DispatcherServlet        : Initializing Servlet 'dispatcherServlet'
2026-06-16T00:28:29.129-04:00  INFO 14968 --- [inventario-ms] [http-nio-8085-exec-1] o.s.web.servlet.DispatcherServlet        : Completed initialization in 1 ms
2026-06-16T00:28:29.332-04:00  INFO 14968 --- [inventario-ms] [http-nio-8085-exec-1] c.e.i.service.InventarioServiceImpl      : Buscando inventario por productoId=5
