2026-06-16T00:00:44.924-04:00  INFO 18228 --- [pedidos_ms] [AsyncResolver-bootstrap-executor-%d] c.n.d.s.r.aws.ConfigClusterResolver      : Resolving eureka endpoints via configuration
2026-06-16T00:05:44.944-04:00  INFO 18228 --- [pedidos_ms] [AsyncResolver-bootstrap-executor-%d] c.n.d.s.r.aws.ConfigClusterResolver      : Resolving eureka endpoints via configuration
2026-06-16T00:08:59.919-04:00  INFO 18228 --- [pedidos_ms] [File Watcher] rtingClassPathChangeChangedEventListener : Restarting due to 1 class path change (0 additions, 0 deletions, 1 modification)
2026-06-16T00:08:59.919-04:00  INFO 18228 --- [pedidos_ms] [Thread-25] o.s.c.n.e.s.EurekaServiceRegistry        : Unregistering application PEDIDOS_MS with eureka with status DOWN
2026-06-16T00:08:59.919-04:00  INFO 18228 --- [pedidos_ms] [Thread-25] com.netflix.discovery.DiscoveryClient    : Saw local status change event StatusChangeEvent [timestamp=1781582939919, current=DOWN, previous=UP]
2026-06-16T00:08:59.919-04:00  INFO 18228 --- [pedidos_ms] [DiscoveryClient-InstanceInfoReplicator-%d] com.netflix.discovery.DiscoveryClient    : DiscoveryClient_PEDIDOS_MS/Pc-Toobal:pedidos_ms:8087: registering service...
2026-06-16T00:08:59.919-04:00  INFO 18228 --- [pedidos_ms] [Thread-25] o.s.boot.tomcat.GracefulShutdown         : Commencing graceful shutdown. Waiting for active requests to complete
2026-06-16T00:08:59.919-04:00  INFO 18228 --- [pedidos_ms] [tomcat-shutdown] o.s.boot.tomcat.GracefulShutdown         : Graceful shutdown complete
2026-06-16T00:08:59.928-04:00  INFO 18228 --- [pedidos_ms] [Thread-25] j.LocalContainerEntityManagerFactoryBean : Closing JPA EntityManagerFactory for persistence unit 'default'
2026-06-16T00:08:59.928-04:00  INFO 18228 --- [pedidos_ms] [DiscoveryClient-InstanceInfoReplicator-%d] com.netflix.discovery.DiscoveryClient    : DiscoveryClient_PEDIDOS_MS/Pc-Toobal:pedidos_ms:8087 - registration status: 204
2026-06-16T00:08:59.929-04:00  INFO 18228 --- [pedidos_ms] [Thread-25] com.zaxxer.hikari.HikariDataSource       : HikariPool-5 - Shutdown initiated...
2026-06-16T00:08:59.930-04:00  INFO 18228 --- [pedidos_ms] [Thread-25] com.zaxxer.hikari.HikariDataSource       : HikariPool-5 - Shutdown completed.
2026-06-16T00:08:59.931-04:00  INFO 18228 --- [pedidos_ms] [Thread-25] com.netflix.discovery.DiscoveryClient    : Shutting down DiscoveryClient ...
2026-06-16T00:09:02.939-04:00  INFO 18228 --- [pedidos_ms] [Thread-25] com.netflix.discovery.DiscoveryClient    : Unregistering ...
2026-06-16T00:09:02.956-04:00  INFO 18228 --- [pedidos_ms] [Thread-25] com.netflix.discovery.DiscoveryClient    : DiscoveryClient_PEDIDOS_MS/Pc-Toobal:pedidos_ms:8087 - deregister  status: 200
2026-06-16T00:09:02.957-04:00  INFO 18228 --- [pedidos_ms] [Thread-25] com.netflix.discovery.DiscoveryClient    : Completed shut down of DiscoveryClient
2026-06-16T00:09:03.023-04:00  INFO 18228 --- [pedidos-ms] [restartedMain] c.example.pedido_ms.PedidoMsApplication  : Starting PedidoMsApplication using Java 21.0.10 with PID 18228 (C:\Users\Moonlabpc\Documents\GitHub\Perfulandia_Final\pedido_ms\target\classes started by Moonlabpc in C:\Users\Moonlabpc\Documents\GitHub\Perfulandia_Final)
2026-06-16T00:09:03.023-04:00  INFO 18228 --- [pedidos-ms] [restartedMain] c.example.pedido_ms.PedidoMsApplication  : No active profile set, falling back to 1 default profile: "default"
2026-06-16T00:09:03.215-04:00  INFO 18228 --- [pedidos-ms] [restartedMain] .s.d.r.c.RepositoryConfigurationDelegate : Bootstrapping Spring Data JPA repositories in DEFAULT mode.
2026-06-16T00:09:03.232-04:00  INFO 18228 --- [pedidos-ms] [restartedMain] .s.d.r.c.RepositoryConfigurationDelegate : Finished Spring Data repository scanning in 8 ms. Found 2 JPA repository interfaces.
2026-06-16T00:09:03.294-04:00  INFO 18228 --- [pedidos-ms] [restartedMain] o.s.cloud.context.scope.GenericScope     : BeanFactory id=db5e46d8-991f-3177-94e8-e7d75aea52b0
2026-06-16T00:09:03.344-04:00  INFO 18228 --- [pedidos-ms] [restartedMain] o.s.boot.tomcat.TomcatWebServer          : Tomcat initialized with port 8087 (http)
2026-06-16T00:09:03.344-04:00  INFO 18228 --- [pedidos-ms] [restartedMain] o.apache.catalina.core.StandardService   : Starting service [Tomcat]
2026-06-16T00:09:03.344-04:00  INFO 18228 --- [pedidos-ms] [restartedMain] o.apache.catalina.core.StandardEngine    : Starting Servlet engine: [Apache Tomcat/11.0.21]
2026-06-16T00:09:03.374-04:00  INFO 18228 --- [pedidos-ms] [restartedMain] b.w.c.s.WebApplicationContextInitializer : Root WebApplicationContext: initialization completed in 351 ms
2026-06-16T00:09:03.401-04:00  INFO 18228 --- [pedidos-ms] [restartedMain] org.hibernate.orm.jpa                    : HHH008540: Processing PersistenceUnitInfo [name: default]
2026-06-16T00:09:03.429-04:00  INFO 18228 --- [pedidos-ms] [restartedMain] o.s.o.j.p.SpringPersistenceUnitInfo      : No LoadTimeWeaver setup: ignoring JPA class transformer
2026-06-16T00:09:03.429-04:00  INFO 18228 --- [pedidos-ms] [restartedMain] com.zaxxer.hikari.HikariDataSource       : HikariPool-6 - Starting...
2026-06-16T00:09:03.429-04:00  INFO 18228 --- [pedidos-ms] [restartedMain] com.zaxxer.hikari.pool.HikariPool        : HikariPool-6 - Added connection com.mysql.cj.jdbc.ConnectionImpl@7ab56424
2026-06-16T00:09:03.429-04:00  INFO 18228 --- [pedidos-ms] [restartedMain] com.zaxxer.hikari.HikariDataSource       : HikariPool-6 - Start completed.
2026-06-16T00:09:03.429-04:00  WARN 18228 --- [pedidos-ms] [restartedMain] org.hibernate.orm.core                   : HHH000511: The 5.5.5 version for [org.hibernate.dialect.MySQLDialect] is no longer supported, hence certain features may not work properly.The minimum supported version is 8.0.0. Check the community dialects project for available legacy versions.
2026-06-16T00:09:03.429-04:00  WARN 18228 --- [pedidos-ms] [restartedMain] org.hibernate.orm.deprecation            : HHH90000025: MySQLDialect does not need to be specified explicitly using 'hibernate.dialect' (remove the property setting and it will be selected by default)
2026-06-16T00:09:03.437-04:00  INFO 18228 --- [pedidos-ms] [restartedMain] org.hibernate.orm.connections.pooling    : HHH10001005: Database info:
	Database JDBC URL [jdbc:mysql://localhost:3306/perfulandia_db?useSSL=false&serverTimezone=UTC]
	Database driver: MySQL Connector/J
	Database dialect: MySQLDialect
	Database version: 5.5.5
	Default catalog/schema: perfulandia_db/undefined
	Autocommit mode: undefined/unknown
	Isolation level: REPEATABLE_READ [default REPEATABLE_READ]
	JDBC fetch size: none
	Pool: DataSourceConnectionProvider
	Minimum pool size: undefined/unknown
	Maximum pool size: undefined/unknown
2026-06-16T00:09:03.479-04:00  INFO 18228 --- [pedidos-ms] [restartedMain] org.hibernate.orm.core                   : HHH000489: No JTA platform available (set 'hibernate.transaction.jta.platform' to enable JTA platform integration)
2026-06-16T00:09:03.638-04:00  INFO 18228 --- [pedidos-ms] [restartedMain] j.LocalContainerEntityManagerFactoryBean : Initialized JPA EntityManagerFactory for persistence unit 'default'
2026-06-16T00:09:03.697-04:00  WARN 18228 --- [pedidos-ms] [restartedMain] JpaBaseConfiguration$JpaWebConfiguration : spring.jpa.open-in-view is enabled by default. Therefore, database queries may be performed during view rendering. Explicitly configure spring.jpa.open-in-view to disable this warning
2026-06-16T00:09:03.721-04:00  INFO 18228 --- [pedidos-ms] [restartedMain] o.s.c.openfeign.FeignClientFactoryBean   : For 'clientes-ms' URL not provided. Will try picking an instance via load-balancing.
2026-06-16T00:09:03.721-04:00  INFO 18228 --- [pedidos-ms] [restartedMain] o.s.c.openfeign.FeignClientFactoryBean   : For 'productos-ms' URL not provided. Will try picking an instance via load-balancing.
2026-06-16T00:09:03.746-04:00  INFO 18228 --- [pedidos-ms] [restartedMain] o.s.c.openfeign.FeignClientFactoryBean   : For 'inventario-ms' URL not provided. Will try picking an instance via load-balancing.
2026-06-16T00:09:03.777-04:00  INFO 18228 --- [pedidos-ms] [restartedMain] r$InitializeUserDetailsManagerConfigurer : Global AuthenticationManager configured with UserDetailsService bean with name inMemoryUserDetailsManager
2026-06-16T00:09:03.862-04:00  INFO 18228 --- [pedidos-ms] [restartedMain] DiscoveryClientOptionalArgsConfiguration : Eureka HTTP Client uses RestClient.
2026-06-16T00:09:03.878-04:00  WARN 18228 --- [pedidos-ms] [restartedMain] iguration$LoadBalancerCaffeineWarnLogger : Spring Cloud LoadBalancer is currently working with the default cache. While this cache implementation is useful for development and tests, it's recommended to use Caffeine cache in production.You can switch to using Caffeine cache, by adding it and org.springframework.cache.caffeine.CaffeineCacheManager to the classpath.
2026-06-16T00:09:03.888-04:00  INFO 18228 --- [pedidos-ms] [restartedMain] o.s.c.n.eureka.InstanceInfoFactory       : Setting initial instance status as: STARTING
2026-06-16T00:09:03.889-04:00  INFO 18228 --- [pedidos-ms] [restartedMain] com.netflix.discovery.DiscoveryClient    : Initializing Eureka in region us-east-1
2026-06-16T00:09:03.889-04:00  INFO 18228 --- [pedidos-ms] [restartedMain] c.n.d.s.r.aws.ConfigClusterResolver      : Resolving eureka endpoints via configuration
2026-06-16T00:09:03.890-04:00  INFO 18228 --- [pedidos-ms] [restartedMain] com.netflix.discovery.DiscoveryClient    : Disable delta property : false
2026-06-16T00:09:03.890-04:00  INFO 18228 --- [pedidos-ms] [restartedMain] com.netflix.discovery.DiscoveryClient    : Single vip registry refresh property : null
2026-06-16T00:09:03.890-04:00  INFO 18228 --- [pedidos-ms] [restartedMain] com.netflix.discovery.DiscoveryClient    : Force full registry fetch : false
2026-06-16T00:09:03.890-04:00  INFO 18228 --- [pedidos-ms] [restartedMain] com.netflix.discovery.DiscoveryClient    : Application is null : false
2026-06-16T00:09:03.890-04:00  INFO 18228 --- [pedidos-ms] [restartedMain] com.netflix.discovery.DiscoveryClient    : Registered Applications size is zero : true
2026-06-16T00:09:03.890-04:00  INFO 18228 --- [pedidos-ms] [restartedMain] com.netflix.discovery.DiscoveryClient    : Application version is -1: true
2026-06-16T00:09:03.890-04:00  INFO 18228 --- [pedidos-ms] [restartedMain] com.netflix.discovery.DiscoveryClient    : Getting all instance registry info from the eureka server
2026-06-16T00:09:03.895-04:00  INFO 18228 --- [pedidos-ms] [restartedMain] com.netflix.discovery.DiscoveryClient    : The response status is 200
2026-06-16T00:09:03.895-04:00  INFO 18228 --- [pedidos-ms] [restartedMain] com.netflix.discovery.DiscoveryClient    : Starting heartbeat executor: renew interval is: 30
2026-06-16T00:09:03.895-04:00  INFO 18228 --- [pedidos-ms] [restartedMain] c.n.discovery.InstanceInfoReplicator     : InstanceInfoReplicator onDemand update allowed rate per min is 4
2026-06-16T00:09:03.902-04:00  INFO 18228 --- [pedidos-ms] [restartedMain] com.netflix.discovery.DiscoveryClient    : Discovery Client initialized at timestamp 1781582943902 with initial instances count: 9
2026-06-16T00:09:03.902-04:00  INFO 18228 --- [pedidos-ms] [restartedMain] o.s.c.n.e.s.EurekaServiceRegistry        : Registering application PEDIDOS-MS with eureka with status UP
2026-06-16T00:09:03.903-04:00  INFO 18228 --- [pedidos-ms] [restartedMain] com.netflix.discovery.DiscoveryClient    : Saw local status change event StatusChangeEvent [timestamp=1781582943903, current=UP, previous=STARTING]
2026-06-16T00:09:03.903-04:00  INFO 18228 --- [pedidos-ms] [DiscoveryClient-InstanceInfoReplicator-%d] com.netflix.discovery.DiscoveryClient    : DiscoveryClient_PEDIDOS-MS/Pc-Toobal:pedidos-ms:8087: registering service...
2026-06-16T00:09:03.905-04:00  INFO 18228 --- [pedidos-ms] [restartedMain] o.s.boot.tomcat.TomcatWebServer          : Tomcat started on port 8087 (http) with context path '/'
2026-06-16T00:09:03.906-04:00  INFO 18228 --- [pedidos-ms] [restartedMain] .s.c.n.e.s.EurekaAutoServiceRegistration : Updating port to 8087
2026-06-16T00:09:03.910-04:00  INFO 18228 --- [pedidos-ms] [restartedMain] c.example.pedido_ms.PedidoMsApplication  : Started PedidoMsApplication in 0.903 seconds (process running for 2293.396)
2026-06-16T00:09:03.910-04:00  WARN 18228 --- [pedidos-ms] [restartedMain] o.s.core.events.SpringDocAppInitializer  : SpringDoc /api-docs endpoint is enabled by default. To disable it in production, set the property 'springdoc.api-docs.enabled=false'
2026-06-16T00:09:03.911-04:00  INFO 18228 --- [pedidos-ms] [DiscoveryClient-InstanceInfoReplicator-%d] com.netflix.discovery.DiscoveryClient    : DiscoveryClient_PEDIDOS-MS/Pc-Toobal:pedidos-ms:8087 - registration status: 204
2026-06-16T00:09:03.911-04:00  WARN 18228 --- [pedidos-ms] [restartedMain] o.s.core.events.SpringDocAppInitializer  : SpringDoc /swagger-ui.html endpoint is enabled by default. To disable it in production, set the property 'springdoc.swagger-ui.enabled=false'
2026-06-16T00:11:51.039-04:00  INFO 18228 --- [pedidos-ms] [File Watcher] rtingClassPathChangeChangedEventListener : Restarting due to 1 class path change (0 additions, 0 deletions, 1 modification)
2026-06-16T00:11:51.042-04:00  INFO 18228 --- [pedidos-ms] [Thread-31] o.s.c.n.e.s.EurekaServiceRegistry        : Unregistering application PEDIDOS-MS with eureka with status DOWN
2026-06-16T00:11:51.044-04:00  INFO 18228 --- [pedidos-ms] [Thread-31] com.netflix.discovery.DiscoveryClient    : Saw local status change event StatusChangeEvent [timestamp=1781583111044, current=DOWN, previous=UP]
2026-06-16T00:11:51.047-04:00  INFO 18228 --- [pedidos-ms] [DiscoveryClient-InstanceInfoReplicator-%d] com.netflix.discovery.DiscoveryClient    : DiscoveryClient_PEDIDOS-MS/Pc-Toobal:pedidos-ms:8087: registering service...
2026-06-16T00:11:51.048-04:00  INFO 18228 --- [pedidos-ms] [Thread-31] o.s.boot.tomcat.GracefulShutdown         : Commencing graceful shutdown. Waiting for active requests to complete
2026-06-16T00:11:51.056-04:00  INFO 18228 --- [pedidos-ms] [DiscoveryClient-InstanceInfoReplicator-%d] com.netflix.discovery.DiscoveryClient    : DiscoveryClient_PEDIDOS-MS/Pc-Toobal:pedidos-ms:8087 - registration status: 204
2026-06-16T00:11:51.058-04:00  INFO 18228 --- [pedidos-ms] [tomcat-shutdown] o.s.boot.tomcat.GracefulShutdown         : Graceful shutdown complete
2026-06-16T00:11:51.062-04:00  INFO 18228 --- [pedidos-ms] [Thread-31] j.LocalContainerEntityManagerFactoryBean : Closing JPA EntityManagerFactory for persistence unit 'default'
2026-06-16T00:11:51.064-04:00  INFO 18228 --- [pedidos-ms] [Thread-31] com.zaxxer.hikari.HikariDataSource       : HikariPool-6 - Shutdown initiated...
2026-06-16T00:11:51.067-04:00  INFO 18228 --- [pedidos-ms] [Thread-31] com.zaxxer.hikari.HikariDataSource       : HikariPool-6 - Shutdown completed.
2026-06-16T00:11:51.067-04:00  INFO 18228 --- [pedidos-ms] [Thread-31] com.netflix.discovery.DiscoveryClient    : Shutting down DiscoveryClient ...
2026-06-16T00:11:54.082-04:00  INFO 18228 --- [pedidos-ms] [Thread-31] com.netflix.discovery.DiscoveryClient    : Unregistering ...
2026-06-16T00:11:54.098-04:00  INFO 18228 --- [pedidos-ms] [Thread-31] com.netflix.discovery.DiscoveryClient    : DiscoveryClient_PEDIDOS-MS/Pc-Toobal:pedidos-ms:8087 - deregister  status: 200
2026-06-16T00:11:54.098-04:00  INFO 18228 --- [pedidos-ms] [Thread-31] com.netflix.discovery.DiscoveryClient    : Completed shut down of DiscoveryClient
2026-06-16T00:11:54.171-04:00  INFO 18228 --- [pedidos-ms] [restartedMain] c.example.pedido_ms.PedidoMsApplication  : Starting PedidoMsApplication using Java 21.0.10 with PID 18228 (C:\Users\Moonlabpc\Documents\GitHub\Perfulandia_Final\pedido_ms\target\classes started by Moonlabpc in C:\Users\Moonlabpc\Documents\GitHub\Perfulandia_Final)
2026-06-16T00:11:54.172-04:00  INFO 18228 --- [pedidos-ms] [restartedMain] c.example.pedido_ms.PedidoMsApplication  : No active profile set, falling back to 1 default profile: "default"
2026-06-16T00:11:54.359-04:00  INFO 18228 --- [pedidos-ms] [restartedMain] .s.d.r.c.RepositoryConfigurationDelegate : Bootstrapping Spring Data JPA repositories in DEFAULT mode.
2026-06-16T00:11:54.369-04:00  INFO 18228 --- [pedidos-ms] [restartedMain] .s.d.r.c.RepositoryConfigurationDelegate : Finished Spring Data repository scanning in 8 ms. Found 2 JPA repository interfaces.
2026-06-16T00:11:54.443-04:00  INFO 18228 --- [pedidos-ms] [restartedMain] o.s.cloud.context.scope.GenericScope     : BeanFactory id=188a643a-fbe6-3e9d-ac32-1f90c6ce8742
2026-06-16T00:11:54.483-04:00  INFO 18228 --- [pedidos-ms] [restartedMain] o.s.boot.tomcat.TomcatWebServer          : Tomcat initialized with port 8087 (http)
2026-06-16T00:11:54.484-04:00  INFO 18228 --- [pedidos-ms] [restartedMain] o.apache.catalina.core.StandardService   : Starting service [Tomcat]
2026-06-16T00:11:54.484-04:00  INFO 18228 --- [pedidos-ms] [restartedMain] o.apache.catalina.core.StandardEngine    : Starting Servlet engine: [Apache Tomcat/11.0.21]
2026-06-16T00:11:54.515-04:00  INFO 18228 --- [pedidos-ms] [restartedMain] b.w.c.s.WebApplicationContextInitializer : Root WebApplicationContext: initialization completed in 342 ms
2026-06-16T00:11:54.539-04:00  INFO 18228 --- [pedidos-ms] [restartedMain] org.hibernate.orm.jpa                    : HHH008540: Processing PersistenceUnitInfo [name: default]
2026-06-16T00:11:54.566-04:00  INFO 18228 --- [pedidos-ms] [restartedMain] o.s.o.j.p.SpringPersistenceUnitInfo      : No LoadTimeWeaver setup: ignoring JPA class transformer
2026-06-16T00:11:54.567-04:00  INFO 18228 --- [pedidos-ms] [restartedMain] com.zaxxer.hikari.HikariDataSource       : HikariPool-7 - Starting...
2026-06-16T00:11:54.570-04:00  INFO 18228 --- [pedidos-ms] [restartedMain] com.zaxxer.hikari.pool.HikariPool        : HikariPool-7 - Added connection com.mysql.cj.jdbc.ConnectionImpl@580eec37
2026-06-16T00:11:54.570-04:00  INFO 18228 --- [pedidos-ms] [restartedMain] com.zaxxer.hikari.HikariDataSource       : HikariPool-7 - Start completed.
2026-06-16T00:11:54.571-04:00  WARN 18228 --- [pedidos-ms] [restartedMain] org.hibernate.orm.core                   : HHH000511: The 5.5.5 version for [org.hibernate.dialect.MySQLDialect] is no longer supported, hence certain features may not work properly.The minimum supported version is 8.0.0. Check the community dialects project for available legacy versions.
2026-06-16T00:11:54.571-04:00  WARN 18228 --- [pedidos-ms] [restartedMain] org.hibernate.orm.deprecation            : HHH90000025: MySQLDialect does not need to be specified explicitly using 'hibernate.dialect' (remove the property setting and it will be selected by default)
2026-06-16T00:11:54.572-04:00  INFO 18228 --- [pedidos-ms] [restartedMain] org.hibernate.orm.connections.pooling    : HHH10001005: Database info:
	Database JDBC URL [jdbc:mysql://localhost:3306/perfulandia_db?useSSL=false&serverTimezone=UTC]
	Database driver: MySQL Connector/J
	Database dialect: MySQLDialect
	Database version: 5.5.5
	Default catalog/schema: perfulandia_db/undefined
	Autocommit mode: undefined/unknown
	Isolation level: REPEATABLE_READ [default REPEATABLE_READ]
	JDBC fetch size: none
	Pool: DataSourceConnectionProvider
	Minimum pool size: undefined/unknown
	Maximum pool size: undefined/unknown
2026-06-16T00:11:54.614-04:00  INFO 18228 --- [pedidos-ms] [restartedMain] org.hibernate.orm.core                   : HHH000489: No JTA platform available (set 'hibernate.transaction.jta.platform' to enable JTA platform integration)
2026-06-16T00:11:54.770-04:00  INFO 18228 --- [pedidos-ms] [restartedMain] j.LocalContainerEntityManagerFactoryBean : Initialized JPA EntityManagerFactory for persistence unit 'default'
2026-06-16T00:11:54.831-04:00  WARN 18228 --- [pedidos-ms] [restartedMain] JpaBaseConfiguration$JpaWebConfiguration : spring.jpa.open-in-view is enabled by default. Therefore, database queries may be performed during view rendering. Explicitly configure spring.jpa.open-in-view to disable this warning
2026-06-16T00:11:54.849-04:00  INFO 18228 --- [pedidos-ms] [restartedMain] o.s.c.openfeign.FeignClientFactoryBean   : For 'clientes-ms' URL not provided. Will try picking an instance via load-balancing.
2026-06-16T00:11:54.864-04:00  INFO 18228 --- [pedidos-ms] [restartedMain] o.s.c.openfeign.FeignClientFactoryBean   : For 'producto-ms' URL not provided. Will try picking an instance via load-balancing.
2026-06-16T00:11:54.876-04:00  INFO 18228 --- [pedidos-ms] [restartedMain] o.s.c.openfeign.FeignClientFactoryBean   : For 'inventario-ms' URL not provided. Will try picking an instance via load-balancing.
2026-06-16T00:11:54.914-04:00  INFO 18228 --- [pedidos-ms] [restartedMain] r$InitializeUserDetailsManagerConfigurer : Global AuthenticationManager configured with UserDetailsService bean with name inMemoryUserDetailsManager
2026-06-16T00:11:55.025-04:00  INFO 18228 --- [pedidos-ms] [restartedMain] DiscoveryClientOptionalArgsConfiguration : Eureka HTTP Client uses RestClient.
2026-06-16T00:11:55.035-04:00  WARN 18228 --- [pedidos-ms] [restartedMain] iguration$LoadBalancerCaffeineWarnLogger : Spring Cloud LoadBalancer is currently working with the default cache. While this cache implementation is useful for development and tests, it's recommended to use Caffeine cache in production.You can switch to using Caffeine cache, by adding it and org.springframework.cache.caffeine.CaffeineCacheManager to the classpath.
2026-06-16T00:11:55.048-04:00  INFO 18228 --- [pedidos-ms] [restartedMain] o.s.c.n.eureka.InstanceInfoFactory       : Setting initial instance status as: STARTING
2026-06-16T00:11:55.050-04:00  INFO 18228 --- [pedidos-ms] [restartedMain] com.netflix.discovery.DiscoveryClient    : Initializing Eureka in region us-east-1
2026-06-16T00:11:55.051-04:00  INFO 18228 --- [pedidos-ms] [restartedMain] c.n.d.s.r.aws.ConfigClusterResolver      : Resolving eureka endpoints via configuration
2026-06-16T00:11:55.051-04:00  INFO 18228 --- [pedidos-ms] [restartedMain] com.netflix.discovery.DiscoveryClient    : Disable delta property : false
2026-06-16T00:11:55.051-04:00  INFO 18228 --- [pedidos-ms] [restartedMain] com.netflix.discovery.DiscoveryClient    : Single vip registry refresh property : null
2026-06-16T00:11:55.051-04:00  INFO 18228 --- [pedidos-ms] [restartedMain] com.netflix.discovery.DiscoveryClient    : Force full registry fetch : false
2026-06-16T00:11:55.051-04:00  INFO 18228 --- [pedidos-ms] [restartedMain] com.netflix.discovery.DiscoveryClient    : Application is null : false
2026-06-16T00:11:55.051-04:00  INFO 18228 --- [pedidos-ms] [restartedMain] com.netflix.discovery.DiscoveryClient    : Registered Applications size is zero : true
2026-06-16T00:11:55.051-04:00  INFO 18228 --- [pedidos-ms] [restartedMain] com.netflix.discovery.DiscoveryClient    : Application version is -1: true
2026-06-16T00:11:55.052-04:00  INFO 18228 --- [pedidos-ms] [restartedMain] com.netflix.discovery.DiscoveryClient    : Getting all instance registry info from the eureka server
2026-06-16T00:11:55.064-04:00  INFO 18228 --- [pedidos-ms] [restartedMain] com.netflix.discovery.DiscoveryClient    : The response status is 200
2026-06-16T00:11:55.066-04:00  INFO 18228 --- [pedidos-ms] [restartedMain] com.netflix.discovery.DiscoveryClient    : Starting heartbeat executor: renew interval is: 30
2026-06-16T00:11:55.067-04:00  INFO 18228 --- [pedidos-ms] [restartedMain] c.n.discovery.InstanceInfoReplicator     : InstanceInfoReplicator onDemand update allowed rate per min is 4
2026-06-16T00:11:55.067-04:00  INFO 18228 --- [pedidos-ms] [restartedMain] com.netflix.discovery.DiscoveryClient    : Discovery Client initialized at timestamp 1781583115067 with initial instances count: 9
2026-06-16T00:11:55.068-04:00  INFO 18228 --- [pedidos-ms] [restartedMain] o.s.c.n.e.s.EurekaServiceRegistry        : Registering application PEDIDOS-MS with eureka with status UP
2026-06-16T00:11:55.069-04:00  INFO 18228 --- [pedidos-ms] [restartedMain] com.netflix.discovery.DiscoveryClient    : Saw local status change event StatusChangeEvent [timestamp=1781583115069, current=UP, previous=STARTING]
2026-06-16T00:11:55.071-04:00  INFO 18228 --- [pedidos-ms] [restartedMain] o.s.boot.tomcat.TomcatWebServer          : Tomcat started on port 8087 (http) with context path '/'
2026-06-16T00:11:55.072-04:00  INFO 18228 --- [pedidos-ms] [restartedMain] .s.c.n.e.s.EurekaAutoServiceRegistration : Updating port to 8087
2026-06-16T00:11:55.075-04:00  INFO 18228 --- [pedidos-ms] [DiscoveryClient-InstanceInfoReplicator-%d] com.netflix.discovery.DiscoveryClient    : DiscoveryClient_PEDIDOS-MS/Pc-Toobal:pedidos-ms:8087: registering service...
2026-06-16T00:11:55.076-04:00  INFO 18228 --- [pedidos-ms] [restartedMain] c.example.pedido_ms.PedidoMsApplication  : Started PedidoMsApplication in 0.926 seconds (process running for 2464.562)
2026-06-16T00:11:55.080-04:00  WARN 18228 --- [pedidos-ms] [restartedMain] o.s.core.events.SpringDocAppInitializer  : SpringDoc /api-docs endpoint is enabled by default. To disable it in production, set the property 'springdoc.api-docs.enabled=false'
2026-06-16T00:11:55.081-04:00  WARN 18228 --- [pedidos-ms] [restartedMain] o.s.core.events.SpringDocAppInitializer  : SpringDoc /swagger-ui.html endpoint is enabled by default. To disable it in production, set the property 'springdoc.swagger-ui.enabled=false'
2026-06-16T00:11:55.082-04:00  INFO 18228 --- [pedidos-ms] [restartedMain] .ConditionEvaluationDeltaLoggingListener : Condition evaluation unchanged
2026-06-16T00:11:55.092-04:00  INFO 18228 --- [pedidos-ms] [DiscoveryClient-InstanceInfoReplicator-%d] com.netflix.discovery.DiscoveryClient    : DiscoveryClient_PEDIDOS-MS/Pc-Toobal:pedidos-ms:8087 - registration status: 204
2026-06-16T00:11:58.482-04:00  INFO 18228 --- [pedidos-ms] [File Watcher] rtingClassPathChangeChangedEventListener : Restarting due to 1 class path change (0 additions, 0 deletions, 1 modification)
2026-06-16T00:11:58.483-04:00  INFO 18228 --- [pedidos-ms] [Thread-37] o.s.c.n.e.s.EurekaServiceRegistry        : Unregistering application PEDIDOS-MS with eureka with status DOWN
2026-06-16T00:11:58.483-04:00  INFO 18228 --- [pedidos-ms] [Thread-37] com.netflix.discovery.DiscoveryClient    : Saw local status change event StatusChangeEvent [timestamp=1781583118483, current=DOWN, previous=UP]
2026-06-16T00:11:58.483-04:00  INFO 18228 --- [pedidos-ms] [DiscoveryClient-InstanceInfoReplicator-%d] com.netflix.discovery.DiscoveryClient    : DiscoveryClient_PEDIDOS-MS/Pc-Toobal:pedidos-ms:8087: registering service...
2026-06-16T00:11:58.483-04:00  INFO 18228 --- [pedidos-ms] [Thread-37] o.s.boot.tomcat.GracefulShutdown         : Commencing graceful shutdown. Waiting for active requests to complete
2026-06-16T00:11:58.486-04:00  INFO 18228 --- [pedidos-ms] [tomcat-shutdown] o.s.boot.tomcat.GracefulShutdown         : Graceful shutdown complete
2026-06-16T00:11:58.488-04:00  INFO 18228 --- [pedidos-ms] [Thread-37] j.LocalContainerEntityManagerFactoryBean : Closing JPA EntityManagerFactory for persistence unit 'default'
2026-06-16T00:11:58.488-04:00  INFO 18228 --- [pedidos-ms] [Thread-37] com.zaxxer.hikari.HikariDataSource       : HikariPool-7 - Shutdown initiated...
2026-06-16T00:11:58.489-04:00  INFO 18228 --- [pedidos-ms] [Thread-37] com.zaxxer.hikari.HikariDataSource       : HikariPool-7 - Shutdown completed.
2026-06-16T00:11:58.490-04:00  INFO 18228 --- [pedidos-ms] [Thread-37] com.netflix.discovery.DiscoveryClient    : Shutting down DiscoveryClient ...
2026-06-16T00:11:58.498-04:00  INFO 18228 --- [pedidos-ms] [DiscoveryClient-InstanceInfoReplicator-%d] com.netflix.discovery.DiscoveryClient    : DiscoveryClient_PEDIDOS-MS/Pc-Toobal:pedidos-ms:8087 - registration status: 204
2026-06-16T00:11:58.499-04:00  INFO 18228 --- [pedidos-ms] [Thread-37] com.netflix.discovery.DiscoveryClient    : Unregistering ...
2026-06-16T00:11:58.500-04:00  INFO 18228 --- [pedidos-ms] [Thread-37] com.netflix.discovery.DiscoveryClient    : DiscoveryClient_PEDIDOS-MS/Pc-Toobal:pedidos-ms:8087 - deregister  status: 200
2026-06-16T00:11:58.501-04:00  INFO 18228 --- [pedidos-ms] [Thread-37] com.netflix.discovery.DiscoveryClient    : Completed shut down of DiscoveryClient
2026-06-16T00:11:58.573-04:00  INFO 18228 --- [pedidos-ms] [restartedMain] c.example.pedido_ms.PedidoMsApplication  : Starting PedidoMsApplication using Java 21.0.10 with PID 18228 (C:\Users\Moonlabpc\Documents\GitHub\Perfulandia_Final\pedido_ms\target\classes started by Moonlabpc in C:\Users\Moonlabpc\Documents\GitHub\Perfulandia_Final)
2026-06-16T00:11:58.573-04:00  INFO 18228 --- [pedidos-ms] [restartedMain] c.example.pedido_ms.PedidoMsApplication  : No active profile set, falling back to 1 default profile: "default"
2026-06-16T00:11:58.841-04:00  INFO 18228 --- [pedidos-ms] [restartedMain] .s.d.r.c.RepositoryConfigurationDelegate : Bootstrapping Spring Data JPA repositories in DEFAULT mode.
2026-06-16T00:11:58.852-04:00  INFO 18228 --- [pedidos-ms] [restartedMain] .s.d.r.c.RepositoryConfigurationDelegate : Finished Spring Data repository scanning in 8 ms. Found 2 JPA repository interfaces.
2026-06-16T00:11:58.974-04:00  INFO 18228 --- [pedidos-ms] [restartedMain] o.s.cloud.context.scope.GenericScope     : BeanFactory id=188a643a-fbe6-3e9d-ac32-1f90c6ce8742
2026-06-16T00:11:59.051-04:00  INFO 18228 --- [pedidos-ms] [restartedMain] o.s.boot.tomcat.TomcatWebServer          : Tomcat initialized with port 8087 (http)
2026-06-16T00:11:59.053-04:00  INFO 18228 --- [pedidos-ms] [restartedMain] o.apache.catalina.core.StandardService   : Starting service [Tomcat]
2026-06-16T00:11:59.053-04:00  INFO 18228 --- [pedidos-ms] [restartedMain] o.apache.catalina.core.StandardEngine    : Starting Servlet engine: [Apache Tomcat/11.0.21]
2026-06-16T00:11:59.094-04:00  INFO 18228 --- [pedidos-ms] [restartedMain] b.w.c.s.WebApplicationContextInitializer : Root WebApplicationContext: initialization completed in 520 ms
2026-06-16T00:11:59.136-04:00  INFO 18228 --- [pedidos-ms] [restartedMain] org.hibernate.orm.jpa                    : HHH008540: Processing PersistenceUnitInfo [name: default]
2026-06-16T00:11:59.175-04:00  INFO 18228 --- [pedidos-ms] [restartedMain] o.s.o.j.p.SpringPersistenceUnitInfo      : No LoadTimeWeaver setup: ignoring JPA class transformer
2026-06-16T00:11:59.181-04:00  INFO 18228 --- [pedidos-ms] [restartedMain] com.zaxxer.hikari.HikariDataSource       : HikariPool-8 - Starting...
2026-06-16T00:11:59.185-04:00  INFO 18228 --- [pedidos-ms] [restartedMain] com.zaxxer.hikari.pool.HikariPool        : HikariPool-8 - Added connection com.mysql.cj.jdbc.ConnectionImpl@18623a21
2026-06-16T00:11:59.186-04:00  INFO 18228 --- [pedidos-ms] [restartedMain] com.zaxxer.hikari.HikariDataSource       : HikariPool-8 - Start completed.
2026-06-16T00:11:59.192-04:00  WARN 18228 --- [pedidos-ms] [restartedMain] org.hibernate.orm.core                   : HHH000511: The 5.5.5 version for [org.hibernate.dialect.MySQLDialect] is no longer supported, hence certain features may not work properly.The minimum supported version is 8.0.0. Check the community dialects project for available legacy versions.
2026-06-16T00:11:59.193-04:00  WARN 18228 --- [pedidos-ms] [restartedMain] org.hibernate.orm.deprecation            : HHH90000025: MySQLDialect does not need to be specified explicitly using 'hibernate.dialect' (remove the property setting and it will be selected by default)
2026-06-16T00:11:59.198-04:00  INFO 18228 --- [pedidos-ms] [restartedMain] org.hibernate.orm.connections.pooling    : HHH10001005: Database info:
	Database JDBC URL [jdbc:mysql://localhost:3306/perfulandia_db?useSSL=false&serverTimezone=UTC]
	Database driver: MySQL Connector/J
	Database dialect: MySQLDialect
	Database version: 5.5.5
	Default catalog/schema: perfulandia_db/undefined
	Autocommit mode: undefined/unknown
	Isolation level: REPEATABLE_READ [default REPEATABLE_READ]
	JDBC fetch size: none
	Pool: DataSourceConnectionProvider
	Minimum pool size: undefined/unknown
	Maximum pool size: undefined/unknown
2026-06-16T00:11:59.242-04:00  INFO 18228 --- [pedidos-ms] [restartedMain] org.hibernate.orm.core                   : HHH000489: No JTA platform available (set 'hibernate.transaction.jta.platform' to enable JTA platform integration)
2026-06-16T00:11:59.468-04:00  INFO 18228 --- [pedidos-ms] [restartedMain] j.LocalContainerEntityManagerFactoryBean : Initialized JPA EntityManagerFactory for persistence unit 'default'
2026-06-16T00:11:59.552-04:00  WARN 18228 --- [pedidos-ms] [restartedMain] JpaBaseConfiguration$JpaWebConfiguration : spring.jpa.open-in-view is enabled by default. Therefore, database queries may be performed during view rendering. Explicitly configure spring.jpa.open-in-view to disable this warning
2026-06-16T00:11:59.591-04:00  INFO 18228 --- [pedidos-ms] [restartedMain] o.s.c.openfeign.FeignClientFactoryBean   : For 'clientes-ms' URL not provided. Will try picking an instance via load-balancing.
2026-06-16T00:11:59.629-04:00  INFO 18228 --- [pedidos-ms] [restartedMain] o.s.c.openfeign.FeignClientFactoryBean   : For 'producto-ms' URL not provided. Will try picking an instance via load-balancing.
2026-06-16T00:11:59.668-04:00  INFO 18228 --- [pedidos-ms] [restartedMain] o.s.c.openfeign.FeignClientFactoryBean   : For 'inventario-ms' URL not provided. Will try picking an instance via load-balancing.
2026-06-16T00:11:59.723-04:00  INFO 18228 --- [pedidos-ms] [restartedMain] r$InitializeUserDetailsManagerConfigurer : Global AuthenticationManager configured with UserDetailsService bean with name inMemoryUserDetailsManager
2026-06-16T00:11:59.861-04:00  INFO 18228 --- [pedidos-ms] [restartedMain] DiscoveryClientOptionalArgsConfiguration : Eureka HTTP Client uses RestClient.
2026-06-16T00:11:59.867-04:00  WARN 18228 --- [pedidos-ms] [restartedMain] iguration$LoadBalancerCaffeineWarnLogger : Spring Cloud LoadBalancer is currently working with the default cache. While this cache implementation is useful for development and tests, it's recommended to use Caffeine cache in production.You can switch to using Caffeine cache, by adding it and org.springframework.cache.caffeine.CaffeineCacheManager to the classpath.
2026-06-16T00:11:59.874-04:00  INFO 18228 --- [pedidos-ms] [restartedMain] o.s.c.n.eureka.InstanceInfoFactory       : Setting initial instance status as: STARTING
2026-06-16T00:11:59.876-04:00  INFO 18228 --- [pedidos-ms] [restartedMain] com.netflix.discovery.DiscoveryClient    : Initializing Eureka in region us-east-1
2026-06-16T00:11:59.876-04:00  INFO 18228 --- [pedidos-ms] [restartedMain] c.n.d.s.r.aws.ConfigClusterResolver      : Resolving eureka endpoints via configuration
2026-06-16T00:11:59.876-04:00  INFO 18228 --- [pedidos-ms] [restartedMain] com.netflix.discovery.DiscoveryClient    : Disable delta property : false
2026-06-16T00:11:59.876-04:00  INFO 18228 --- [pedidos-ms] [restartedMain] com.netflix.discovery.DiscoveryClient    : Single vip registry refresh property : null
2026-06-16T00:11:59.877-04:00  INFO 18228 --- [pedidos-ms] [restartedMain] com.netflix.discovery.DiscoveryClient    : Force full registry fetch : false
2026-06-16T00:11:59.877-04:00  INFO 18228 --- [pedidos-ms] [restartedMain] com.netflix.discovery.DiscoveryClient    : Application is null : false
2026-06-16T00:11:59.877-04:00  INFO 18228 --- [pedidos-ms] [restartedMain] com.netflix.discovery.DiscoveryClient    : Registered Applications size is zero : true
2026-06-16T00:11:59.877-04:00  INFO 18228 --- [pedidos-ms] [restartedMain] com.netflix.discovery.DiscoveryClient    : Application version is -1: true
2026-06-16T00:11:59.877-04:00  INFO 18228 --- [pedidos-ms] [restartedMain] com.netflix.discovery.DiscoveryClient    : Getting all instance registry info from the eureka server
2026-06-16T00:11:59.888-04:00  INFO 18228 --- [pedidos-ms] [restartedMain] com.netflix.discovery.DiscoveryClient    : The response status is 200
2026-06-16T00:11:59.888-04:00  INFO 18228 --- [pedidos-ms] [restartedMain] com.netflix.discovery.DiscoveryClient    : Starting heartbeat executor: renew interval is: 30
2026-06-16T00:11:59.889-04:00  INFO 18228 --- [pedidos-ms] [restartedMain] c.n.discovery.InstanceInfoReplicator     : InstanceInfoReplicator onDemand update allowed rate per min is 4
2026-06-16T00:11:59.889-04:00  INFO 18228 --- [pedidos-ms] [restartedMain] com.netflix.discovery.DiscoveryClient    : Discovery Client initialized at timestamp 1781583119889 with initial instances count: 9
2026-06-16T00:11:59.889-04:00  INFO 18228 --- [pedidos-ms] [restartedMain] o.s.c.n.e.s.EurekaServiceRegistry        : Registering application PEDIDOS-MS with eureka with status UP
2026-06-16T00:11:59.889-04:00  INFO 18228 --- [pedidos-ms] [restartedMain] com.netflix.discovery.DiscoveryClient    : Saw local status change event StatusChangeEvent [timestamp=1781583119889, current=UP, previous=STARTING]
2026-06-16T00:11:59.890-04:00  INFO 18228 --- [pedidos-ms] [DiscoveryClient-InstanceInfoReplicator-%d] com.netflix.discovery.DiscoveryClient    : DiscoveryClient_PEDIDOS-MS/Pc-Toobal:pedidos-ms:8087: registering service...
2026-06-16T00:11:59.892-04:00  INFO 18228 --- [pedidos-ms] [restartedMain] o.s.boot.tomcat.TomcatWebServer          : Tomcat started on port 8087 (http) with context path '/'
2026-06-16T00:11:59.893-04:00  INFO 18228 --- [pedidos-ms] [restartedMain] .s.c.n.e.s.EurekaAutoServiceRegistration : Updating port to 8087
2026-06-16T00:11:59.897-04:00  INFO 18228 --- [pedidos-ms] [restartedMain] c.example.pedido_ms.PedidoMsApplication  : Started PedidoMsApplication in 1.346 seconds (process running for 2469.383)
2026-06-16T00:11:59.898-04:00  WARN 18228 --- [pedidos-ms] [restartedMain] o.s.core.events.SpringDocAppInitializer  : SpringDoc /api-docs endpoint is enabled by default. To disable it in production, set the property 'springdoc.api-docs.enabled=false'
2026-06-16T00:11:59.898-04:00  WARN 18228 --- [pedidos-ms] [restartedMain] o.s.core.events.SpringDocAppInitializer  : SpringDoc /swagger-ui.html endpoint is enabled by default. To disable it in production, set the property 'springdoc.swagger-ui.enabled=false'
2026-06-16T00:11:59.899-04:00  INFO 18228 --- [pedidos-ms] [restartedMain] .ConditionEvaluationDeltaLoggingListener : Condition evaluation unchanged
2026-06-16T00:11:59.901-04:00  INFO 18228 --- [pedidos-ms] [DiscoveryClient-InstanceInfoReplicator-%d] com.netflix.discovery.DiscoveryClient    : DiscoveryClient_PEDIDOS-MS/Pc-Toobal:pedidos-ms:8087 - registration status: 204
2026-06-16T00:12:01.265-04:00  INFO 18228 --- [pedidos-ms] [File Watcher] rtingClassPathChangeChangedEventListener : Restarting due to 2 class path changes (0 additions, 0 deletions, 2 modifications)
2026-06-16T00:12:01.266-04:00  INFO 18228 --- [pedidos-ms] [Thread-43] o.s.c.n.e.s.EurekaServiceRegistry        : Unregistering application PEDIDOS-MS with eureka with status DOWN
2026-06-16T00:12:01.267-04:00  INFO 18228 --- [pedidos-ms] [Thread-43] com.netflix.discovery.DiscoveryClient    : Saw local status change event StatusChangeEvent [timestamp=1781583121267, current=DOWN, previous=UP]
2026-06-16T00:12:01.267-04:00  INFO 18228 --- [pedidos-ms] [DiscoveryClient-InstanceInfoReplicator-%d] com.netflix.discovery.DiscoveryClient    : DiscoveryClient_PEDIDOS-MS/Pc-Toobal:pedidos-ms:8087: registering service...
2026-06-16T00:12:01.268-04:00  INFO 18228 --- [pedidos-ms] [Thread-43] o.s.boot.tomcat.GracefulShutdown         : Commencing graceful shutdown. Waiting for active requests to complete
2026-06-16T00:12:01.270-04:00  INFO 18228 --- [pedidos-ms] [DiscoveryClient-InstanceInfoReplicator-%d] com.netflix.discovery.DiscoveryClient    : DiscoveryClient_PEDIDOS-MS/Pc-Toobal:pedidos-ms:8087 - registration status: 204
2026-06-16T00:12:01.274-04:00  INFO 18228 --- [pedidos-ms] [tomcat-shutdown] o.s.boot.tomcat.GracefulShutdown         : Graceful shutdown complete
2026-06-16T00:12:01.276-04:00  INFO 18228 --- [pedidos-ms] [Thread-43] j.LocalContainerEntityManagerFactoryBean : Closing JPA EntityManagerFactory for persistence unit 'default'
2026-06-16T00:12:01.278-04:00  INFO 18228 --- [pedidos-ms] [Thread-43] com.zaxxer.hikari.HikariDataSource       : HikariPool-8 - Shutdown initiated...
2026-06-16T00:12:01.280-04:00  INFO 18228 --- [pedidos-ms] [Thread-43] com.zaxxer.hikari.HikariDataSource       : HikariPool-8 - Shutdown completed.
2026-06-16T00:12:01.281-04:00  INFO 18228 --- [pedidos-ms] [Thread-43] com.netflix.discovery.DiscoveryClient    : Shutting down DiscoveryClient ...
2026-06-16T00:12:04.295-04:00  INFO 18228 --- [pedidos-ms] [Thread-43] com.netflix.discovery.DiscoveryClient    : Unregistering ...
2026-06-16T00:12:04.312-04:00  INFO 18228 --- [pedidos-ms] [Thread-43] com.netflix.discovery.DiscoveryClient    : DiscoveryClient_PEDIDOS-MS/Pc-Toobal:pedidos-ms:8087 - deregister  status: 200
2026-06-16T00:12:04.312-04:00  INFO 18228 --- [pedidos-ms] [Thread-43] com.netflix.discovery.DiscoveryClient    : Completed shut down of DiscoveryClient
2026-06-16T00:12:04.394-04:00  INFO 18228 --- [pedidos-ms] [restartedMain] c.example.pedido_ms.PedidoMsApplication  : Starting PedidoMsApplication using Java 21.0.10 with PID 18228 (C:\Users\Moonlabpc\Documents\GitHub\Perfulandia_Final\pedido_ms\target\classes started by Moonlabpc in C:\Users\Moonlabpc\Documents\GitHub\Perfulandia_Final)
2026-06-16T00:12:04.395-04:00  INFO 18228 --- [pedidos-ms] [restartedMain] c.example.pedido_ms.PedidoMsApplication  : No active profile set, falling back to 1 default profile: "default"
2026-06-16T00:12:04.595-04:00  INFO 18228 --- [pedidos-ms] [restartedMain] .s.d.r.c.RepositoryConfigurationDelegate : Bootstrapping Spring Data JPA repositories in DEFAULT mode.
2026-06-16T00:12:04.606-04:00  INFO 18228 --- [pedidos-ms] [restartedMain] .s.d.r.c.RepositoryConfigurationDelegate : Finished Spring Data repository scanning in 9 ms. Found 2 JPA repository interfaces.
2026-06-16T00:12:04.687-04:00  INFO 18228 --- [pedidos-ms] [restartedMain] o.s.cloud.context.scope.GenericScope     : BeanFactory id=188a643a-fbe6-3e9d-ac32-1f90c6ce8742
2026-06-16T00:12:04.732-04:00  INFO 18228 --- [pedidos-ms] [restartedMain] o.s.boot.tomcat.TomcatWebServer          : Tomcat initialized with port 8087 (http)
2026-06-16T00:12:04.733-04:00  INFO 18228 --- [pedidos-ms] [restartedMain] o.apache.catalina.core.StandardService   : Starting service [Tomcat]
2026-06-16T00:12:04.733-04:00  INFO 18228 --- [pedidos-ms] [restartedMain] o.apache.catalina.core.StandardEngine    : Starting Servlet engine: [Apache Tomcat/11.0.21]
2026-06-16T00:12:04.764-04:00  INFO 18228 --- [pedidos-ms] [restartedMain] b.w.c.s.WebApplicationContextInitializer : Root WebApplicationContext: initialization completed in 367 ms
2026-06-16T00:12:04.784-04:00  INFO 18228 --- [pedidos-ms] [restartedMain] org.hibernate.orm.jpa                    : HHH008540: Processing PersistenceUnitInfo [name: default]
2026-06-16T00:12:04.811-04:00  INFO 18228 --- [pedidos-ms] [restartedMain] o.s.o.j.p.SpringPersistenceUnitInfo      : No LoadTimeWeaver setup: ignoring JPA class transformer
2026-06-16T00:12:04.812-04:00  INFO 18228 --- [pedidos-ms] [restartedMain] com.zaxxer.hikari.HikariDataSource       : HikariPool-9 - Starting...
2026-06-16T00:12:04.814-04:00  INFO 18228 --- [pedidos-ms] [restartedMain] com.zaxxer.hikari.pool.HikariPool        : HikariPool-9 - Added connection com.mysql.cj.jdbc.ConnectionImpl@5f78c8ae
2026-06-16T00:12:04.814-04:00  INFO 18228 --- [pedidos-ms] [restartedMain] com.zaxxer.hikari.HikariDataSource       : HikariPool-9 - Start completed.
2026-06-16T00:12:04.815-04:00  WARN 18228 --- [pedidos-ms] [restartedMain] org.hibernate.orm.core                   : HHH000511: The 5.5.5 version for [org.hibernate.dialect.MySQLDialect] is no longer supported, hence certain features may not work properly.The minimum supported version is 8.0.0. Check the community dialects project for available legacy versions.
2026-06-16T00:12:04.816-04:00  WARN 18228 --- [pedidos-ms] [restartedMain] org.hibernate.orm.deprecation            : HHH90000025: MySQLDialect does not need to be specified explicitly using 'hibernate.dialect' (remove the property setting and it will be selected by default)
2026-06-16T00:12:04.816-04:00  INFO 18228 --- [pedidos-ms] [restartedMain] org.hibernate.orm.connections.pooling    : HHH10001005: Database info:
	Database JDBC URL [jdbc:mysql://localhost:3306/perfulandia_db?useSSL=false&serverTimezone=UTC]
	Database driver: MySQL Connector/J
	Database dialect: MySQLDialect
	Database version: 5.5.5
	Default catalog/schema: perfulandia_db/undefined
	Autocommit mode: undefined/unknown
	Isolation level: REPEATABLE_READ [default REPEATABLE_READ]
	JDBC fetch size: none
	Pool: DataSourceConnectionProvider
	Minimum pool size: undefined/unknown
	Maximum pool size: undefined/unknown
2026-06-16T00:12:04.857-04:00  INFO 18228 --- [pedidos-ms] [restartedMain] org.hibernate.orm.core                   : HHH000489: No JTA platform available (set 'hibernate.transaction.jta.platform' to enable JTA platform integration)
2026-06-16T00:12:05.043-04:00  INFO 18228 --- [pedidos-ms] [restartedMain] j.LocalContainerEntityManagerFactoryBean : Initialized JPA EntityManagerFactory for persistence unit 'default'
2026-06-16T00:12:05.107-04:00  WARN 18228 --- [pedidos-ms] [restartedMain] JpaBaseConfiguration$JpaWebConfiguration : spring.jpa.open-in-view is enabled by default. Therefore, database queries may be performed during view rendering. Explicitly configure spring.jpa.open-in-view to disable this warning
2026-06-16T00:12:05.183-04:00  INFO 18228 --- [pedidos-ms] [restartedMain] o.s.c.openfeign.FeignClientFactoryBean   : For 'clientes-ms' URL not provided. Will try picking an instance via load-balancing.
2026-06-16T00:12:05.221-04:00  INFO 18228 --- [pedidos-ms] [restartedMain] o.s.c.openfeign.FeignClientFactoryBean   : For 'producto-ms' URL not provided. Will try picking an instance via load-balancing.
2026-06-16T00:12:05.241-04:00  INFO 18228 --- [pedidos-ms] [restartedMain] o.s.c.openfeign.FeignClientFactoryBean   : For 'inventario-ms' URL not provided. Will try picking an instance via load-balancing.
2026-06-16T00:12:05.295-04:00  INFO 18228 --- [pedidos-ms] [restartedMain] r$InitializeUserDetailsManagerConfigurer : Global AuthenticationManager configured with UserDetailsService bean with name inMemoryUserDetailsManager
2026-06-16T00:12:05.461-04:00  INFO 18228 --- [pedidos-ms] [restartedMain] DiscoveryClientOptionalArgsConfiguration : Eureka HTTP Client uses RestClient.
2026-06-16T00:12:05.469-04:00  WARN 18228 --- [pedidos-ms] [restartedMain] iguration$LoadBalancerCaffeineWarnLogger : Spring Cloud LoadBalancer is currently working with the default cache. While this cache implementation is useful for development and tests, it's recommended to use Caffeine cache in production.You can switch to using Caffeine cache, by adding it and org.springframework.cache.caffeine.CaffeineCacheManager to the classpath.
2026-06-16T00:12:05.476-04:00  INFO 18228 --- [pedidos-ms] [restartedMain] o.s.c.n.eureka.InstanceInfoFactory       : Setting initial instance status as: STARTING
2026-06-16T00:12:05.478-04:00  INFO 18228 --- [pedidos-ms] [restartedMain] com.netflix.discovery.DiscoveryClient    : Initializing Eureka in region us-east-1
2026-06-16T00:12:05.478-04:00  INFO 18228 --- [pedidos-ms] [restartedMain] c.n.d.s.r.aws.ConfigClusterResolver      : Resolving eureka endpoints via configuration
2026-06-16T00:12:05.478-04:00  INFO 18228 --- [pedidos-ms] [restartedMain] com.netflix.discovery.DiscoveryClient    : Disable delta property : false
2026-06-16T00:12:05.478-04:00  INFO 18228 --- [pedidos-ms] [restartedMain] com.netflix.discovery.DiscoveryClient    : Single vip registry refresh property : null
2026-06-16T00:12:05.478-04:00  INFO 18228 --- [pedidos-ms] [restartedMain] com.netflix.discovery.DiscoveryClient    : Force full registry fetch : false
2026-06-16T00:12:05.478-04:00  INFO 18228 --- [pedidos-ms] [restartedMain] com.netflix.discovery.DiscoveryClient    : Application is null : false
2026-06-16T00:12:05.478-04:00  INFO 18228 --- [pedidos-ms] [restartedMain] com.netflix.discovery.DiscoveryClient    : Registered Applications size is zero : true
2026-06-16T00:12:05.479-04:00  INFO 18228 --- [pedidos-ms] [restartedMain] com.netflix.discovery.DiscoveryClient    : Application version is -1: true
2026-06-16T00:12:05.479-04:00  INFO 18228 --- [pedidos-ms] [restartedMain] com.netflix.discovery.DiscoveryClient    : Getting all instance registry info from the eureka server
2026-06-16T00:12:05.490-04:00  INFO 18228 --- [pedidos-ms] [restartedMain] com.netflix.discovery.DiscoveryClient    : The response status is 200
2026-06-16T00:12:05.491-04:00  INFO 18228 --- [pedidos-ms] [restartedMain] com.netflix.discovery.DiscoveryClient    : Starting heartbeat executor: renew interval is: 30
2026-06-16T00:12:05.491-04:00  INFO 18228 --- [pedidos-ms] [restartedMain] c.n.discovery.InstanceInfoReplicator     : InstanceInfoReplicator onDemand update allowed rate per min is 4
2026-06-16T00:12:05.491-04:00  INFO 18228 --- [pedidos-ms] [restartedMain] com.netflix.discovery.DiscoveryClient    : Discovery Client initialized at timestamp 1781583125491 with initial instances count: 9
2026-06-16T00:12:05.492-04:00  INFO 18228 --- [pedidos-ms] [restartedMain] o.s.c.n.e.s.EurekaServiceRegistry        : Registering application PEDIDOS-MS with eureka with status UP
2026-06-16T00:12:05.492-04:00  INFO 18228 --- [pedidos-ms] [restartedMain] com.netflix.discovery.DiscoveryClient    : Saw local status change event StatusChangeEvent [timestamp=1781583125492, current=UP, previous=STARTING]
2026-06-16T00:12:05.492-04:00  INFO 18228 --- [pedidos-ms] [DiscoveryClient-InstanceInfoReplicator-%d] com.netflix.discovery.DiscoveryClient    : DiscoveryClient_PEDIDOS-MS/Pc-Toobal:pedidos-ms:8087: registering service...
2026-06-16T00:12:05.495-04:00  INFO 18228 --- [pedidos-ms] [restartedMain] o.s.boot.tomcat.TomcatWebServer          : Tomcat started on port 8087 (http) with context path '/'
2026-06-16T00:12:05.497-04:00  INFO 18228 --- [pedidos-ms] [restartedMain] .s.c.n.e.s.EurekaAutoServiceRegistration : Updating port to 8087
2026-06-16T00:12:05.501-04:00  INFO 18228 --- [pedidos-ms] [restartedMain] c.example.pedido_ms.PedidoMsApplication  : Started PedidoMsApplication in 1.132 seconds (process running for 2474.987)
2026-06-16T00:12:05.502-04:00  WARN 18228 --- [pedidos-ms] [restartedMain] o.s.core.events.SpringDocAppInitializer  : SpringDoc /api-docs endpoint is enabled by default. To disable it in production, set the property 'springdoc.api-docs.enabled=false'
2026-06-16T00:12:05.502-04:00  INFO 18228 --- [pedidos-ms] [DiscoveryClient-InstanceInfoReplicator-%d] com.netflix.discovery.DiscoveryClient    : DiscoveryClient_PEDIDOS-MS/Pc-Toobal:pedidos-ms:8087 - registration status: 204
2026-06-16T00:12:05.502-04:00  WARN 18228 --- [pedidos-ms] [restartedMain] o.s.core.events.SpringDocAppInitializer  : SpringDoc /swagger-ui.html endpoint is enabled by default. To disable it in production, set the property 'springdoc.swagger-ui.enabled=false'
2026-06-16T00:12:05.503-04:00  INFO 18228 --- [pedidos-ms] [restartedMain] .ConditionEvaluationDeltaLoggingListener : Condition evaluation unchanged
2026-06-16T00:12:14.010-04:00  INFO 18228 --- [pedidos-ms] [File Watcher] rtingClassPathChangeChangedEventListener : Restarting due to 1 class path change (0 additions, 0 deletions, 1 modification)
2026-06-16T00:12:14.011-04:00  INFO 18228 --- [pedidos-ms] [Thread-49] o.s.c.n.e.s.EurekaServiceRegistry        : Unregistering application PEDIDOS-MS with eureka with status DOWN
2026-06-16T00:12:14.011-04:00  INFO 18228 --- [pedidos-ms] [Thread-49] com.netflix.discovery.DiscoveryClient    : Saw local status change event StatusChangeEvent [timestamp=1781583134011, current=DOWN, previous=UP]
2026-06-16T00:12:14.011-04:00  INFO 18228 --- [pedidos-ms] [DiscoveryClient-InstanceInfoReplicator-%d] com.netflix.discovery.DiscoveryClient    : DiscoveryClient_PEDIDOS-MS/Pc-Toobal:pedidos-ms:8087: registering service...
2026-06-16T00:12:14.011-04:00  INFO 18228 --- [pedidos-ms] [Thread-49] o.s.boot.tomcat.GracefulShutdown         : Commencing graceful shutdown. Waiting for active requests to complete
2026-06-16T00:12:14.014-04:00  INFO 18228 --- [pedidos-ms] [tomcat-shutdown] o.s.boot.tomcat.GracefulShutdown         : Graceful shutdown complete
2026-06-16T00:12:14.015-04:00  INFO 18228 --- [pedidos-ms] [Thread-49] j.LocalContainerEntityManagerFactoryBean : Closing JPA EntityManagerFactory for persistence unit 'default'
2026-06-16T00:12:14.016-04:00  INFO 18228 --- [pedidos-ms] [Thread-49] com.zaxxer.hikari.HikariDataSource       : HikariPool-9 - Shutdown initiated...
2026-06-16T00:12:14.017-04:00  INFO 18228 --- [pedidos-ms] [Thread-49] com.zaxxer.hikari.HikariDataSource       : HikariPool-9 - Shutdown completed.
2026-06-16T00:12:14.018-04:00  INFO 18228 --- [pedidos-ms] [Thread-49] com.netflix.discovery.DiscoveryClient    : Shutting down DiscoveryClient ...
2026-06-16T00:12:14.026-04:00  INFO 18228 --- [pedidos-ms] [DiscoveryClient-InstanceInfoReplicator-%d] com.netflix.discovery.DiscoveryClient    : DiscoveryClient_PEDIDOS-MS/Pc-Toobal:pedidos-ms:8087 - registration status: 204
2026-06-16T00:12:14.027-04:00  INFO 18228 --- [pedidos-ms] [Thread-49] com.netflix.discovery.DiscoveryClient    : Unregistering ...
2026-06-16T00:12:14.029-04:00  INFO 18228 --- [pedidos-ms] [Thread-49] com.netflix.discovery.DiscoveryClient    : DiscoveryClient_PEDIDOS-MS/Pc-Toobal:pedidos-ms:8087 - deregister  status: 200
2026-06-16T00:12:14.029-04:00  INFO 18228 --- [pedidos-ms] [Thread-49] com.netflix.discovery.DiscoveryClient    : Completed shut down of DiscoveryClient
2026-06-16T00:12:14.101-04:00  INFO 18228 --- [pedidos-ms] [restartedMain] c.example.pedido_ms.PedidoMsApplication  : Starting PedidoMsApplication using Java 21.0.10 with PID 18228 (C:\Users\Moonlabpc\Documents\GitHub\Perfulandia_Final\pedido_ms\target\classes started by Moonlabpc in C:\Users\Moonlabpc\Documents\GitHub\Perfulandia_Final)
2026-06-16T00:12:14.102-04:00  INFO 18228 --- [pedidos-ms] [restartedMain] c.example.pedido_ms.PedidoMsApplication  : No active profile set, falling back to 1 default profile: "default"
2026-06-16T00:12:14.277-04:00  INFO 18228 --- [pedidos-ms] [restartedMain] .s.d.r.c.RepositoryConfigurationDelegate : Bootstrapping Spring Data JPA repositories in DEFAULT mode.
2026-06-16T00:12:14.285-04:00  INFO 18228 --- [pedidos-ms] [restartedMain] .s.d.r.c.RepositoryConfigurationDelegate : Finished Spring Data repository scanning in 8 ms. Found 2 JPA repository interfaces.
2026-06-16T00:12:14.350-04:00  INFO 18228 --- [pedidos-ms] [restartedMain] o.s.cloud.context.scope.GenericScope     : BeanFactory id=188a643a-fbe6-3e9d-ac32-1f90c6ce8742
2026-06-16T00:12:14.390-04:00  INFO 18228 --- [pedidos-ms] [restartedMain] o.s.boot.tomcat.TomcatWebServer          : Tomcat initialized with port 8087 (http)
2026-06-16T00:12:14.391-04:00  INFO 18228 --- [pedidos-ms] [restartedMain] o.apache.catalina.core.StandardService   : Starting service [Tomcat]
2026-06-16T00:12:14.391-04:00  INFO 18228 --- [pedidos-ms] [restartedMain] o.apache.catalina.core.StandardEngine    : Starting Servlet engine: [Apache Tomcat/11.0.21]
2026-06-16T00:12:14.421-04:00  INFO 18228 --- [pedidos-ms] [restartedMain] b.w.c.s.WebApplicationContextInitializer : Root WebApplicationContext: initialization completed in 318 ms
2026-06-16T00:12:14.441-04:00  INFO 18228 --- [pedidos-ms] [restartedMain] org.hibernate.orm.jpa                    : HHH008540: Processing PersistenceUnitInfo [name: default]
2026-06-16T00:12:14.469-04:00  INFO 18228 --- [pedidos-ms] [restartedMain] o.s.o.j.p.SpringPersistenceUnitInfo      : No LoadTimeWeaver setup: ignoring JPA class transformer
2026-06-16T00:12:14.470-04:00  INFO 18228 --- [pedidos-ms] [restartedMain] com.zaxxer.hikari.HikariDataSource       : HikariPool-10 - Starting...
2026-06-16T00:12:14.473-04:00  INFO 18228 --- [pedidos-ms] [restartedMain] com.zaxxer.hikari.pool.HikariPool        : HikariPool-10 - Added connection com.mysql.cj.jdbc.ConnectionImpl@f37a3bb
2026-06-16T00:12:14.473-04:00  INFO 18228 --- [pedidos-ms] [restartedMain] com.zaxxer.hikari.HikariDataSource       : HikariPool-10 - Start completed.
2026-06-16T00:12:14.474-04:00  WARN 18228 --- [pedidos-ms] [restartedMain] org.hibernate.orm.core                   : HHH000511: The 5.5.5 version for [org.hibernate.dialect.MySQLDialect] is no longer supported, hence certain features may not work properly.The minimum supported version is 8.0.0. Check the community dialects project for available legacy versions.
2026-06-16T00:12:14.475-04:00  WARN 18228 --- [pedidos-ms] [restartedMain] org.hibernate.orm.deprecation            : HHH90000025: MySQLDialect does not need to be specified explicitly using 'hibernate.dialect' (remove the property setting and it will be selected by default)
2026-06-16T00:12:14.475-04:00  INFO 18228 --- [pedidos-ms] [restartedMain] org.hibernate.orm.connections.pooling    : HHH10001005: Database info:
	Database JDBC URL [jdbc:mysql://localhost:3306/perfulandia_db?useSSL=false&serverTimezone=UTC]
	Database driver: MySQL Connector/J
	Database dialect: MySQLDialect
	Database version: 5.5.5
	Default catalog/schema: perfulandia_db/undefined
	Autocommit mode: undefined/unknown
	Isolation level: REPEATABLE_READ [default REPEATABLE_READ]
	JDBC fetch size: none
	Pool: DataSourceConnectionProvider
	Minimum pool size: undefined/unknown
	Maximum pool size: undefined/unknown
2026-06-16T00:12:14.512-04:00  INFO 18228 --- [pedidos-ms] [restartedMain] org.hibernate.orm.core                   : HHH000489: No JTA platform available (set 'hibernate.transaction.jta.platform' to enable JTA platform integration)
2026-06-16T00:12:14.685-04:00  INFO 18228 --- [pedidos-ms] [restartedMain] j.LocalContainerEntityManagerFactoryBean : Initialized JPA EntityManagerFactory for persistence unit 'default'
2026-06-16T00:12:14.736-04:00  WARN 18228 --- [pedidos-ms] [restartedMain] JpaBaseConfiguration$JpaWebConfiguration : spring.jpa.open-in-view is enabled by default. Therefore, database queries may be performed during view rendering. Explicitly configure spring.jpa.open-in-view to disable this warning
2026-06-16T00:12:14.750-04:00  INFO 18228 --- [pedidos-ms] [restartedMain] o.s.c.openfeign.FeignClientFactoryBean   : For 'clientes-ms' URL not provided. Will try picking an instance via load-balancing.
2026-06-16T00:12:14.763-04:00  INFO 18228 --- [pedidos-ms] [restartedMain] o.s.c.openfeign.FeignClientFactoryBean   : For 'producto-ms' URL not provided. Will try picking an instance via load-balancing.
2026-06-16T00:12:14.772-04:00  INFO 18228 --- [pedidos-ms] [restartedMain] o.s.c.openfeign.FeignClientFactoryBean   : For 'inventario-ms' URL not provided. Will try picking an instance via load-balancing.
2026-06-16T00:12:14.802-04:00  INFO 18228 --- [pedidos-ms] [restartedMain] r$InitializeUserDetailsManagerConfigurer : Global AuthenticationManager configured with UserDetailsService bean with name inMemoryUserDetailsManager
2026-06-16T00:12:14.888-04:00  INFO 18228 --- [pedidos-ms] [restartedMain] DiscoveryClientOptionalArgsConfiguration : Eureka HTTP Client uses RestClient.
2026-06-16T00:12:14.893-04:00  WARN 18228 --- [pedidos-ms] [restartedMain] iguration$LoadBalancerCaffeineWarnLogger : Spring Cloud LoadBalancer is currently working with the default cache. While this cache implementation is useful for development and tests, it's recommended to use Caffeine cache in production.You can switch to using Caffeine cache, by adding it and org.springframework.cache.caffeine.CaffeineCacheManager to the classpath.
2026-06-16T00:12:14.899-04:00  INFO 18228 --- [pedidos-ms] [restartedMain] o.s.c.n.eureka.InstanceInfoFactory       : Setting initial instance status as: STARTING
2026-06-16T00:12:14.900-04:00  INFO 18228 --- [pedidos-ms] [restartedMain] com.netflix.discovery.DiscoveryClient    : Initializing Eureka in region us-east-1
2026-06-16T00:12:14.901-04:00  INFO 18228 --- [pedidos-ms] [restartedMain] c.n.d.s.r.aws.ConfigClusterResolver      : Resolving eureka endpoints via configuration
2026-06-16T00:12:14.901-04:00  INFO 18228 --- [pedidos-ms] [restartedMain] com.netflix.discovery.DiscoveryClient    : Disable delta property : false
2026-06-16T00:12:14.901-04:00  INFO 18228 --- [pedidos-ms] [restartedMain] com.netflix.discovery.DiscoveryClient    : Single vip registry refresh property : null
2026-06-16T00:12:14.901-04:00  INFO 18228 --- [pedidos-ms] [restartedMain] com.netflix.discovery.DiscoveryClient    : Force full registry fetch : false
2026-06-16T00:12:14.901-04:00  INFO 18228 --- [pedidos-ms] [restartedMain] com.netflix.discovery.DiscoveryClient    : Application is null : false
2026-06-16T00:12:14.902-04:00  INFO 18228 --- [pedidos-ms] [restartedMain] com.netflix.discovery.DiscoveryClient    : Registered Applications size is zero : true
2026-06-16T00:12:14.902-04:00  INFO 18228 --- [pedidos-ms] [restartedMain] com.netflix.discovery.DiscoveryClient    : Application version is -1: true
2026-06-16T00:12:14.902-04:00  INFO 18228 --- [pedidos-ms] [restartedMain] com.netflix.discovery.DiscoveryClient    : Getting all instance registry info from the eureka server
2026-06-16T00:12:14.911-04:00  INFO 18228 --- [pedidos-ms] [restartedMain] com.netflix.discovery.DiscoveryClient    : The response status is 200
2026-06-16T00:12:14.912-04:00  INFO 18228 --- [pedidos-ms] [restartedMain] com.netflix.discovery.DiscoveryClient    : Starting heartbeat executor: renew interval is: 30
2026-06-16T00:12:14.912-04:00  INFO 18228 --- [pedidos-ms] [restartedMain] c.n.discovery.InstanceInfoReplicator     : InstanceInfoReplicator onDemand update allowed rate per min is 4
2026-06-16T00:12:14.913-04:00  INFO 18228 --- [pedidos-ms] [restartedMain] com.netflix.discovery.DiscoveryClient    : Discovery Client initialized at timestamp 1781583134913 with initial instances count: 9
2026-06-16T00:12:14.913-04:00  INFO 18228 --- [pedidos-ms] [restartedMain] o.s.c.n.e.s.EurekaServiceRegistry        : Registering application PEDIDOS-MS with eureka with status UP
2026-06-16T00:12:14.914-04:00  INFO 18228 --- [pedidos-ms] [restartedMain] com.netflix.discovery.DiscoveryClient    : Saw local status change event StatusChangeEvent [timestamp=1781583134914, current=UP, previous=STARTING]
2026-06-16T00:12:14.914-04:00  INFO 18228 --- [pedidos-ms] [DiscoveryClient-InstanceInfoReplicator-%d] com.netflix.discovery.DiscoveryClient    : DiscoveryClient_PEDIDOS-MS/Pc-Toobal:pedidos-ms:8087: registering service...
2026-06-16T00:12:14.916-04:00  INFO 18228 --- [pedidos-ms] [restartedMain] o.s.boot.tomcat.TomcatWebServer          : Tomcat started on port 8087 (http) with context path '/'
2026-06-16T00:12:14.916-04:00  INFO 18228 --- [pedidos-ms] [restartedMain] .s.c.n.e.s.EurekaAutoServiceRegistration : Updating port to 8087
2026-06-16T00:12:14.921-04:00  INFO 18228 --- [pedidos-ms] [restartedMain] c.example.pedido_ms.PedidoMsApplication  : Started PedidoMsApplication in 0.84 seconds (process running for 2484.407)
2026-06-16T00:12:14.922-04:00  WARN 18228 --- [pedidos-ms] [restartedMain] o.s.core.events.SpringDocAppInitializer  : SpringDoc /api-docs endpoint is enabled by default. To disable it in production, set the property 'springdoc.api-docs.enabled=false'
2026-06-16T00:12:14.922-04:00  WARN 18228 --- [pedidos-ms] [restartedMain] o.s.core.events.SpringDocAppInitializer  : SpringDoc /swagger-ui.html endpoint is enabled by default. To disable it in production, set the property 'springdoc.swagger-ui.enabled=false'
2026-06-16T00:12:14.922-04:00  INFO 18228 --- [pedidos-ms] [DiscoveryClient-InstanceInfoReplicator-%d] com.netflix.discovery.DiscoveryClient    : DiscoveryClient_PEDIDOS-MS/Pc-Toobal:pedidos-ms:8087 - registration status: 204
2026-06-16T00:12:14.922-04:00  INFO 18228 --- [pedidos-ms] [restartedMain] .ConditionEvaluationDeltaLoggingListener : Condition evaluation unchanged
2026-06-16T00:17:12.285-04:00  INFO 18116 --- [pedidos-ms] [restartedMain] c.example.pedido_ms.PedidoMsApplication  : Starting PedidoMsApplication using Java 21.0.10 with PID 18116 (C:\Users\Moonlabpc\Documents\GitHub\Perfulandia_Final\pedido_ms\target\classes started by Moonlabpc in C:\Users\Moonlabpc\Documents\GitHub\Perfulandia_Final)
2026-06-16T00:17:12.285-04:00  INFO 18116 --- [pedidos-ms] [restartedMain] c.example.pedido_ms.PedidoMsApplication  : No active profile set, falling back to 1 default profile: "default"
2026-06-16T00:17:12.356-04:00  INFO 18116 --- [pedidos-ms] [restartedMain] .e.DevToolsPropertyDefaultsPostProcessor : Devtools property defaults active! Set 'spring.devtools.add-properties' to 'false' to disable
2026-06-16T00:17:12.356-04:00  INFO 18116 --- [pedidos-ms] [restartedMain] .e.DevToolsPropertyDefaultsPostProcessor : For additional web related logging consider setting the 'logging.level.web' property to 'DEBUG'
2026-06-16T00:17:13.391-04:00  INFO 18116 --- [pedidos-ms] [restartedMain] .s.d.r.c.RepositoryConfigurationDelegate : Bootstrapping Spring Data JPA repositories in DEFAULT mode.
2026-06-16T00:17:13.533-04:00  INFO 18116 --- [pedidos-ms] [restartedMain] .s.d.r.c.RepositoryConfigurationDelegate : Finished Spring Data repository scanning in 135 ms. Found 2 JPA repository interfaces.
2026-06-16T00:17:13.861-04:00  INFO 18116 --- [pedidos-ms] [restartedMain] o.s.cloud.context.scope.GenericScope     : BeanFactory id=188a643a-fbe6-3e9d-ac32-1f90c6ce8742
2026-06-16T00:17:14.359-04:00  INFO 18116 --- [pedidos-ms] [restartedMain] o.s.boot.tomcat.TomcatWebServer          : Tomcat initialized with port 8087 (http)
2026-06-16T00:17:14.374-04:00  INFO 18116 --- [pedidos-ms] [restartedMain] o.apache.catalina.core.StandardService   : Starting service [Tomcat]
2026-06-16T00:17:14.375-04:00  INFO 18116 --- [pedidos-ms] [restartedMain] o.apache.catalina.core.StandardEngine    : Starting Servlet engine: [Apache Tomcat/11.0.21]
2026-06-16T00:17:14.436-04:00  INFO 18116 --- [pedidos-ms] [restartedMain] b.w.c.s.WebApplicationContextInitializer : Root WebApplicationContext: initialization completed in 2080 ms
2026-06-16T00:17:14.623-04:00  INFO 18116 --- [pedidos-ms] [restartedMain] org.hibernate.orm.jpa                    : HHH008540: Processing PersistenceUnitInfo [name: default]
2026-06-16T00:17:14.684-04:00  INFO 18116 --- [pedidos-ms] [restartedMain] org.hibernate.orm.core                   : HHH000001: Hibernate ORM core version 7.2.12.Final
2026-06-16T00:17:15.155-04:00  INFO 18116 --- [pedidos-ms] [restartedMain] o.s.o.j.p.SpringPersistenceUnitInfo      : No LoadTimeWeaver setup: ignoring JPA class transformer
2026-06-16T00:17:15.193-04:00  INFO 18116 --- [pedidos-ms] [restartedMain] com.zaxxer.hikari.HikariDataSource       : HikariPool-1 - Starting...
2026-06-16T00:17:15.341-04:00  INFO 18116 --- [pedidos-ms] [restartedMain] com.zaxxer.hikari.pool.HikariPool        : HikariPool-1 - Added connection com.mysql.cj.jdbc.ConnectionImpl@1fdb739c
2026-06-16T00:17:15.341-04:00  INFO 18116 --- [pedidos-ms] [restartedMain] com.zaxxer.hikari.HikariDataSource       : HikariPool-1 - Start completed.
2026-06-16T00:17:15.386-04:00  WARN 18116 --- [pedidos-ms] [restartedMain] org.hibernate.orm.core                   : HHH000511: The 5.5.5 version for [org.hibernate.dialect.MySQLDialect] is no longer supported, hence certain features may not work properly.The minimum supported version is 8.0.0. Check the community dialects project for available legacy versions.
2026-06-16T00:17:15.386-04:00  WARN 18116 --- [pedidos-ms] [restartedMain] org.hibernate.orm.deprecation            : HHH90000025: MySQLDialect does not need to be specified explicitly using 'hibernate.dialect' (remove the property setting and it will be selected by default)
2026-06-16T00:17:15.414-04:00  INFO 18116 --- [pedidos-ms] [restartedMain] org.hibernate.orm.connections.pooling    : HHH10001005: Database info:
	Database JDBC URL [jdbc:mysql://localhost:3306/perfulandia_db?useSSL=false&serverTimezone=UTC]
	Database driver: MySQL Connector/J
	Database dialect: MySQLDialect
	Database version: 5.5.5
	Default catalog/schema: perfulandia_db/undefined
	Autocommit mode: undefined/unknown
	Isolation level: REPEATABLE_READ [default REPEATABLE_READ]
	JDBC fetch size: none
	Pool: DataSourceConnectionProvider
	Minimum pool size: undefined/unknown
	Maximum pool size: undefined/unknown
2026-06-16T00:17:16.255-04:00  INFO 18116 --- [pedidos-ms] [restartedMain] org.hibernate.orm.core                   : HHH000489: No JTA platform available (set 'hibernate.transaction.jta.platform' to enable JTA platform integration)
2026-06-16T00:17:16.485-04:00  INFO 18116 --- [pedidos-ms] [restartedMain] j.LocalContainerEntityManagerFactoryBean : Initialized JPA EntityManagerFactory for persistence unit 'default'
2026-06-16T00:17:16.564-04:00  INFO 18116 --- [pedidos-ms] [restartedMain] o.s.d.j.r.query.QueryEnhancerFactories   : Hibernate is in classpath; If applicable, HQL parser will be used.
2026-06-16T00:17:16.889-04:00  WARN 18116 --- [pedidos-ms] [restartedMain] JpaBaseConfiguration$JpaWebConfiguration : spring.jpa.open-in-view is enabled by default. Therefore, database queries may be performed during view rendering. Explicitly configure spring.jpa.open-in-view to disable this warning
2026-06-16T00:17:16.968-04:00  INFO 18116 --- [pedidos-ms] [restartedMain] o.s.c.openfeign.FeignClientFactoryBean   : For 'clientes-ms' URL not provided. Will try picking an instance via load-balancing.
2026-06-16T00:17:17.028-04:00  INFO 18116 --- [pedidos-ms] [restartedMain] o.s.c.openfeign.FeignClientFactoryBean   : For 'producto-ms' URL not provided. Will try picking an instance via load-balancing.
2026-06-16T00:17:17.051-04:00  INFO 18116 --- [pedidos-ms] [restartedMain] o.s.c.openfeign.FeignClientFactoryBean   : For 'inventario-ms' URL not provided. Will try picking an instance via load-balancing.
2026-06-16T00:17:17.184-04:00  INFO 18116 --- [pedidos-ms] [restartedMain] r$InitializeUserDetailsManagerConfigurer : Global AuthenticationManager configured with UserDetailsService bean with name inMemoryUserDetailsManager
2026-06-16T00:17:17.895-04:00  INFO 18116 --- [pedidos-ms] [restartedMain] DiscoveryClientOptionalArgsConfiguration : Eureka HTTP Client uses RestClient.
2026-06-16T00:17:17.924-04:00  WARN 18116 --- [pedidos-ms] [restartedMain] iguration$LoadBalancerCaffeineWarnLogger : Spring Cloud LoadBalancer is currently working with the default cache. While this cache implementation is useful for development and tests, it's recommended to use Caffeine cache in production.You can switch to using Caffeine cache, by adding it and org.springframework.cache.caffeine.CaffeineCacheManager to the classpath.
2026-06-16T00:17:17.961-04:00  INFO 18116 --- [pedidos-ms] [restartedMain] o.s.c.n.eureka.InstanceInfoFactory       : Setting initial instance status as: STARTING
2026-06-16T00:17:17.986-04:00  INFO 18116 --- [pedidos-ms] [restartedMain] com.netflix.discovery.DiscoveryClient    : Initializing Eureka in region us-east-1
2026-06-16T00:17:17.986-04:00  INFO 18116 --- [pedidos-ms] [restartedMain] c.n.d.s.r.aws.ConfigClusterResolver      : Resolving eureka endpoints via configuration
2026-06-16T00:17:18.001-04:00  INFO 18116 --- [pedidos-ms] [restartedMain] com.netflix.discovery.DiscoveryClient    : Disable delta property : false
2026-06-16T00:17:18.002-04:00  INFO 18116 --- [pedidos-ms] [restartedMain] com.netflix.discovery.DiscoveryClient    : Single vip registry refresh property : null
2026-06-16T00:17:18.002-04:00  INFO 18116 --- [pedidos-ms] [restartedMain] com.netflix.discovery.DiscoveryClient    : Force full registry fetch : false
2026-06-16T00:17:18.002-04:00  INFO 18116 --- [pedidos-ms] [restartedMain] com.netflix.discovery.DiscoveryClient    : Application is null : false
2026-06-16T00:17:18.002-04:00  INFO 18116 --- [pedidos-ms] [restartedMain] com.netflix.discovery.DiscoveryClient    : Registered Applications size is zero : true
2026-06-16T00:17:18.002-04:00  INFO 18116 --- [pedidos-ms] [restartedMain] com.netflix.discovery.DiscoveryClient    : Application version is -1: true
2026-06-16T00:17:18.002-04:00  INFO 18116 --- [pedidos-ms] [restartedMain] com.netflix.discovery.DiscoveryClient    : Getting all instance registry info from the eureka server
2026-06-16T00:17:18.355-04:00  INFO 18116 --- [pedidos-ms] [restartedMain] com.netflix.discovery.DiscoveryClient    : The response status is 200
2026-06-16T00:17:18.355-04:00  INFO 18116 --- [pedidos-ms] [restartedMain] com.netflix.discovery.DiscoveryClient    : Starting heartbeat executor: renew interval is: 30
2026-06-16T00:17:18.355-04:00  INFO 18116 --- [pedidos-ms] [restartedMain] c.n.discovery.InstanceInfoReplicator     : InstanceInfoReplicator onDemand update allowed rate per min is 4
2026-06-16T00:17:18.372-04:00  INFO 18116 --- [pedidos-ms] [restartedMain] com.netflix.discovery.DiscoveryClient    : Discovery Client initialized at timestamp 1781583438371 with initial instances count: 9
2026-06-16T00:17:18.376-04:00  INFO 18116 --- [pedidos-ms] [restartedMain] o.s.c.n.e.s.EurekaServiceRegistry        : Registering application PEDIDOS-MS with eureka with status UP
2026-06-16T00:17:18.377-04:00  INFO 18116 --- [pedidos-ms] [restartedMain] com.netflix.discovery.DiscoveryClient    : Saw local status change event StatusChangeEvent [timestamp=1781583438377, current=UP, previous=STARTING]
2026-06-16T00:17:18.379-04:00  INFO 18116 --- [pedidos-ms] [DiscoveryClient-InstanceInfoReplicator-%d] com.netflix.discovery.DiscoveryClient    : DiscoveryClient_PEDIDOS-MS/Pc-Toobal:pedidos-ms:8087: registering service...
2026-06-16T00:17:18.403-04:00  INFO 18116 --- [pedidos-ms] [restartedMain] o.s.boot.tomcat.TomcatWebServer          : Tomcat started on port 8087 (http) with context path '/'
2026-06-16T00:17:18.403-04:00  INFO 18116 --- [pedidos-ms] [restartedMain] .s.c.n.e.s.EurekaAutoServiceRegistration : Updating port to 8087
2026-06-16T00:17:18.420-04:00  INFO 18116 --- [pedidos-ms] [restartedMain] c.example.pedido_ms.PedidoMsApplication  : Started PedidoMsApplication in 6.634 seconds (process running for 7.337)
2026-06-16T00:17:18.426-04:00  WARN 18116 --- [pedidos-ms] [restartedMain] o.s.core.events.SpringDocAppInitializer  : SpringDoc /api-docs endpoint is enabled by default. To disable it in production, set the property 'springdoc.api-docs.enabled=false'
2026-06-16T00:17:18.427-04:00  WARN 18116 --- [pedidos-ms] [restartedMain] o.s.core.events.SpringDocAppInitializer  : SpringDoc /swagger-ui.html endpoint is enabled by default. To disable it in production, set the property 'springdoc.swagger-ui.enabled=false'
2026-06-16T00:17:18.431-04:00  INFO 18116 --- [pedidos-ms] [DiscoveryClient-InstanceInfoReplicator-%d] com.netflix.discovery.DiscoveryClient    : DiscoveryClient_PEDIDOS-MS/Pc-Toobal:pedidos-ms:8087 - registration status: 204
2026-06-16T00:22:18.005-04:00  INFO 18116 --- [pedidos-ms] [AsyncResolver-bootstrap-executor-%d] c.n.d.s.r.aws.ConfigClusterResolver      : Resolving eureka endpoints via configuration
2026-06-16T00:27:18.017-04:00  INFO 18116 --- [pedidos-ms] [AsyncResolver-bootstrap-executor-%d] c.n.d.s.r.aws.ConfigClusterResolver      : Resolving eureka endpoints via configuration
2026-06-16T00:28:28.061-04:00  INFO 18116 --- [pedidos-ms] [http-nio-8087-exec-1] o.a.c.c.C.[Tomcat].[localhost].[/]       : Initializing Spring DispatcherServlet 'dispatcherServlet'
2026-06-16T00:28:28.061-04:00  INFO 18116 --- [pedidos-ms] [http-nio-8087-exec-1] o.s.web.servlet.DispatcherServlet        : Initializing Servlet 'dispatcherServlet'
2026-06-16T00:28:28.066-04:00  INFO 18116 --- [pedidos-ms] [http-nio-8087-exec-1] o.s.web.servlet.DispatcherServlet        : Completed initialization in 5 ms
2026-06-16T00:28:28.454-04:00  INFO 18116 --- [pedidos-ms] [http-nio-8087-exec-1] c.e.pedido_ms.service.PedidoServiceImpl  : Iniciando creación de pedido para clienteId=5
2026-06-16T00:28:29.895-04:00  INFO 18116 --- [pedidos-ms] [http-nio-8087-exec-1] c.e.pedido_ms.service.PedidoServiceImpl  : Pedido creado correctamente con id=7
2026-06-16T00:29:52.088-04:00  INFO 18116 --- [pedidos-ms] [http-nio-8087-exec-4] c.e.pedido_ms.service.PedidoServiceImpl  : Buscando pedido por id=7
