2026-06-16T00:00:26.978-04:00  INFO 10520 --- [proveedores_ms] [AsyncResolver-bootstrap-executor-%d] c.n.d.s.r.aws.ConfigClusterResolver      : Resolving eureka endpoints via configuration
2026-06-16T00:05:26.993-04:00  INFO 10520 --- [proveedores_ms] [AsyncResolver-bootstrap-executor-%d] c.n.d.s.r.aws.ConfigClusterResolver      : Resolving eureka endpoints via configuration
2026-06-16T00:09:38.255-04:00  INFO 10520 --- [proveedores_ms] [File Watcher] rtingClassPathChangeChangedEventListener : Restarting due to 1 class path change (0 additions, 0 deletions, 1 modification)
2026-06-16T00:09:38.257-04:00  INFO 10520 --- [proveedores_ms] [Thread-1] o.s.c.n.e.s.EurekaServiceRegistry        : Unregistering application PROVEEDORES_MS with eureka with status DOWN
2026-06-16T00:09:38.258-04:00  INFO 10520 --- [proveedores_ms] [Thread-1] com.netflix.discovery.DiscoveryClient    : Saw local status change event StatusChangeEvent [timestamp=1781582978258, current=DOWN, previous=UP]
2026-06-16T00:09:38.258-04:00  INFO 10520 --- [proveedores_ms] [DiscoveryClient-InstanceInfoReplicator-%d] com.netflix.discovery.DiscoveryClient    : DiscoveryClient_PROVEEDORES_MS/Pc-Toobal:proveedores_ms:8086: registering service...
2026-06-16T00:09:38.261-04:00  INFO 10520 --- [proveedores_ms] [Thread-1] o.s.boot.tomcat.GracefulShutdown         : Commencing graceful shutdown. Waiting for active requests to complete
2026-06-16T00:09:38.265-04:00  INFO 10520 --- [proveedores_ms] [tomcat-shutdown] o.s.boot.tomcat.GracefulShutdown         : Graceful shutdown complete
2026-06-16T00:09:38.269-04:00  INFO 10520 --- [proveedores_ms] [DiscoveryClient-InstanceInfoReplicator-%d] com.netflix.discovery.DiscoveryClient    : DiscoveryClient_PROVEEDORES_MS/Pc-Toobal:proveedores_ms:8086 - registration status: 204
2026-06-16T00:09:38.271-04:00  INFO 10520 --- [proveedores_ms] [Thread-1] j.LocalContainerEntityManagerFactoryBean : Closing JPA EntityManagerFactory for persistence unit 'default'
2026-06-16T00:09:38.275-04:00  INFO 10520 --- [proveedores_ms] [Thread-1] com.zaxxer.hikari.HikariDataSource       : HikariPool-1 - Shutdown initiated...
2026-06-16T00:09:38.278-04:00  INFO 10520 --- [proveedores_ms] [Thread-1] com.zaxxer.hikari.HikariDataSource       : HikariPool-1 - Shutdown completed.
2026-06-16T00:09:38.279-04:00  INFO 10520 --- [proveedores_ms] [Thread-1] com.netflix.discovery.DiscoveryClient    : Shutting down DiscoveryClient ...
2026-06-16T00:09:41.287-04:00  INFO 10520 --- [proveedores_ms] [Thread-1] com.netflix.discovery.DiscoveryClient    : Unregistering ...
2026-06-16T00:09:41.304-04:00  INFO 10520 --- [proveedores_ms] [Thread-1] com.netflix.discovery.DiscoveryClient    : DiscoveryClient_PROVEEDORES_MS/Pc-Toobal:proveedores_ms:8086 - deregister  status: 200
2026-06-16T00:09:41.305-04:00  INFO 10520 --- [proveedores_ms] [Thread-1] com.netflix.discovery.DiscoveryClient    : Completed shut down of DiscoveryClient
2026-06-16T00:09:41.393-04:00  INFO 10520 --- [proveedores-ms] [restartedMain] c.e.p.ProveedoresMsApplication           : Starting ProveedoresMsApplication using Java 21.0.10 with PID 10520 (C:\Users\Moonlabpc\Documents\GitHub\Perfulandia_Final\proveedores_ms\target\classes started by Moonlabpc in C:\Users\Moonlabpc\Documents\GitHub\Perfulandia_Final)
2026-06-16T00:09:41.393-04:00 DEBUG 10520 --- [proveedores-ms] [restartedMain] c.e.p.ProveedoresMsApplication           : Running with Spring Boot v4.0.6, Spring v7.0.7
2026-06-16T00:09:41.393-04:00  INFO 10520 --- [proveedores-ms] [restartedMain] c.e.p.ProveedoresMsApplication           : No active profile set, falling back to 1 default profile: "default"
2026-06-16T00:09:41.635-04:00  INFO 10520 --- [proveedores-ms] [restartedMain] .s.d.r.c.RepositoryConfigurationDelegate : Bootstrapping Spring Data JPA repositories in DEFAULT mode.
2026-06-16T00:09:41.643-04:00  INFO 10520 --- [proveedores-ms] [restartedMain] .s.d.r.c.RepositoryConfigurationDelegate : Finished Spring Data repository scanning in 8 ms. Found 1 JPA repository interface.
2026-06-16T00:09:41.735-04:00  INFO 10520 --- [proveedores-ms] [restartedMain] o.s.cloud.context.scope.GenericScope     : BeanFactory id=6f4ec2bd-84c9-3a3e-bd41-abe5be0ba4f2
2026-06-16T00:09:41.791-04:00  INFO 10520 --- [proveedores-ms] [restartedMain] o.s.boot.tomcat.TomcatWebServer          : Tomcat initialized with port 8086 (http)
2026-06-16T00:09:41.791-04:00  INFO 10520 --- [proveedores-ms] [restartedMain] o.apache.catalina.core.StandardService   : Starting service [Tomcat]
2026-06-16T00:09:41.792-04:00  INFO 10520 --- [proveedores-ms] [restartedMain] o.apache.catalina.core.StandardEngine    : Starting Servlet engine: [Apache Tomcat/11.0.21]
2026-06-16T00:09:41.826-04:00  INFO 10520 --- [proveedores-ms] [restartedMain] b.w.c.s.WebApplicationContextInitializer : Root WebApplicationContext: initialization completed in 431 ms
2026-06-16T00:09:41.861-04:00  INFO 10520 --- [proveedores-ms] [restartedMain] org.hibernate.orm.jpa                    : HHH008540: Processing PersistenceUnitInfo [name: default]
2026-06-16T00:09:41.892-04:00  INFO 10520 --- [proveedores-ms] [restartedMain] o.s.o.j.p.SpringPersistenceUnitInfo      : No LoadTimeWeaver setup: ignoring JPA class transformer
2026-06-16T00:09:41.893-04:00  INFO 10520 --- [proveedores-ms] [restartedMain] com.zaxxer.hikari.HikariDataSource       : HikariPool-2 - Starting...
2026-06-16T00:09:41.896-04:00  INFO 10520 --- [proveedores-ms] [restartedMain] com.zaxxer.hikari.pool.HikariPool        : HikariPool-2 - Added connection com.mysql.cj.jdbc.ConnectionImpl@2ca518e2
2026-06-16T00:09:41.897-04:00  INFO 10520 --- [proveedores-ms] [restartedMain] com.zaxxer.hikari.HikariDataSource       : HikariPool-2 - Start completed.
2026-06-16T00:09:41.899-04:00  WARN 10520 --- [proveedores-ms] [restartedMain] org.hibernate.orm.core                   : HHH000511: The 5.5.5 version for [org.hibernate.dialect.MySQLDialect] is no longer supported, hence certain features may not work properly.The minimum supported version is 8.0.0. Check the community dialects project for available legacy versions.
2026-06-16T00:09:41.899-04:00  WARN 10520 --- [proveedores-ms] [restartedMain] org.hibernate.orm.deprecation            : HHH90000025: MySQLDialect does not need to be specified explicitly using 'hibernate.dialect' (remove the property setting and it will be selected by default)
2026-06-16T00:09:41.900-04:00  INFO 10520 --- [proveedores-ms] [restartedMain] org.hibernate.orm.connections.pooling    : HHH10001005: Database info:
	Database JDBC URL [jdbc:mysql://localhost:3306/perfulandia_db?useSSL=false&serverTimezone=UTC]
	Database driver: MySQL Connector/J
	Database dialect: MySQLDialect
	Database version: 5.5.5
	Default catalog/schema: perfulandia_db/undefined
	Autocommit mode: undefined/unknown
	Isolation level: REPEATABLE_READ [default REPEATABLE_READ]
	JDBC fetch size: none
	Pool: DataSourceConnectionProvider
	Minimum pool size: undefined/unknown
	Maximum pool size: undefined/unknown
2026-06-16T00:09:41.936-04:00  INFO 10520 --- [proveedores-ms] [restartedMain] org.hibernate.orm.core                   : HHH000489: No JTA platform available (set 'hibernate.transaction.jta.platform' to enable JTA platform integration)
2026-06-16T00:09:41.983-04:00  INFO 10520 --- [proveedores-ms] [restartedMain] j.LocalContainerEntityManagerFactoryBean : Initialized JPA EntityManagerFactory for persistence unit 'default'
2026-06-16T00:09:42.061-04:00  WARN 10520 --- [proveedores-ms] [restartedMain] JpaBaseConfiguration$JpaWebConfiguration : spring.jpa.open-in-view is enabled by default. Therefore, database queries may be performed during view rendering. Explicitly configure spring.jpa.open-in-view to disable this warning
2026-06-16T00:09:42.114-04:00  INFO 10520 --- [proveedores-ms] [restartedMain] r$InitializeUserDetailsManagerConfigurer : Global AuthenticationManager configured with UserDetailsService bean with name inMemoryUserDetailsManager
2026-06-16T00:09:42.274-04:00  INFO 10520 --- [proveedores-ms] [restartedMain] DiscoveryClientOptionalArgsConfiguration : Eureka HTTP Client uses RestClient.
2026-06-16T00:09:42.283-04:00  WARN 10520 --- [proveedores-ms] [restartedMain] iguration$LoadBalancerCaffeineWarnLogger : Spring Cloud LoadBalancer is currently working with the default cache. While this cache implementation is useful for development and tests, it's recommended to use Caffeine cache in production.You can switch to using Caffeine cache, by adding it and org.springframework.cache.caffeine.CaffeineCacheManager to the classpath.
2026-06-16T00:09:42.295-04:00  INFO 10520 --- [proveedores-ms] [restartedMain] o.s.c.n.eureka.InstanceInfoFactory       : Setting initial instance status as: STARTING
2026-06-16T00:09:42.297-04:00  INFO 10520 --- [proveedores-ms] [restartedMain] com.netflix.discovery.DiscoveryClient    : Initializing Eureka in region us-east-1
2026-06-16T00:09:42.297-04:00  INFO 10520 --- [proveedores-ms] [restartedMain] c.n.d.s.r.aws.ConfigClusterResolver      : Resolving eureka endpoints via configuration
2026-06-16T00:09:42.297-04:00  INFO 10520 --- [proveedores-ms] [restartedMain] com.netflix.discovery.DiscoveryClient    : Disable delta property : false
2026-06-16T00:09:42.297-04:00  INFO 10520 --- [proveedores-ms] [restartedMain] com.netflix.discovery.DiscoveryClient    : Single vip registry refresh property : null
2026-06-16T00:09:42.297-04:00  INFO 10520 --- [proveedores-ms] [restartedMain] com.netflix.discovery.DiscoveryClient    : Force full registry fetch : false
2026-06-16T00:09:42.297-04:00  INFO 10520 --- [proveedores-ms] [restartedMain] com.netflix.discovery.DiscoveryClient    : Application is null : false
2026-06-16T00:09:42.298-04:00  INFO 10520 --- [proveedores-ms] [restartedMain] com.netflix.discovery.DiscoveryClient    : Registered Applications size is zero : true
2026-06-16T00:09:42.298-04:00  INFO 10520 --- [proveedores-ms] [restartedMain] com.netflix.discovery.DiscoveryClient    : Application version is -1: true
2026-06-16T00:09:42.298-04:00  INFO 10520 --- [proveedores-ms] [restartedMain] com.netflix.discovery.DiscoveryClient    : Getting all instance registry info from the eureka server
2026-06-16T00:09:42.310-04:00  INFO 10520 --- [proveedores-ms] [restartedMain] com.netflix.discovery.DiscoveryClient    : The response status is 200
2026-06-16T00:09:42.311-04:00  INFO 10520 --- [proveedores-ms] [restartedMain] com.netflix.discovery.DiscoveryClient    : Starting heartbeat executor: renew interval is: 30
2026-06-16T00:09:42.312-04:00  INFO 10520 --- [proveedores-ms] [restartedMain] c.n.discovery.InstanceInfoReplicator     : InstanceInfoReplicator onDemand update allowed rate per min is 4
2026-06-16T00:09:42.312-04:00  INFO 10520 --- [proveedores-ms] [restartedMain] com.netflix.discovery.DiscoveryClient    : Discovery Client initialized at timestamp 1781582982312 with initial instances count: 9
2026-06-16T00:09:42.313-04:00  INFO 10520 --- [proveedores-ms] [restartedMain] o.s.c.n.e.s.EurekaServiceRegistry        : Registering application PROVEEDORES-MS with eureka with status UP
2026-06-16T00:09:42.313-04:00  INFO 10520 --- [proveedores-ms] [restartedMain] com.netflix.discovery.DiscoveryClient    : Saw local status change event StatusChangeEvent [timestamp=1781582982313, current=UP, previous=STARTING]
2026-06-16T00:09:42.313-04:00  INFO 10520 --- [proveedores-ms] [DiscoveryClient-InstanceInfoReplicator-%d] com.netflix.discovery.DiscoveryClient    : DiscoveryClient_PROVEEDORES-MS/Pc-Toobal:proveedores-ms:8086: registering service...
2026-06-16T00:09:42.317-04:00  INFO 10520 --- [proveedores-ms] [restartedMain] o.s.boot.tomcat.TomcatWebServer          : Tomcat started on port 8086 (http) with context path '/'
2026-06-16T00:09:42.319-04:00  INFO 10520 --- [proveedores-ms] [restartedMain] .s.c.n.e.s.EurekaAutoServiceRegistration : Updating port to 8086
2026-06-16T00:09:42.323-04:00  INFO 10520 --- [proveedores-ms] [DiscoveryClient-InstanceInfoReplicator-%d] com.netflix.discovery.DiscoveryClient    : DiscoveryClient_PROVEEDORES-MS/Pc-Toobal:proveedores-ms:8086 - registration status: 204
2026-06-16T00:09:42.324-04:00  INFO 10520 --- [proveedores-ms] [restartedMain] c.e.p.ProveedoresMsApplication           : Started ProveedoresMsApplication in 0.964 seconds (process running for 2662.35)
2026-06-16T00:09:42.325-04:00  WARN 10520 --- [proveedores-ms] [restartedMain] o.s.core.events.SpringDocAppInitializer  : SpringDoc /api-docs endpoint is enabled by default. To disable it in production, set the property 'springdoc.api-docs.enabled=false'
2026-06-16T00:09:42.325-04:00  WARN 10520 --- [proveedores-ms] [restartedMain] o.s.core.events.SpringDocAppInitializer  : SpringDoc /swagger-ui.html endpoint is enabled by default. To disable it in production, set the property 'springdoc.swagger-ui.enabled=false'
2026-06-16T00:14:42.301-04:00  INFO 10520 --- [proveedores-ms] [AsyncResolver-bootstrap-executor-%d] c.n.d.s.r.aws.ConfigClusterResolver      : Resolving eureka endpoints via configuration
2026-06-16T00:17:46.513-04:00  INFO 21196 --- [proveedores-ms] [restartedMain] c.e.p.ProveedoresMsApplication           : Starting ProveedoresMsApplication using Java 21.0.10 with PID 21196 (C:\Users\Moonlabpc\Documents\GitHub\Perfulandia_Final\proveedores_ms\target\classes started by Moonlabpc in C:\Users\Moonlabpc\Documents\GitHub\Perfulandia_Final)
2026-06-16T00:17:46.513-04:00 DEBUG 21196 --- [proveedores-ms] [restartedMain] c.e.p.ProveedoresMsApplication           : Running with Spring Boot v4.0.6, Spring v7.0.7
2026-06-16T00:17:46.513-04:00  INFO 21196 --- [proveedores-ms] [restartedMain] c.e.p.ProveedoresMsApplication           : No active profile set, falling back to 1 default profile: "default"
2026-06-16T00:17:46.579-04:00  INFO 21196 --- [proveedores-ms] [restartedMain] .e.DevToolsPropertyDefaultsPostProcessor : Devtools property defaults active! Set 'spring.devtools.add-properties' to 'false' to disable
2026-06-16T00:17:46.579-04:00  INFO 21196 --- [proveedores-ms] [restartedMain] .e.DevToolsPropertyDefaultsPostProcessor : For additional web related logging consider setting the 'logging.level.web' property to 'DEBUG'
2026-06-16T00:17:47.571-04:00  INFO 21196 --- [proveedores-ms] [restartedMain] .s.d.r.c.RepositoryConfigurationDelegate : Bootstrapping Spring Data JPA repositories in DEFAULT mode.
2026-06-16T00:17:47.722-04:00  INFO 21196 --- [proveedores-ms] [restartedMain] .s.d.r.c.RepositoryConfigurationDelegate : Finished Spring Data repository scanning in 137 ms. Found 1 JPA repository interface.
2026-06-16T00:17:48.094-04:00  INFO 21196 --- [proveedores-ms] [restartedMain] o.s.cloud.context.scope.GenericScope     : BeanFactory id=6f4ec2bd-84c9-3a3e-bd41-abe5be0ba4f2
2026-06-16T00:17:48.571-04:00  INFO 21196 --- [proveedores-ms] [restartedMain] o.s.boot.tomcat.TomcatWebServer          : Tomcat initialized with port 8086 (http)
2026-06-16T00:17:48.592-04:00  INFO 21196 --- [proveedores-ms] [restartedMain] o.apache.catalina.core.StandardService   : Starting service [Tomcat]
2026-06-16T00:17:48.593-04:00  INFO 21196 --- [proveedores-ms] [restartedMain] o.apache.catalina.core.StandardEngine    : Starting Servlet engine: [Apache Tomcat/11.0.21]
2026-06-16T00:17:48.659-04:00  INFO 21196 --- [proveedores-ms] [restartedMain] b.w.c.s.WebApplicationContextInitializer : Root WebApplicationContext: initialization completed in 2080 ms
2026-06-16T00:17:48.839-04:00  INFO 21196 --- [proveedores-ms] [restartedMain] org.hibernate.orm.jpa                    : HHH008540: Processing PersistenceUnitInfo [name: default]
2026-06-16T00:17:48.892-04:00  INFO 21196 --- [proveedores-ms] [restartedMain] org.hibernate.orm.core                   : HHH000001: Hibernate ORM core version 7.2.12.Final
2026-06-16T00:17:49.360-04:00  INFO 21196 --- [proveedores-ms] [restartedMain] o.s.o.j.p.SpringPersistenceUnitInfo      : No LoadTimeWeaver setup: ignoring JPA class transformer
2026-06-16T00:17:49.395-04:00  INFO 21196 --- [proveedores-ms] [restartedMain] com.zaxxer.hikari.HikariDataSource       : HikariPool-1 - Starting...
2026-06-16T00:17:49.534-04:00  INFO 21196 --- [proveedores-ms] [restartedMain] com.zaxxer.hikari.pool.HikariPool        : HikariPool-1 - Added connection com.mysql.cj.jdbc.ConnectionImpl@49f7f59a
2026-06-16T00:17:49.549-04:00  INFO 21196 --- [proveedores-ms] [restartedMain] com.zaxxer.hikari.HikariDataSource       : HikariPool-1 - Start completed.
2026-06-16T00:17:49.590-04:00  WARN 21196 --- [proveedores-ms] [restartedMain] org.hibernate.orm.core                   : HHH000511: The 5.5.5 version for [org.hibernate.dialect.MySQLDialect] is no longer supported, hence certain features may not work properly.The minimum supported version is 8.0.0. Check the community dialects project for available legacy versions.
2026-06-16T00:17:49.593-04:00  WARN 21196 --- [proveedores-ms] [restartedMain] org.hibernate.orm.deprecation            : HHH90000025: MySQLDialect does not need to be specified explicitly using 'hibernate.dialect' (remove the property setting and it will be selected by default)
2026-06-16T00:17:49.595-04:00  INFO 21196 --- [proveedores-ms] [restartedMain] org.hibernate.orm.connections.pooling    : HHH10001005: Database info:
	Database JDBC URL [jdbc:mysql://localhost:3306/perfulandia_db?useSSL=false&serverTimezone=UTC]
	Database driver: MySQL Connector/J
	Database dialect: MySQLDialect
	Database version: 5.5.5
	Default catalog/schema: perfulandia_db/undefined
	Autocommit mode: undefined/unknown
	Isolation level: REPEATABLE_READ [default REPEATABLE_READ]
	JDBC fetch size: none
	Pool: DataSourceConnectionProvider
	Minimum pool size: undefined/unknown
	Maximum pool size: undefined/unknown
2026-06-16T00:17:50.362-04:00  INFO 21196 --- [proveedores-ms] [restartedMain] org.hibernate.orm.core                   : HHH000489: No JTA platform available (set 'hibernate.transaction.jta.platform' to enable JTA platform integration)
2026-06-16T00:17:50.461-04:00  INFO 21196 --- [proveedores-ms] [restartedMain] j.LocalContainerEntityManagerFactoryBean : Initialized JPA EntityManagerFactory for persistence unit 'default'
2026-06-16T00:17:50.534-04:00  INFO 21196 --- [proveedores-ms] [restartedMain] o.s.d.j.r.query.QueryEnhancerFactories   : Hibernate is in classpath; If applicable, HQL parser will be used.
2026-06-16T00:17:50.816-04:00  WARN 21196 --- [proveedores-ms] [restartedMain] JpaBaseConfiguration$JpaWebConfiguration : spring.jpa.open-in-view is enabled by default. Therefore, database queries may be performed during view rendering. Explicitly configure spring.jpa.open-in-view to disable this warning
2026-06-16T00:17:50.947-04:00  INFO 21196 --- [proveedores-ms] [restartedMain] r$InitializeUserDetailsManagerConfigurer : Global AuthenticationManager configured with UserDetailsService bean with name inMemoryUserDetailsManager
2026-06-16T00:17:51.596-04:00  INFO 21196 --- [proveedores-ms] [restartedMain] DiscoveryClientOptionalArgsConfiguration : Eureka HTTP Client uses RestClient.
2026-06-16T00:17:51.638-04:00  WARN 21196 --- [proveedores-ms] [restartedMain] iguration$LoadBalancerCaffeineWarnLogger : Spring Cloud LoadBalancer is currently working with the default cache. While this cache implementation is useful for development and tests, it's recommended to use Caffeine cache in production.You can switch to using Caffeine cache, by adding it and org.springframework.cache.caffeine.CaffeineCacheManager to the classpath.
2026-06-16T00:17:51.681-04:00  INFO 21196 --- [proveedores-ms] [restartedMain] o.s.c.n.eureka.InstanceInfoFactory       : Setting initial instance status as: STARTING
2026-06-16T00:17:51.707-04:00  INFO 21196 --- [proveedores-ms] [restartedMain] com.netflix.discovery.DiscoveryClient    : Initializing Eureka in region us-east-1
2026-06-16T00:17:51.717-04:00  INFO 21196 --- [proveedores-ms] [restartedMain] c.n.d.s.r.aws.ConfigClusterResolver      : Resolving eureka endpoints via configuration
2026-06-16T00:17:51.726-04:00  INFO 21196 --- [proveedores-ms] [restartedMain] com.netflix.discovery.DiscoveryClient    : Disable delta property : false
2026-06-16T00:17:51.726-04:00  INFO 21196 --- [proveedores-ms] [restartedMain] com.netflix.discovery.DiscoveryClient    : Single vip registry refresh property : null
2026-06-16T00:17:51.726-04:00  INFO 21196 --- [proveedores-ms] [restartedMain] com.netflix.discovery.DiscoveryClient    : Force full registry fetch : false
2026-06-16T00:17:51.726-04:00  INFO 21196 --- [proveedores-ms] [restartedMain] com.netflix.discovery.DiscoveryClient    : Application is null : false
2026-06-16T00:17:51.726-04:00  INFO 21196 --- [proveedores-ms] [restartedMain] com.netflix.discovery.DiscoveryClient    : Registered Applications size is zero : true
2026-06-16T00:17:51.727-04:00  INFO 21196 --- [proveedores-ms] [restartedMain] com.netflix.discovery.DiscoveryClient    : Application version is -1: true
2026-06-16T00:17:51.727-04:00  INFO 21196 --- [proveedores-ms] [restartedMain] com.netflix.discovery.DiscoveryClient    : Getting all instance registry info from the eureka server
2026-06-16T00:17:52.087-04:00  INFO 21196 --- [proveedores-ms] [restartedMain] com.netflix.discovery.DiscoveryClient    : The response status is 200
2026-06-16T00:17:52.104-04:00  INFO 21196 --- [proveedores-ms] [restartedMain] com.netflix.discovery.DiscoveryClient    : Starting heartbeat executor: renew interval is: 30
2026-06-16T00:17:52.105-04:00  INFO 21196 --- [proveedores-ms] [restartedMain] c.n.discovery.InstanceInfoReplicator     : InstanceInfoReplicator onDemand update allowed rate per min is 4
2026-06-16T00:17:52.108-04:00  INFO 21196 --- [proveedores-ms] [restartedMain] com.netflix.discovery.DiscoveryClient    : Discovery Client initialized at timestamp 1781583472107 with initial instances count: 9
2026-06-16T00:17:52.113-04:00  INFO 21196 --- [proveedores-ms] [restartedMain] o.s.c.n.e.s.EurekaServiceRegistry        : Registering application PROVEEDORES-MS with eureka with status UP
2026-06-16T00:17:52.114-04:00  INFO 21196 --- [proveedores-ms] [restartedMain] com.netflix.discovery.DiscoveryClient    : Saw local status change event StatusChangeEvent [timestamp=1781583472114, current=UP, previous=STARTING]
2026-06-16T00:17:52.117-04:00  INFO 21196 --- [proveedores-ms] [DiscoveryClient-InstanceInfoReplicator-%d] com.netflix.discovery.DiscoveryClient    : DiscoveryClient_PROVEEDORES-MS/Pc-Toobal:proveedores-ms:8086: registering service...
2026-06-16T00:17:52.152-04:00  INFO 21196 --- [proveedores-ms] [restartedMain] o.s.boot.tomcat.TomcatWebServer          : Tomcat started on port 8086 (http) with context path '/'
2026-06-16T00:17:52.154-04:00  INFO 21196 --- [proveedores-ms] [restartedMain] .s.c.n.e.s.EurekaAutoServiceRegistration : Updating port to 8086
2026-06-16T00:17:52.160-04:00  INFO 21196 --- [proveedores-ms] [restartedMain] c.e.p.ProveedoresMsApplication           : Started ProveedoresMsApplication in 6.154 seconds (process running for 6.858)
2026-06-16T00:17:52.172-04:00  WARN 21196 --- [proveedores-ms] [restartedMain] o.s.core.events.SpringDocAppInitializer  : SpringDoc /api-docs endpoint is enabled by default. To disable it in production, set the property 'springdoc.api-docs.enabled=false'
2026-06-16T00:17:52.172-04:00  WARN 21196 --- [proveedores-ms] [restartedMain] o.s.core.events.SpringDocAppInitializer  : SpringDoc /swagger-ui.html endpoint is enabled by default. To disable it in production, set the property 'springdoc.swagger-ui.enabled=false'
2026-06-16T00:17:52.179-04:00  INFO 21196 --- [proveedores-ms] [DiscoveryClient-InstanceInfoReplicator-%d] com.netflix.discovery.DiscoveryClient    : DiscoveryClient_PROVEEDORES-MS/Pc-Toobal:proveedores-ms:8086 - registration status: 204
2026-06-16T00:21:38.746-04:00  INFO 21196 --- [proveedores-ms] [http-nio-8086-exec-2] o.a.c.c.C.[Tomcat].[localhost].[/]       : Initializing Spring DispatcherServlet 'dispatcherServlet'
2026-06-16T00:21:38.746-04:00  INFO 21196 --- [proveedores-ms] [http-nio-8086-exec-2] o.s.web.servlet.DispatcherServlet        : Initializing Servlet 'dispatcherServlet'
2026-06-16T00:21:38.746-04:00  INFO 21196 --- [proveedores-ms] [http-nio-8086-exec-2] o.s.web.servlet.DispatcherServlet        : Completed initialization in 0 ms
2026-06-16T00:21:38.989-04:00  INFO 21196 --- [proveedores-ms] [http-nio-8086-exec-2] c.e.p.service.ProveedorServiceImpl       : Buscando proveedor por id=1
2026-06-16T00:21:39.045-04:00  WARN 21196 --- [proveedores-ms] [http-nio-8086-exec-2] c.e.p.service.ProveedorServiceImpl       : Proveedor no encontrado con id=1
2026-06-16T00:21:39.052-04:00  WARN 21196 --- [proveedores-ms] [http-nio-8086-exec-2] c.e.p.exception.GlobalExceptionHandler   : ResourceNotFoundException: Proveedor no encontrado con id: 1
2026-06-16T00:21:39.086-04:00  WARN 21196 --- [proveedores-ms] [http-nio-8086-exec-2] .m.m.a.ExceptionHandlerExceptionResolver : Resolved [com.example.proveedores_ms.exception.ResourceNotFoundException: Proveedor no encontrado con id: 1]
2026-06-16T00:22:51.744-04:00  INFO 21196 --- [proveedores-ms] [AsyncResolver-bootstrap-executor-%d] c.n.d.s.r.aws.ConfigClusterResolver      : Resolving eureka endpoints via configuration
2026-06-16T00:26:27.342-04:00  INFO 21196 --- [proveedores-ms] [http-nio-8086-exec-8] c.e.p.service.ProveedorServiceImpl       : Buscando proveedor por id=1
2026-06-16T00:27:51.759-04:00  INFO 21196 --- [proveedores-ms] [AsyncResolver-bootstrap-executor-%d] c.n.d.s.r.aws.ConfigClusterResolver      : Resolving eureka endpoints via configuration
2026-06-16T11:52:14.901-04:00  INFO 11392 --- [proveedores-ms] [restartedMain] c.e.p.ProveedoresMsApplication           : Starting ProveedoresMsApplication using Java 21.0.10 with PID 11392 (C:\Users\Duoc\Documents\GitHub\Perfulandia_Final\proveedores_ms\target\classes started by Duoc in C:\Users\Duoc\Documents\GitHub\Perfulandia_Final)
2026-06-16T11:52:14.904-04:00 DEBUG 11392 --- [proveedores-ms] [restartedMain] c.e.p.ProveedoresMsApplication           : Running with Spring Boot v4.0.6, Spring v7.0.7
2026-06-16T11:52:14.905-04:00  INFO 11392 --- [proveedores-ms] [restartedMain] c.e.p.ProveedoresMsApplication           : No active profile set, falling back to 1 default profile: "default"
2026-06-16T11:52:14.965-04:00  INFO 11392 --- [proveedores-ms] [restartedMain] .e.DevToolsPropertyDefaultsPostProcessor : Devtools property defaults active! Set 'spring.devtools.add-properties' to 'false' to disable
2026-06-16T11:52:14.966-04:00  INFO 11392 --- [proveedores-ms] [restartedMain] .e.DevToolsPropertyDefaultsPostProcessor : For additional web related logging consider setting the 'logging.level.web' property to 'DEBUG'
2026-06-16T11:52:16.167-04:00  INFO 11392 --- [proveedores-ms] [restartedMain] .s.d.r.c.RepositoryConfigurationDelegate : Bootstrapping Spring Data JPA repositories in DEFAULT mode.
2026-06-16T11:52:16.302-04:00  INFO 11392 --- [proveedores-ms] [restartedMain] .s.d.r.c.RepositoryConfigurationDelegate : Finished Spring Data repository scanning in 124 ms. Found 1 JPA repository interface.
2026-06-16T11:52:16.708-04:00  INFO 11392 --- [proveedores-ms] [restartedMain] o.s.cloud.context.scope.GenericScope     : BeanFactory id=6f4ec2bd-84c9-3a3e-bd41-abe5be0ba4f2
2026-06-16T11:52:17.495-04:00  INFO 11392 --- [proveedores-ms] [restartedMain] o.s.boot.tomcat.TomcatWebServer          : Tomcat initialized with port 8086 (http)
2026-06-16T11:52:17.509-04:00  INFO 11392 --- [proveedores-ms] [restartedMain] o.apache.catalina.core.StandardService   : Starting service [Tomcat]
2026-06-16T11:52:17.510-04:00  INFO 11392 --- [proveedores-ms] [restartedMain] o.apache.catalina.core.StandardEngine    : Starting Servlet engine: [Apache Tomcat/11.0.21]
2026-06-16T11:52:17.604-04:00  INFO 11392 --- [proveedores-ms] [restartedMain] b.w.c.s.WebApplicationContextInitializer : Root WebApplicationContext: initialization completed in 2637 ms
2026-06-16T11:52:17.911-04:00  INFO 11392 --- [proveedores-ms] [restartedMain] org.hibernate.orm.jpa                    : HHH008540: Processing PersistenceUnitInfo [name: default]
2026-06-16T11:52:17.988-04:00  INFO 11392 --- [proveedores-ms] [restartedMain] org.hibernate.orm.core                   : HHH000001: Hibernate ORM core version 7.2.12.Final
2026-06-16T11:52:18.404-04:00  INFO 11392 --- [proveedores-ms] [restartedMain] o.s.o.j.p.SpringPersistenceUnitInfo      : No LoadTimeWeaver setup: ignoring JPA class transformer
2026-06-16T11:52:18.437-04:00  INFO 11392 --- [proveedores-ms] [restartedMain] com.zaxxer.hikari.HikariDataSource       : HikariPool-1 - Starting...
2026-06-16T11:52:18.585-04:00  INFO 11392 --- [proveedores-ms] [restartedMain] com.zaxxer.hikari.pool.HikariPool        : HikariPool-1 - Added connection com.mysql.cj.jdbc.ConnectionImpl@5dcf7598
2026-06-16T11:52:18.587-04:00  INFO 11392 --- [proveedores-ms] [restartedMain] com.zaxxer.hikari.HikariDataSource       : HikariPool-1 - Start completed.
2026-06-16T11:52:18.625-04:00  WARN 11392 --- [proveedores-ms] [restartedMain] org.hibernate.orm.core                   : HHH000511: The 5.5.5 version for [org.hibernate.dialect.MySQLDialect] is no longer supported, hence certain features may not work properly.The minimum supported version is 8.0.0. Check the community dialects project for available legacy versions.
2026-06-16T11:52:18.631-04:00  WARN 11392 --- [proveedores-ms] [restartedMain] org.hibernate.orm.deprecation            : HHH90000025: MySQLDialect does not need to be specified explicitly using 'hibernate.dialect' (remove the property setting and it will be selected by default)
2026-06-16T11:52:18.648-04:00  INFO 11392 --- [proveedores-ms] [restartedMain] org.hibernate.orm.connections.pooling    : HHH10001005: Database info:
	Database JDBC URL [jdbc:mysql://localhost:3306/perfulandia_db?useSSL=false&serverTimezone=UTC]
	Database driver: MySQL Connector/J
	Database dialect: MySQLDialect
	Database version: 5.5.5
	Default catalog/schema: perfulandia_db/undefined
	Autocommit mode: undefined/unknown
	Isolation level: REPEATABLE_READ [default REPEATABLE_READ]
	JDBC fetch size: none
	Pool: DataSourceConnectionProvider
	Minimum pool size: undefined/unknown
	Maximum pool size: undefined/unknown
2026-06-16T11:52:19.323-04:00  INFO 11392 --- [proveedores-ms] [restartedMain] org.hibernate.orm.core                   : HHH000489: No JTA platform available (set 'hibernate.transaction.jta.platform' to enable JTA platform integration)
2026-06-16T11:52:19.445-04:00  INFO 11392 --- [proveedores-ms] [restartedMain] j.LocalContainerEntityManagerFactoryBean : Initialized JPA EntityManagerFactory for persistence unit 'default'
2026-06-16T11:52:19.544-04:00  INFO 11392 --- [proveedores-ms] [restartedMain] o.s.d.j.r.query.QueryEnhancerFactories   : Hibernate is in classpath; If applicable, HQL parser will be used.
2026-06-16T11:52:19.835-04:00  WARN 11392 --- [proveedores-ms] [restartedMain] JpaBaseConfiguration$JpaWebConfiguration : spring.jpa.open-in-view is enabled by default. Therefore, database queries may be performed during view rendering. Explicitly configure spring.jpa.open-in-view to disable this warning
2026-06-16T11:52:19.988-04:00  INFO 11392 --- [proveedores-ms] [restartedMain] r$InitializeUserDetailsManagerConfigurer : Global AuthenticationManager configured with UserDetailsService bean with name inMemoryUserDetailsManager
2026-06-16T11:52:20.807-04:00  INFO 11392 --- [proveedores-ms] [restartedMain] DiscoveryClientOptionalArgsConfiguration : Eureka HTTP Client uses RestClient.
2026-06-16T11:52:20.849-04:00  WARN 11392 --- [proveedores-ms] [restartedMain] iguration$LoadBalancerCaffeineWarnLogger : Spring Cloud LoadBalancer is currently working with the default cache. While this cache implementation is useful for development and tests, it's recommended to use Caffeine cache in production.You can switch to using Caffeine cache, by adding it and org.springframework.cache.caffeine.CaffeineCacheManager to the classpath.
2026-06-16T11:52:20.907-04:00  INFO 11392 --- [proveedores-ms] [restartedMain] o.s.c.n.eureka.InstanceInfoFactory       : Setting initial instance status as: STARTING
2026-06-16T11:52:20.933-04:00  INFO 11392 --- [proveedores-ms] [restartedMain] com.netflix.discovery.DiscoveryClient    : Initializing Eureka in region us-east-1
2026-06-16T11:52:20.938-04:00  INFO 11392 --- [proveedores-ms] [restartedMain] c.n.d.s.r.aws.ConfigClusterResolver      : Resolving eureka endpoints via configuration
2026-06-16T11:52:20.947-04:00  INFO 11392 --- [proveedores-ms] [restartedMain] com.netflix.discovery.DiscoveryClient    : Disable delta property : false
2026-06-16T11:52:20.948-04:00  INFO 11392 --- [proveedores-ms] [restartedMain] com.netflix.discovery.DiscoveryClient    : Single vip registry refresh property : null
2026-06-16T11:52:20.949-04:00  INFO 11392 --- [proveedores-ms] [restartedMain] com.netflix.discovery.DiscoveryClient    : Force full registry fetch : false
2026-06-16T11:52:20.949-04:00  INFO 11392 --- [proveedores-ms] [restartedMain] com.netflix.discovery.DiscoveryClient    : Application is null : false
2026-06-16T11:52:20.949-04:00  INFO 11392 --- [proveedores-ms] [restartedMain] com.netflix.discovery.DiscoveryClient    : Registered Applications size is zero : true
2026-06-16T11:52:20.950-04:00  INFO 11392 --- [proveedores-ms] [restartedMain] com.netflix.discovery.DiscoveryClient    : Application version is -1: true
2026-06-16T11:52:20.950-04:00  INFO 11392 --- [proveedores-ms] [restartedMain] com.netflix.discovery.DiscoveryClient    : Getting all instance registry info from the eureka server
2026-06-16T11:52:21.275-04:00  INFO 11392 --- [proveedores-ms] [restartedMain] com.netflix.discovery.DiscoveryClient    : The response status is 200
2026-06-16T11:52:21.278-04:00  INFO 11392 --- [proveedores-ms] [restartedMain] com.netflix.discovery.DiscoveryClient    : Starting heartbeat executor: renew interval is: 30
2026-06-16T11:52:21.280-04:00  INFO 11392 --- [proveedores-ms] [restartedMain] c.n.discovery.InstanceInfoReplicator     : InstanceInfoReplicator onDemand update allowed rate per min is 4
2026-06-16T11:52:21.283-04:00  INFO 11392 --- [proveedores-ms] [restartedMain] com.netflix.discovery.DiscoveryClient    : Discovery Client initialized at timestamp 1781625141282 with initial instances count: 3
2026-06-16T11:52:21.286-04:00  INFO 11392 --- [proveedores-ms] [restartedMain] o.s.c.n.e.s.EurekaServiceRegistry        : Registering application PROVEEDORES-MS with eureka with status UP
2026-06-16T11:52:21.288-04:00  INFO 11392 --- [proveedores-ms] [restartedMain] com.netflix.discovery.DiscoveryClient    : Saw local status change event StatusChangeEvent [timestamp=1781625141288, current=UP, previous=STARTING]
2026-06-16T11:52:21.290-04:00  INFO 11392 --- [proveedores-ms] [DiscoveryClient-InstanceInfoReplicator-%d] com.netflix.discovery.DiscoveryClient    : DiscoveryClient_PROVEEDORES-MS/PAAWSA02LR0622.duoc.acad:proveedores-ms:8086: registering service...
2026-06-16T11:52:21.318-04:00  INFO 11392 --- [proveedores-ms] [restartedMain] o.s.boot.tomcat.TomcatWebServer          : Tomcat started on port 8086 (http) with context path '/'
2026-06-16T11:52:21.320-04:00  INFO 11392 --- [proveedores-ms] [restartedMain] .s.c.n.e.s.EurekaAutoServiceRegistration : Updating port to 8086
2026-06-16T11:52:21.341-04:00  INFO 11392 --- [proveedores-ms] [restartedMain] c.e.p.ProveedoresMsApplication           : Started ProveedoresMsApplication in 6.993 seconds (process running for 7.9)
2026-06-16T11:52:21.347-04:00  WARN 11392 --- [proveedores-ms] [restartedMain] o.s.core.events.SpringDocAppInitializer  : SpringDoc /api-docs endpoint is enabled by default. To disable it in production, set the property 'springdoc.api-docs.enabled=false'
2026-06-16T11:52:21.348-04:00  WARN 11392 --- [proveedores-ms] [restartedMain] o.s.core.events.SpringDocAppInitializer  : SpringDoc /swagger-ui.html endpoint is enabled by default. To disable it in production, set the property 'springdoc.swagger-ui.enabled=false'
2026-06-16T11:52:21.349-04:00  INFO 11392 --- [proveedores-ms] [DiscoveryClient-InstanceInfoReplicator-%d] com.netflix.discovery.DiscoveryClient    : DiscoveryClient_PROVEEDORES-MS/PAAWSA02LR0622.duoc.acad:proveedores-ms:8086 - registration status: 204
2026-06-16T11:57:20.965-04:00  INFO 11392 --- [proveedores-ms] [AsyncResolver-bootstrap-executor-%d] c.n.d.s.r.aws.ConfigClusterResolver      : Resolving eureka endpoints via configuration
2026-06-16T12:02:20.980-04:00  INFO 11392 --- [proveedores-ms] [AsyncResolver-bootstrap-executor-%d] c.n.d.s.r.aws.ConfigClusterResolver      : Resolving eureka endpoints via configuration
2026-06-16T12:07:20.986-04:00  INFO 11392 --- [proveedores-ms] [AsyncResolver-bootstrap-executor-%d] c.n.d.s.r.aws.ConfigClusterResolver      : Resolving eureka endpoints via configuration
2026-06-16T12:12:21.001-04:00  INFO 11392 --- [proveedores-ms] [AsyncResolver-bootstrap-executor-%d] c.n.d.s.r.aws.ConfigClusterResolver      : Resolving eureka endpoints via configuration
2026-06-16T12:17:21.018-04:00  INFO 11392 --- [proveedores-ms] [AsyncResolver-bootstrap-executor-%d] c.n.d.s.r.aws.ConfigClusterResolver      : Resolving eureka endpoints via configuration
2026-06-16T12:18:52.635-04:00  WARN 11392 --- [proveedores-ms] [HikariPool-1:housekeeper] com.zaxxer.hikari.pool.PoolBase          : HikariPool-1 - Failed to validate connection com.mysql.cj.jdbc.ConnectionImpl@4d529598 (No operations allowed after connection closed.). Possibly consider using a shorter maxLifetime value.
2026-06-16T12:18:54.663-04:00  WARN 11392 --- [proveedores-ms] [HikariPool-1:housekeeper] com.zaxxer.hikari.pool.PoolBase          : HikariPool-1 - Failed to validate connection com.mysql.cj.jdbc.ConnectionImpl@22d7c6c1 (No operations allowed after connection closed.). Possibly consider using a shorter maxLifetime value.
2026-06-16T12:19:13.124-04:00  WARN 11392 --- [proveedores-ms] [HikariPool-1:housekeeper] com.zaxxer.hikari.pool.PoolBase          : HikariPool-1 - Failed to validate connection com.mysql.cj.jdbc.ConnectionImpl@475230dd (No operations allowed after connection closed.). Possibly consider using a shorter maxLifetime value.
2026-06-16T12:19:13.526-04:00  WARN 11392 --- [proveedores-ms] [HikariPool-1:housekeeper] com.zaxxer.hikari.pool.PoolBase          : HikariPool-1 - Failed to validate connection com.mysql.cj.jdbc.ConnectionImpl@6a37c633 (No operations allowed after connection closed.). Possibly consider using a shorter maxLifetime value.
2026-06-16T12:19:26.851-04:00  WARN 11392 --- [proveedores-ms] [HikariPool-1:housekeeper] com.zaxxer.hikari.pool.PoolBase          : HikariPool-1 - Failed to validate connection com.mysql.cj.jdbc.ConnectionImpl@76caf47a (No operations allowed after connection closed.). Possibly consider using a shorter maxLifetime value.
2026-06-16T12:19:35.896-04:00  WARN 11392 --- [proveedores-ms] [HikariPool-1:housekeeper] com.zaxxer.hikari.pool.PoolBase          : HikariPool-1 - Failed to validate connection com.mysql.cj.jdbc.ConnectionImpl@12904b06 (No operations allowed after connection closed.). Possibly consider using a shorter maxLifetime value.
2026-06-16T12:19:37.153-04:00  WARN 11392 --- [proveedores-ms] [HikariPool-1:housekeeper] com.zaxxer.hikari.pool.PoolBase          : HikariPool-1 - Failed to validate connection com.mysql.cj.jdbc.ConnectionImpl@670a54bf (No operations allowed after connection closed.). Possibly consider using a shorter maxLifetime value.
2026-06-16T12:20:09.446-04:00  WARN 11392 --- [proveedores-ms] [HikariPool-1:housekeeper] com.zaxxer.hikari.pool.PoolBase          : HikariPool-1 - Failed to validate connection com.mysql.cj.jdbc.ConnectionImpl@90f32e (No operations allowed after connection closed.). Possibly consider using a shorter maxLifetime value.
2026-06-16T12:20:13.377-04:00  WARN 11392 --- [proveedores-ms] [HikariPool-1:housekeeper] com.zaxxer.hikari.pool.PoolBase          : HikariPool-1 - Failed to validate connection com.mysql.cj.jdbc.ConnectionImpl@465540b8 (No operations allowed after connection closed.). Possibly consider using a shorter maxLifetime value.
2026-06-16T12:20:18.256-04:00  WARN 11392 --- [proveedores-ms] [HikariPool-1:connection-adder] com.zaxxer.hikari.pool.PoolBase          : HikariPool-1 - Pool is empty, failed to create/setup connection (4ed99267-d415-44f4-ac31-ba459feef1a9)

com.mysql.cj.jdbc.exceptions.CommunicationsException: Communications link failure

The last packet sent successfully to the server was 0 milliseconds ago. The driver has not received any packets from the server.
	at com.mysql.cj.jdbc.exceptions.SQLError.createCommunicationsException(SQLError.java:165) ~[mysql-connector-j-9.7.0.jar:9.7.0]
	at com.mysql.cj.jdbc.exceptions.SQLExceptionsMapping.translateException(SQLExceptionsMapping.java:55) ~[mysql-connector-j-9.7.0.jar:9.7.0]
	at com.mysql.cj.jdbc.ConnectionImpl.createNewIO(ConnectionImpl.java:840) ~[mysql-connector-j-9.7.0.jar:9.7.0]
	at com.mysql.cj.jdbc.ConnectionImpl.<init>(ConnectionImpl.java:416) ~[mysql-connector-j-9.7.0.jar:9.7.0]
	at com.mysql.cj.jdbc.ConnectionImpl.getInstance(ConnectionImpl.java:237) ~[mysql-connector-j-9.7.0.jar:9.7.0]
	at com.mysql.cj.jdbc.NonRegisteringDriver.connect(NonRegisteringDriver.java:180) ~[mysql-connector-j-9.7.0.jar:9.7.0]
	at com.zaxxer.hikari.util.DriverDataSource.getConnection(DriverDataSource.java:144) ~[HikariCP-7.0.2.jar:na]
	at com.zaxxer.hikari.pool.PoolBase.newConnection(PoolBase.java:373) ~[HikariCP-7.0.2.jar:na]
	at com.zaxxer.hikari.pool.PoolBase.newPoolEntry(PoolBase.java:210) ~[HikariCP-7.0.2.jar:na]
	at com.zaxxer.hikari.pool.HikariPool.createPoolEntry(HikariPool.java:488) ~[HikariCP-7.0.2.jar:na]
	at com.zaxxer.hikari.pool.HikariPool$PoolEntryCreator.call(HikariPool.java:752) ~[HikariCP-7.0.2.jar:na]
	at com.zaxxer.hikari.pool.HikariPool$PoolEntryCreator.call(HikariPool.java:731) ~[HikariCP-7.0.2.jar:na]
	at java.base/java.util.concurrent.FutureTask.run(FutureTask.java:317) ~[na:na]
	at java.base/java.util.concurrent.ThreadPoolExecutor.runWorker(ThreadPoolExecutor.java:1144) ~[na:na]
	at java.base/java.util.concurrent.ThreadPoolExecutor$Worker.run(ThreadPoolExecutor.java:642) ~[na:na]
	at java.base/java.lang.Thread.run(Thread.java:1583) ~[na:na]
Caused by: com.mysql.cj.exceptions.CJCommunicationsException: Communications link failure

The last packet sent successfully to the server was 0 milliseconds ago. The driver has not received any packets from the server.
	at java.base/jdk.internal.reflect.DirectConstructorHandleAccessor.newInstance(DirectConstructorHandleAccessor.java:62) ~[na:na]
	at java.base/java.lang.reflect.Constructor.newInstanceWithCaller(Constructor.java:502) ~[na:na]
	at java.base/java.lang.reflect.Constructor.newInstance(Constructor.java:486) ~[na:na]
	at com.mysql.cj.exceptions.ExceptionFactory.createException(ExceptionFactory.java:52) ~[mysql-connector-j-9.7.0.jar:9.7.0]
	at com.mysql.cj.exceptions.ExceptionFactory.createException(ExceptionFactory.java:95) ~[mysql-connector-j-9.7.0.jar:9.7.0]
	at com.mysql.cj.exceptions.ExceptionFactory.createException(ExceptionFactory.java:140) ~[mysql-connector-j-9.7.0.jar:9.7.0]
	at com.mysql.cj.exceptions.ExceptionFactory.createCommunicationsException(ExceptionFactory.java:156) ~[mysql-connector-j-9.7.0.jar:9.7.0]
	at com.mysql.cj.protocol.a.NativeSocketConnection.connect(NativeSocketConnection.java:79) ~[mysql-connector-j-9.7.0.jar:9.7.0]
	at com.mysql.cj.NativeSession.connect(NativeSession.java:142) ~[mysql-connector-j-9.7.0.jar:9.7.0]
	at com.mysql.cj.jdbc.ConnectionImpl.connectOneTryOnly(ConnectionImpl.java:964) ~[mysql-connector-j-9.7.0.jar:9.7.0]
	at com.mysql.cj.jdbc.ConnectionImpl.createNewIO(ConnectionImpl.java:828) ~[mysql-connector-j-9.7.0.jar:9.7.0]
	... 13 common frames omitted
Caused by: java.net.ConnectException: Connection refused: getsockopt
	at java.base/sun.nio.ch.Net.pollConnect(Native Method) ~[na:na]
	at java.base/sun.nio.ch.Net.pollConnectNow(Net.java:690) ~[na:na]
	at java.base/sun.nio.ch.NioSocketImpl.timedFinishConnect(NioSocketImpl.java:542) ~[na:na]
	at java.base/sun.nio.ch.NioSocketImpl.connect(NioSocketImpl.java:592) ~[na:na]
	at java.base/java.net.SocksSocketImpl.connect(SocksSocketImpl.java:327) ~[na:na]
	at java.base/java.net.Socket.connect(Socket.java:751) ~[na:na]
	at com.mysql.cj.protocol.StandardSocketFactory.connect(StandardSocketFactory.java:144) ~[mysql-connector-j-9.7.0.jar:9.7.0]
	at com.mysql.cj.protocol.a.NativeSocketConnection.connect(NativeSocketConnection.java:53) ~[mysql-connector-j-9.7.0.jar:9.7.0]
	... 16 common frames omitted

2026-06-16T12:21:23.526-04:00  WARN 11392 --- [proveedores-ms] [HikariPool-1:connection-adder] com.zaxxer.hikari.pool.PoolBase          : HikariPool-1 - Pool is empty, failed to create/setup connection (843cb274-ca72-43a9-ab33-d7541eabf5f9)

com.mysql.cj.jdbc.exceptions.CommunicationsException: Communications link failure

The last packet sent successfully to the server was 0 milliseconds ago. The driver has not received any packets from the server.
	at com.mysql.cj.jdbc.exceptions.SQLError.createCommunicationsException(SQLError.java:165) ~[mysql-connector-j-9.7.0.jar:9.7.0]
	at com.mysql.cj.jdbc.exceptions.SQLExceptionsMapping.translateException(SQLExceptionsMapping.java:55) ~[mysql-connector-j-9.7.0.jar:9.7.0]
	at com.mysql.cj.jdbc.ConnectionImpl.createNewIO(ConnectionImpl.java:840) ~[mysql-connector-j-9.7.0.jar:9.7.0]
	at com.mysql.cj.jdbc.ConnectionImpl.<init>(ConnectionImpl.java:416) ~[mysql-connector-j-9.7.0.jar:9.7.0]
	at com.mysql.cj.jdbc.ConnectionImpl.getInstance(ConnectionImpl.java:237) ~[mysql-connector-j-9.7.0.jar:9.7.0]
	at com.mysql.cj.jdbc.NonRegisteringDriver.connect(NonRegisteringDriver.java:180) ~[mysql-connector-j-9.7.0.jar:9.7.0]
	at com.zaxxer.hikari.util.DriverDataSource.getConnection(DriverDataSource.java:144) ~[HikariCP-7.0.2.jar:na]
	at com.zaxxer.hikari.pool.PoolBase.newConnection(PoolBase.java:373) ~[HikariCP-7.0.2.jar:na]
	at com.zaxxer.hikari.pool.PoolBase.newPoolEntry(PoolBase.java:210) ~[HikariCP-7.0.2.jar:na]
	at com.zaxxer.hikari.pool.HikariPool.createPoolEntry(HikariPool.java:488) ~[HikariCP-7.0.2.jar:na]
	at com.zaxxer.hikari.pool.HikariPool$PoolEntryCreator.call(HikariPool.java:752) ~[HikariCP-7.0.2.jar:na]
	at com.zaxxer.hikari.pool.HikariPool$PoolEntryCreator.call(HikariPool.java:731) ~[HikariCP-7.0.2.jar:na]
	at java.base/java.util.concurrent.FutureTask.run(FutureTask.java:317) ~[na:na]
	at java.base/java.util.concurrent.ThreadPoolExecutor.runWorker(ThreadPoolExecutor.java:1144) ~[na:na]
	at java.base/java.util.concurrent.ThreadPoolExecutor$Worker.run(ThreadPoolExecutor.java:642) ~[na:na]
	at java.base/java.lang.Thread.run(Thread.java:1583) ~[na:na]
Caused by: com.mysql.cj.exceptions.CJCommunicationsException: Communications link failure

The last packet sent successfully to the server was 0 milliseconds ago. The driver has not received any packets from the server.
	at java.base/jdk.internal.reflect.DirectConstructorHandleAccessor.newInstance(DirectConstructorHandleAccessor.java:62) ~[na:na]
	at java.base/java.lang.reflect.Constructor.newInstanceWithCaller(Constructor.java:502) ~[na:na]
	at java.base/java.lang.reflect.Constructor.newInstance(Constructor.java:486) ~[na:na]
	at com.mysql.cj.exceptions.ExceptionFactory.createException(ExceptionFactory.java:52) ~[mysql-connector-j-9.7.0.jar:9.7.0]
	at com.mysql.cj.exceptions.ExceptionFactory.createException(ExceptionFactory.java:95) ~[mysql-connector-j-9.7.0.jar:9.7.0]
	at com.mysql.cj.exceptions.ExceptionFactory.createException(ExceptionFactory.java:140) ~[mysql-connector-j-9.7.0.jar:9.7.0]
	at com.mysql.cj.exceptions.ExceptionFactory.createCommunicationsException(ExceptionFactory.java:156) ~[mysql-connector-j-9.7.0.jar:9.7.0]
	at com.mysql.cj.protocol.a.NativeSocketConnection.connect(NativeSocketConnection.java:79) ~[mysql-connector-j-9.7.0.jar:9.7.0]
	at com.mysql.cj.NativeSession.connect(NativeSession.java:142) ~[mysql-connector-j-9.7.0.jar:9.7.0]
	at com.mysql.cj.jdbc.ConnectionImpl.connectOneTryOnly(ConnectionImpl.java:964) ~[mysql-connector-j-9.7.0.jar:9.7.0]
	at com.mysql.cj.jdbc.ConnectionImpl.createNewIO(ConnectionImpl.java:828) ~[mysql-connector-j-9.7.0.jar:9.7.0]
	... 13 common frames omitted
Caused by: java.net.ConnectException: Connection refused: getsockopt
	at java.base/sun.nio.ch.Net.pollConnect(Native Method) ~[na:na]
	at java.base/sun.nio.ch.Net.pollConnectNow(Net.java:690) ~[na:na]
	at java.base/sun.nio.ch.NioSocketImpl.timedFinishConnect(NioSocketImpl.java:542) ~[na:na]
	at java.base/sun.nio.ch.NioSocketImpl.connect(NioSocketImpl.java:592) ~[na:na]
	at java.base/java.net.SocksSocketImpl.connect(SocksSocketImpl.java:327) ~[na:na]
	at java.base/java.net.Socket.connect(Socket.java:751) ~[na:na]
	at com.mysql.cj.protocol.StandardSocketFactory.connect(StandardSocketFactory.java:144) ~[mysql-connector-j-9.7.0.jar:9.7.0]
	at com.mysql.cj.protocol.a.NativeSocketConnection.connect(NativeSocketConnection.java:53) ~[mysql-connector-j-9.7.0.jar:9.7.0]
	... 16 common frames omitted

2026-06-16T12:22:21.033-04:00  INFO 11392 --- [proveedores-ms] [AsyncResolver-bootstrap-executor-%d] c.n.d.s.r.aws.ConfigClusterResolver      : Resolving eureka endpoints via configuration
2026-06-16T12:22:28.714-04:00  WARN 11392 --- [proveedores-ms] [HikariPool-1:connection-adder] com.zaxxer.hikari.pool.PoolBase          : HikariPool-1 - Pool is empty, failed to create/setup connection (1fcc54ce-166e-48a4-bf3d-a284442b2c95)

com.mysql.cj.jdbc.exceptions.CommunicationsException: Communications link failure

The last packet sent successfully to the server was 0 milliseconds ago. The driver has not received any packets from the server.
	at com.mysql.cj.jdbc.exceptions.SQLError.createCommunicationsException(SQLError.java:165) ~[mysql-connector-j-9.7.0.jar:9.7.0]
	at com.mysql.cj.jdbc.exceptions.SQLExceptionsMapping.translateException(SQLExceptionsMapping.java:55) ~[mysql-connector-j-9.7.0.jar:9.7.0]
	at com.mysql.cj.jdbc.ConnectionImpl.createNewIO(ConnectionImpl.java:840) ~[mysql-connector-j-9.7.0.jar:9.7.0]
	at com.mysql.cj.jdbc.ConnectionImpl.<init>(ConnectionImpl.java:416) ~[mysql-connector-j-9.7.0.jar:9.7.0]
	at com.mysql.cj.jdbc.ConnectionImpl.getInstance(ConnectionImpl.java:237) ~[mysql-connector-j-9.7.0.jar:9.7.0]
	at com.mysql.cj.jdbc.NonRegisteringDriver.connect(NonRegisteringDriver.java:180) ~[mysql-connector-j-9.7.0.jar:9.7.0]
	at com.zaxxer.hikari.util.DriverDataSource.getConnection(DriverDataSource.java:144) ~[HikariCP-7.0.2.jar:na]
	at com.zaxxer.hikari.pool.PoolBase.newConnection(PoolBase.java:373) ~[HikariCP-7.0.2.jar:na]
	at com.zaxxer.hikari.pool.PoolBase.newPoolEntry(PoolBase.java:210) ~[HikariCP-7.0.2.jar:na]
	at com.zaxxer.hikari.pool.HikariPool.createPoolEntry(HikariPool.java:488) ~[HikariCP-7.0.2.jar:na]
	at com.zaxxer.hikari.pool.HikariPool$PoolEntryCreator.call(HikariPool.java:752) ~[HikariCP-7.0.2.jar:na]
	at com.zaxxer.hikari.pool.HikariPool$PoolEntryCreator.call(HikariPool.java:731) ~[HikariCP-7.0.2.jar:na]
	at java.base/java.util.concurrent.FutureTask.run(FutureTask.java:317) ~[na:na]
	at java.base/java.util.concurrent.ThreadPoolExecutor.runWorker(ThreadPoolExecutor.java:1144) ~[na:na]
	at java.base/java.util.concurrent.ThreadPoolExecutor$Worker.run(ThreadPoolExecutor.java:642) ~[na:na]
	at java.base/java.lang.Thread.run(Thread.java:1583) ~[na:na]
Caused by: com.mysql.cj.exceptions.CJCommunicationsException: Communications link failure

The last packet sent successfully to the server was 0 milliseconds ago. The driver has not received any packets from the server.
	at java.base/jdk.internal.reflect.DirectConstructorHandleAccessor.newInstance(DirectConstructorHandleAccessor.java:62) ~[na:na]
	at java.base/java.lang.reflect.Constructor.newInstanceWithCaller(Constructor.java:502) ~[na:na]
	at java.base/java.lang.reflect.Constructor.newInstance(Constructor.java:486) ~[na:na]
	at com.mysql.cj.exceptions.ExceptionFactory.createException(ExceptionFactory.java:52) ~[mysql-connector-j-9.7.0.jar:9.7.0]
	at com.mysql.cj.exceptions.ExceptionFactory.createException(ExceptionFactory.java:95) ~[mysql-connector-j-9.7.0.jar:9.7.0]
	at com.mysql.cj.exceptions.ExceptionFactory.createException(ExceptionFactory.java:140) ~[mysql-connector-j-9.7.0.jar:9.7.0]
	at com.mysql.cj.exceptions.ExceptionFactory.createCommunicationsException(ExceptionFactory.java:156) ~[mysql-connector-j-9.7.0.jar:9.7.0]
	at com.mysql.cj.protocol.a.NativeSocketConnection.connect(NativeSocketConnection.java:79) ~[mysql-connector-j-9.7.0.jar:9.7.0]
	at com.mysql.cj.NativeSession.connect(NativeSession.java:142) ~[mysql-connector-j-9.7.0.jar:9.7.0]
	at com.mysql.cj.jdbc.ConnectionImpl.connectOneTryOnly(ConnectionImpl.java:964) ~[mysql-connector-j-9.7.0.jar:9.7.0]
	at com.mysql.cj.jdbc.ConnectionImpl.createNewIO(ConnectionImpl.java:828) ~[mysql-connector-j-9.7.0.jar:9.7.0]
	... 13 common frames omitted
Caused by: java.net.ConnectException: Connection refused: getsockopt
	at java.base/sun.nio.ch.Net.pollConnect(Native Method) ~[na:na]
	at java.base/sun.nio.ch.Net.pollConnectNow(Net.java:690) ~[na:na]
	at java.base/sun.nio.ch.NioSocketImpl.timedFinishConnect(NioSocketImpl.java:542) ~[na:na]
	at java.base/sun.nio.ch.NioSocketImpl.connect(NioSocketImpl.java:592) ~[na:na]
	at java.base/java.net.SocksSocketImpl.connect(SocksSocketImpl.java:327) ~[na:na]
	at java.base/java.net.Socket.connect(Socket.java:751) ~[na:na]
	at com.mysql.cj.protocol.StandardSocketFactory.connect(StandardSocketFactory.java:144) ~[mysql-connector-j-9.7.0.jar:9.7.0]
	at com.mysql.cj.protocol.a.NativeSocketConnection.connect(NativeSocketConnection.java:53) ~[mysql-connector-j-9.7.0.jar:9.7.0]
	... 16 common frames omitted

